{"/Users/stu-adrien/Documents/start-to-xxx/spm_dev/cli/test/inquirer-input-wrapper.js":{"path":"/Users/stu-adrien/Documents/start-to-xxx/spm_dev/cli/test/inquirer-input-wrapper.js","s":{"1":1,"2":1,"3":1,"4":1,"5":1,"6":1,"7":0,"8":1,"9":0,"10":0,"11":0,"12":1,"13":1,"14":1,"15":0,"16":0,"17":0,"18":0,"19":0,"20":0,"21":0,"22":0,"23":0,"24":0,"25":0,"26":0,"27":1,"28":0,"29":0,"30":0,"31":0,"32":0,"33":1,"34":0,"35":0,"36":1},"b":{"1":[0,0],"2":[0,0],"3":[0,0,0,0]},"f":{"1":0,"2":0},"fnMap":{"1":{"name":"(anonymous_1)","line":23,"loc":{"start":{"line":23,"column":11},"end":{"line":23,"column":26}}},"2":{"name":"(anonymous_2)","line":29,"loc":{"start":{"line":29,"column":19},"end":{"line":29,"column":31}}}},"statementMap":{"1":{"start":{"line":3,"column":0},"end":{"line":3,"column":49}},"2":{"start":{"line":4,"column":0},"end":{"line":4,"column":28}},"3":{"start":{"line":5,"column":0},"end":{"line":5,"column":26}},"4":{"start":{"line":6,"column":0},"end":{"line":6,"column":25}},"5":{"start":{"line":8,"column":0},"end":{"line":8,"column":13}},"6":{"start":{"line":10,"column":0},"end":{"line":27,"column":2}},"7":{"start":{"line":24,"column":6},"end":{"line":24,"column":25}},"8":{"start":{"line":29,"column":0},"end":{"line":33,"column":1}},"9":{"start":{"line":30,"column":2},"end":{"line":30,"column":16}},"10":{"start":{"line":31,"column":2},"end":{"line":31,"column":33}},"11":{"start":{"line":32,"column":2},"end":{"line":32,"column":37}},"12":{"start":{"line":35,"column":0},"end":{"line":35,"column":41}},"13":{"start":{"line":36,"column":0},"end":{"line":36,"column":38}},"14":{"start":{"line":40,"column":0},"end":{"line":60,"column":1}},"15":{"start":{"line":41,"column":2},"end":{"line":58,"column":3}},"16":{"start":{"line":42,"column":4},"end":{"line":57,"column":5}},"17":{"start":{"line":43,"column":6},"end":{"line":56,"column":7}},"18":{"start":{"line":45,"column":10},"end":{"line":45,"column":62}},"19":{"start":{"line":46,"column":10},"end":{"line":46,"column":15}},"20":{"start":{"line":48,"column":10},"end":{"line":48,"column":62}},"21":{"start":{"line":49,"column":10},"end":{"line":49,"column":15}},"22":{"start":{"line":51,"column":10},"end":{"line":51,"column":60}},"23":{"start":{"line":52,"column":10},"end":{"line":52,"column":15}},"24":{"start":{"line":54,"column":10},"end":{"line":54,"column":40}},"25":{"start":{"line":55,"column":10},"end":{"line":55,"column":15}},"26":{"start":{"line":59,"column":2},"end":{"line":59,"column":20}},"27":{"start":{"line":62,"column":0},"end":{"line":70,"column":1}},"28":{"start":{"line":63,"column":2},"end":{"line":68,"column":4}},"29":{"start":{"line":64,"column":4},"end":{"line":64,"column":7}},"30":{"start":{"line":65,"column":4},"end":{"line":67,"column":9}},"31":{"start":{"line":66,"column":6},"end":{"line":66,"column":28}},"32":{"start":{"line":69,"column":2},"end":{"line":69,"column":24}},"33":{"start":{"line":72,"column":0},"end":{"line":75,"column":1}},"34":{"start":{"line":73,"column":2},"end":{"line":73,"column":15}},"35":{"start":{"line":74,"column":2},"end":{"line":74,"column":32}},"36":{"start":{"line":77,"column":0},"end":{"line":77,"column":24}}},"branchMap":{"1":{"line":41,"type":"if","locations":[{"start":{"line":41,"column":2},"end":{"line":41,"column":2}},{"start":{"line":41,"column":2},"end":{"line":41,"column":2}}]},"2":{"line":41,"type":"binary-expr","locations":[{"start":{"line":41,"column":6},"end":{"line":41,"column":13}},{"start":{"line":41,"column":17},"end":{"line":41,"column":35}}]},"3":{"line":43,"type":"switch","locations":[{"start":{"line":44,"column":8},"end":{"line":46,"column":15}},{"start":{"line":47,"column":8},"end":{"line":49,"column":15}},{"start":{"line":50,"column":8},"end":{"line":52,"column":15}},{"start":{"line":53,"column":8},"end":{"line":55,"column":15}}]}}},"/Users/stu-adrien/Documents/start-to-xxx/spm_dev/cli/test/test-spawn.js":{"path":"/Users/stu-adrien/Documents/start-to-xxx/spm_dev/cli/test/test-spawn.js","s":{"1":1,"2":1,"3":1,"4":1,"5":0,"6":0,"7":1,"8":0,"9":1,"10":0,"11":0},"b":{"1":[0,0]},"f":{},"fnMap":{},"statementMap":{"1":{"start":{"line":1,"column":0},"end":{"line":1,"column":42}},"2":{"start":{"line":3,"column":0},"end":{"line":3,"column":43}},"3":{"start":{"line":5,"column":0},"end":{"line":5,"column":15}},"4":{"start":{"line":7,"column":0},"end":{"line":12,"column":2}},"5":{"start":{"line":9,"column":1},"end":{"line":11,"column":2}},"6":{"start":{"line":10,"column":3},"end":{"line":10,"column":25}},"7":{"start":{"line":14,"column":0},"end":{"line":16,"column":2}},"8":{"start":{"line":15,"column":2},"end":{"line":15,"column":32}},"9":{"start":{"line":18,"column":0},"end":{"line":23,"column":2}},"10":{"start":{"line":20,"column":1},"end":{"line":22,"column":2}},"11":{"start":{"line":21,"column":2},"end":{"line":21,"column":20}}},"branchMap":{"1":{"line":9,"type":"if","locations":[{"start":{"line":9,"column":1},"end":{"line":9,"column":1}},{"start":{"line":9,"column":1},"end":{"line":9,"column":1}}]}}},"/Users/stu-adrien/Documents/start-to-xxx/spm_dev/cli/test/test.js":{"path":"/Users/stu-adrien/Documents/start-to-xxx/spm_dev/cli/test/test.js","s":{"1":1,"2":1,"3":1,"4":1,"5":1,"6":1,"7":1,"8":1,"9":1,"10":1,"11":1,"12":0,"13":0,"14":0,"15":0,"16":0,"17":1,"18":1,"19":0,"20":0,"21":0,"22":0,"23":0,"24":0,"25":0,"26":0,"27":0,"28":1,"29":1,"30":1,"31":0,"32":1,"33":0,"34":1,"35":1,"36":0,"37":0,"38":0,"39":0,"40":0,"41":0,"42":0,"43":1,"44":0,"45":0,"46":0,"47":0,"48":0,"49":0,"50":0,"51":0,"52":1,"53":0,"54":0,"55":0,"56":0,"57":0,"58":0,"59":0,"60":1,"61":0,"62":0,"63":0,"64":0,"65":0,"66":0,"67":0,"68":0},"b":{"1":[0,0]},"f":{"1":1},"fnMap":{"1":{"name":"(anonymous_1)","line":58,"loc":{"start":{"line":58,"column":17},"end":{"line":58,"column":29}}}},"statementMap":{"1":{"start":{"line":1,"column":0},"end":{"line":1,"column":28}},"2":{"start":{"line":2,"column":0},"end":{"line":2,"column":28}},"3":{"start":{"line":3,"column":0},"end":{"line":3,"column":30}},"4":{"start":{"line":4,"column":0},"end":{"line":4,"column":35}},"5":{"start":{"line":5,"column":0},"end":{"line":5,"column":35}},"6":{"start":{"line":6,"column":0},"end":{"line":6,"column":27}},"7":{"start":{"line":7,"column":0},"end":{"line":7,"column":40}},"8":{"start":{"line":10,"column":0},"end":{"line":10,"column":49}},"9":{"start":{"line":11,"column":0},"end":{"line":11,"column":34}},"10":{"start":{"line":14,"column":0},"end":{"line":18,"column":1}},"11":{"start":{"line":21,"column":0},"end":{"line":26,"column":1}},"12":{"start":{"line":21,"column":25},"end":{"line":26,"column":1}},"13":{"start":{"line":22,"column":2},"end":{"line":22,"column":41}},"14":{"start":{"line":23,"column":2},"end":{"line":23,"column":35}},"15":{"start":{"line":24,"column":2},"end":{"line":24,"column":38}},"16":{"start":{"line":25,"column":2},"end":{"line":25,"column":18}},"17":{"start":{"line":29,"column":0},"end":{"line":42,"column":1}},"18":{"start":{"line":29,"column":26},"end":{"line":42,"column":1}},"19":{"start":{"line":30,"column":2},"end":{"line":30,"column":24}},"20":{"start":{"line":31,"column":2},"end":{"line":31,"column":25}},"21":{"start":{"line":32,"column":2},"end":{"line":35,"column":3}},"22":{"start":{"line":33,"column":4},"end":{"line":33,"column":67}},"23":{"start":{"line":34,"column":4},"end":{"line":34,"column":71}},"24":{"start":{"line":36,"column":2},"end":{"line":40,"column":3}},"25":{"start":{"line":37,"column":4},"end":{"line":39,"column":5}},"26":{"start":{"line":38,"column":6},"end":{"line":38,"column":109}},"27":{"start":{"line":41,"column":2},"end":{"line":41,"column":48}},"28":{"start":{"line":44,"column":0},"end":{"line":44,"column":128}},"29":{"start":{"line":47,"column":0},"end":{"line":47,"column":7}},"30":{"start":{"line":49,"column":0},"end":{"line":51,"column":2}},"31":{"start":{"line":50,"column":1},"end":{"line":50,"column":32}},"32":{"start":{"line":53,"column":0},"end":{"line":55,"column":2}},"33":{"start":{"line":54,"column":2},"end":{"line":54,"column":23}},"34":{"start":{"line":58,"column":0},"end":{"line":127,"column":2}},"35":{"start":{"line":59,"column":2},"end":{"line":71,"column":4}},"36":{"start":{"line":60,"column":4},"end":{"line":60,"column":37}},"37":{"start":{"line":61,"column":4},"end":{"line":69,"column":6}},"38":{"start":{"line":63,"column":6},"end":{"line":63,"column":37}},"39":{"start":{"line":64,"column":6},"end":{"line":64,"column":12}},"40":{"start":{"line":67,"column":6},"end":{"line":67,"column":73}},"41":{"start":{"line":68,"column":6},"end":{"line":68,"column":12}},"42":{"start":{"line":70,"column":4},"end":{"line":70,"column":55}},"43":{"start":{"line":72,"column":2},"end":{"line":85,"column":4}},"44":{"start":{"line":73,"column":4},"end":{"line":73,"column":37}},"45":{"start":{"line":74,"column":4},"end":{"line":83,"column":6}},"46":{"start":{"line":76,"column":6},"end":{"line":76,"column":88}},"47":{"start":{"line":77,"column":6},"end":{"line":77,"column":45}},"48":{"start":{"line":78,"column":6},"end":{"line":78,"column":12}},"49":{"start":{"line":81,"column":6},"end":{"line":81,"column":43}},"50":{"start":{"line":82,"column":6},"end":{"line":82,"column":12}},"51":{"start":{"line":84,"column":4},"end":{"line":84,"column":53}},"52":{"start":{"line":86,"column":2},"end":{"line":98,"column":4}},"53":{"start":{"line":87,"column":4},"end":{"line":87,"column":37}},"54":{"start":{"line":88,"column":4},"end":{"line":96,"column":6}},"55":{"start":{"line":90,"column":6},"end":{"line":90,"column":37}},"56":{"start":{"line":91,"column":6},"end":{"line":91,"column":12}},"57":{"start":{"line":94,"column":6},"end":{"line":94,"column":43}},"58":{"start":{"line":95,"column":6},"end":{"line":95,"column":12}},"59":{"start":{"line":97,"column":4},"end":{"line":97,"column":52}},"60":{"start":{"line":99,"column":2},"end":{"line":112,"column":4}},"61":{"start":{"line":100,"column":4},"end":{"line":100,"column":37}},"62":{"start":{"line":101,"column":4},"end":{"line":110,"column":6}},"63":{"start":{"line":103,"column":6},"end":{"line":103,"column":88}},"64":{"start":{"line":104,"column":6},"end":{"line":104,"column":55}},"65":{"start":{"line":105,"column":6},"end":{"line":105,"column":12}},"66":{"start":{"line":108,"column":6},"end":{"line":108,"column":43}},"67":{"start":{"line":109,"column":6},"end":{"line":109,"column":12}},"68":{"start":{"line":111,"column":4},"end":{"line":111,"column":51}}},"branchMap":{"1":{"line":38,"type":"cond-expr","locations":[{"start":{"line":38,"column":65},"end":{"line":38,"column":81}},{"start":{"line":38,"column":84},"end":{"line":38,"column":108}}]}}},"/Users/stu-adrien/Documents/start-to-xxx/spm_dev/cli/lib/const.js":{"path":"/Users/stu-adrien/Documents/start-to-xxx/spm_dev/cli/lib/const.js","s":{"1":1,"2":1,"3":1},"b":{"1":[1,0],"2":[0,1]},"f":{},"fnMap":{},"statementMap":{"1":{"start":{"line":1,"column":0},"end":{"line":1,"column":76}},"2":{"start":{"line":2,"column":0},"end":{"line":2,"column":90}},"3":{"start":{"line":4,"column":0},"end":{"line":42,"column":1}}},"branchMap":{"1":{"line":1,"type":"binary-expr","locations":[{"start":{"line":1,"column":17},"end":{"line":1,"column":45}},{"start":{"line":1,"column":49},"end":{"line":1,"column":76}}]},"2":{"line":2,"type":"cond-expr","locations":[{"start":{"line":2,"column":67},"end":{"line":2,"column":80}},{"start":{"line":2,"column":83},"end":{"line":2,"column":89}}]}}},"/Users/stu-adrien/Documents/start-to-xxx/spm_dev/cli/lib/index.js":{"path":"/Users/stu-adrien/Documents/start-to-xxx/spm_dev/cli/lib/index.js","s":{"1":1},"b":{},"f":{},"fnMap":{},"statementMap":{"1":{"start":{"line":1,"column":0},"end":{"line":13,"column":1}}},"branchMap":{}},"/Users/stu-adrien/Documents/start-to-xxx/spm_dev/cli/lib/init.js":{"path":"/Users/stu-adrien/Documents/start-to-xxx/spm_dev/cli/lib/init.js","s":{"1":1,"2":1,"3":1,"4":1,"5":1,"6":1,"7":1,"8":1,"9":1,"10":1,"11":1,"12":0,"13":0,"14":0,"15":0,"16":0,"17":0,"18":0,"19":0,"20":0,"21":0,"22":0,"23":0,"24":0,"25":0,"26":0,"27":0,"28":1,"29":0,"30":0,"31":0,"32":0,"33":0,"34":0,"35":0,"36":0,"37":0,"38":1,"39":0,"40":0,"41":0,"42":0,"43":0,"44":0,"45":0,"46":0,"47":0,"48":0,"49":0,"50":0,"51":0,"52":0,"53":1,"54":0,"55":0,"56":0,"57":0,"58":0,"59":0,"60":0,"61":0,"62":0,"63":0,"64":1,"65":0,"66":0,"67":0,"68":0,"69":1,"70":0,"71":0,"72":0,"73":0,"74":0,"75":0,"76":0,"77":0,"78":0,"79":0,"80":0,"81":0,"82":0,"83":0},"b":{"1":[0,0],"2":[0,0],"3":[0,0],"4":[0,0],"5":[0,0],"6":[0,0],"7":[0,0],"8":[0,0],"9":[0,0],"10":[0,0],"11":[0,0],"12":[0,0],"13":[0,0],"14":[0,0],"15":[0,0],"16":[0,0],"17":[0,0]},"f":{},"fnMap":{},"statementMap":{"1":{"start":{"line":1,"column":0},"end":{"line":1,"column":39}},"2":{"start":{"line":2,"column":0},"end":{"line":2,"column":28}},"3":{"start":{"line":3,"column":0},"end":{"line":3,"column":28}},"4":{"start":{"line":4,"column":0},"end":{"line":4,"column":30}},"5":{"start":{"line":5,"column":0},"end":{"line":5,"column":22}},"6":{"start":{"line":6,"column":0},"end":{"line":6,"column":32}},"7":{"start":{"line":7,"column":0},"end":{"line":7,"column":47}},"8":{"start":{"line":8,"column":0},"end":{"line":8,"column":30}},"9":{"start":{"line":9,"column":0},"end":{"line":9,"column":30}},"10":{"start":{"line":10,"column":0},"end":{"line":10,"column":40}},"11":{"start":{"line":13,"column":0},"end":{"line":124,"column":1}},"12":{"start":{"line":14,"column":2},"end":{"line":14,"column":24}},"13":{"start":{"line":14,"column":15},"end":{"line":14,"column":23}},"14":{"start":{"line":15,"column":2},"end":{"line":123,"column":4}},"15":{"start":{"line":16,"column":4},"end":{"line":16,"column":11}},"16":{"start":{"line":17,"column":4},"end":{"line":21,"column":5}},"17":{"start":{"line":22,"column":4},"end":{"line":114,"column":5}},"18":{"start":{"line":29,"column":10},"end":{"line":29,"column":120}},"19":{"start":{"line":38,"column":10},"end":{"line":38,"column":136}},"20":{"start":{"line":63,"column":10},"end":{"line":63,"column":29}},"21":{"start":{"line":75,"column":10},"end":{"line":75,"column":41}},"22":{"start":{"line":115,"column":4},"end":{"line":122,"column":74}},"23":{"start":{"line":117,"column":8},"end":{"line":117,"column":65}},"24":{"start":{"line":118,"column":8},"end":{"line":118,"column":89}},"25":{"start":{"line":119,"column":8},"end":{"line":119,"column":59}},"26":{"start":{"line":120,"column":8},"end":{"line":120,"column":34}},"27":{"start":{"line":122,"column":22},"end":{"line":122,"column":72}},"28":{"start":{"line":127,"column":0},"end":{"line":139,"column":1}},"29":{"start":{"line":128,"column":2},"end":{"line":128,"column":35}},"30":{"start":{"line":128,"column":26},"end":{"line":128,"column":34}},"31":{"start":{"line":129,"column":2},"end":{"line":138,"column":4}},"32":{"start":{"line":130,"column":4},"end":{"line":137,"column":5}},"33":{"start":{"line":131,"column":6},"end":{"line":133,"column":20}},"34":{"start":{"line":132,"column":20},"end":{"line":132,"column":99}},"35":{"start":{"line":132,"column":100},"end":{"line":132,"column":127}},"36":{"start":{"line":135,"column":6},"end":{"line":135,"column":146}},"37":{"start":{"line":136,"column":6},"end":{"line":136,"column":32}},"38":{"start":{"line":142,"column":0},"end":{"line":157,"column":1}},"39":{"start":{"line":143,"column":2},"end":{"line":143,"column":35}},"40":{"start":{"line":143,"column":26},"end":{"line":143,"column":34}},"41":{"start":{"line":144,"column":2},"end":{"line":156,"column":4}},"42":{"start":{"line":145,"column":4},"end":{"line":155,"column":5}},"43":{"start":{"line":146,"column":6},"end":{"line":146,"column":68}},"44":{"start":{"line":147,"column":6},"end":{"line":147,"column":155}},"45":{"start":{"line":147,"column":59},"end":{"line":147,"column":154}},"46":{"start":{"line":148,"column":6},"end":{"line":148,"column":62}},"47":{"start":{"line":148,"column":40},"end":{"line":148,"column":61}},"48":{"start":{"line":149,"column":6},"end":{"line":151,"column":20}},"49":{"start":{"line":150,"column":20},"end":{"line":150,"column":113}},"50":{"start":{"line":150,"column":114},"end":{"line":150,"column":141}},"51":{"start":{"line":153,"column":6},"end":{"line":153,"column":96}},"52":{"start":{"line":154,"column":6},"end":{"line":154,"column":32}},"53":{"start":{"line":160,"column":0},"end":{"line":172,"column":1}},"54":{"start":{"line":161,"column":2},"end":{"line":161,"column":35}},"55":{"start":{"line":161,"column":26},"end":{"line":161,"column":34}},"56":{"start":{"line":162,"column":2},"end":{"line":171,"column":4}},"57":{"start":{"line":163,"column":4},"end":{"line":170,"column":5}},"58":{"start":{"line":164,"column":6},"end":{"line":166,"column":20}},"59":{"start":{"line":165,"column":20},"end":{"line":165,"column":92}},"60":{"start":{"line":165,"column":93},"end":{"line":165,"column":120}},"61":{"start":{"line":168,"column":6},"end":{"line":168,"column":106}},"62":{"start":{"line":168,"column":35},"end":{"line":168,"column":105}},"63":{"start":{"line":169,"column":6},"end":{"line":169,"column":32}},"64":{"start":{"line":175,"column":0},"end":{"line":184,"column":1}},"65":{"start":{"line":176,"column":2},"end":{"line":176,"column":35}},"66":{"start":{"line":176,"column":26},"end":{"line":176,"column":34}},"67":{"start":{"line":177,"column":2},"end":{"line":183,"column":4}},"68":{"start":{"line":178,"column":4},"end":{"line":182,"column":18}},"69":{"start":{"line":187,"column":0},"end":{"line":217,"column":1}},"70":{"start":{"line":188,"column":2},"end":{"line":216,"column":4}},"71":{"start":{"line":189,"column":4},"end":{"line":215,"column":6}},"72":{"start":{"line":195,"column":6},"end":{"line":214,"column":20}},"73":{"start":{"line":196,"column":26},"end":{"line":196,"column":69}},"74":{"start":{"line":199,"column":8},"end":{"line":199,"column":58}},"75":{"start":{"line":200,"column":8},"end":{"line":200,"column":37}},"76":{"start":{"line":201,"column":8},"end":{"line":201,"column":36}},"77":{"start":{"line":202,"column":8},"end":{"line":202,"column":34}},"78":{"start":{"line":203,"column":8},"end":{"line":203,"column":33}},"79":{"start":{"line":204,"column":8},"end":{"line":204,"column":37}},"80":{"start":{"line":205,"column":8},"end":{"line":205,"column":112}},"81":{"start":{"line":208,"column":8},"end":{"line":211,"column":10}},"82":{"start":{"line":209,"column":10},"end":{"line":209,"column":78}},"83":{"start":{"line":210,"column":10},"end":{"line":210,"column":29}}},"branchMap":{"1":{"line":14,"type":"if","locations":[{"start":{"line":14,"column":2},"end":{"line":14,"column":2}},{"start":{"line":14,"column":2},"end":{"line":14,"column":2}}]},"2":{"line":29,"type":"cond-expr","locations":[{"start":{"line":29,"column":54},"end":{"line":29,"column":58}},{"start":{"line":29,"column":61},"end":{"line":29,"column":120}}]},"3":{"line":29,"type":"binary-expr","locations":[{"start":{"line":29,"column":18},"end":{"line":29,"column":30}},{"start":{"line":29,"column":34},"end":{"line":29,"column":50}}]},"4":{"line":38,"type":"cond-expr","locations":[{"start":{"line":38,"column":60},"end":{"line":38,"column":64}},{"start":{"line":38,"column":67},"end":{"line":38,"column":136}}]},"5":{"line":85,"type":"binary-expr","locations":[{"start":{"line":85,"column":17},"end":{"line":85,"column":56}},{"start":{"line":85,"column":60},"end":{"line":85,"column":71}}]},"6":{"line":128,"type":"if","locations":[{"start":{"line":128,"column":2},"end":{"line":128,"column":2}},{"start":{"line":128,"column":2},"end":{"line":128,"column":2}}]},"7":{"line":130,"type":"if","locations":[{"start":{"line":130,"column":4},"end":{"line":130,"column":4}},{"start":{"line":130,"column":4},"end":{"line":130,"column":4}}]},"8":{"line":143,"type":"if","locations":[{"start":{"line":143,"column":2},"end":{"line":143,"column":2}},{"start":{"line":143,"column":2},"end":{"line":143,"column":2}}]},"9":{"line":145,"type":"if","locations":[{"start":{"line":145,"column":4},"end":{"line":145,"column":4}},{"start":{"line":145,"column":4},"end":{"line":145,"column":4}}]},"10":{"line":146,"type":"cond-expr","locations":[{"start":{"line":146,"column":49},"end":{"line":146,"column":63}},{"start":{"line":146,"column":66},"end":{"line":146,"column":68}}]},"11":{"line":147,"type":"cond-expr","locations":[{"start":{"line":147,"column":111},"end":{"line":147,"column":117}},{"start":{"line":147,"column":120},"end":{"line":147,"column":126}}]},"12":{"line":148,"type":"if","locations":[{"start":{"line":148,"column":6},"end":{"line":148,"column":6}},{"start":{"line":148,"column":6},"end":{"line":148,"column":6}}]},"13":{"line":161,"type":"if","locations":[{"start":{"line":161,"column":2},"end":{"line":161,"column":2}},{"start":{"line":161,"column":2},"end":{"line":161,"column":2}}]},"14":{"line":163,"type":"if","locations":[{"start":{"line":163,"column":4},"end":{"line":163,"column":4}},{"start":{"line":163,"column":4},"end":{"line":163,"column":4}}]},"15":{"line":163,"type":"binary-expr","locations":[{"start":{"line":163,"column":8},"end":{"line":163,"column":29}},{"start":{"line":163,"column":33},"end":{"line":163,"column":63}}]},"16":{"line":168,"type":"if","locations":[{"start":{"line":168,"column":6},"end":{"line":168,"column":6}},{"start":{"line":168,"column":6},"end":{"line":168,"column":6}}]},"17":{"line":176,"type":"if","locations":[{"start":{"line":176,"column":2},"end":{"line":176,"column":2}},{"start":{"line":176,"column":2},"end":{"line":176,"column":2}}]}}},"/Users/stu-adrien/Documents/start-to-xxx/spm_dev/cli/lib/common.js":{"path":"/Users/stu-adrien/Documents/start-to-xxx/spm_dev/cli/lib/common.js","s":{"1":1,"2":1,"3":1,"4":1,"5":1,"6":1,"7":1,"8":1,"9":1,"10":1,"11":0,"12":1,"13":0,"14":0,"15":0,"16":0,"17":0,"18":0,"19":0,"20":1,"21":0,"22":0,"23":0,"24":1,"25":0,"26":0,"27":0,"28":0,"29":0,"30":1,"31":0,"32":0,"33":0,"34":0,"35":0,"36":0,"37":0,"38":0,"39":0,"40":0,"41":0,"42":1,"43":0,"44":0,"45":0,"46":0,"47":0,"48":0,"49":0,"50":0,"51":0,"52":1,"53":0,"54":0,"55":0,"56":0,"57":0,"58":0,"59":0,"60":0,"61":0,"62":0,"63":1,"64":0,"65":0,"66":0,"67":0,"68":0,"69":0,"70":0,"71":0,"72":0,"73":0,"74":0,"75":0,"76":0,"77":1,"78":0,"79":0,"80":0,"81":0,"82":0,"83":0,"84":0,"85":0,"86":0,"87":1,"88":0,"89":0,"90":0,"91":0,"92":0,"93":0,"94":1,"95":0,"96":0,"97":0,"98":0,"99":0,"100":1,"101":0,"102":1,"103":0,"104":0,"105":0,"106":0,"107":0,"108":0,"109":0,"110":0,"111":0,"112":0,"113":1,"114":0,"115":0,"116":0,"117":1,"118":0,"119":0,"120":0,"121":0,"122":0,"123":0,"124":0,"125":0,"126":0,"127":1,"128":0,"129":0,"130":0,"131":1,"132":0,"133":0,"134":0,"135":0,"136":0,"137":0,"138":0,"139":0,"140":0,"141":0,"142":0,"143":0,"144":0,"145":0,"146":0,"147":0,"148":0,"149":0,"150":0,"151":0,"152":0,"153":0,"154":0,"155":0,"156":0,"157":0,"158":0,"159":0,"160":0,"161":0,"162":0,"163":1,"164":0,"165":0,"166":0,"167":0,"168":0,"169":0,"170":0,"171":0,"172":0,"173":0,"174":0,"175":1,"176":0,"177":1,"178":0,"179":0,"180":0,"181":0,"182":0,"183":0,"184":1,"185":0,"186":0,"187":0,"188":0,"189":0,"190":0,"191":1,"192":0,"193":0,"194":0,"195":0,"196":0,"197":0,"198":0,"199":0,"200":0,"201":0,"202":0,"203":0,"204":0,"205":0,"206":0,"207":0,"208":0,"209":0,"210":0,"211":0,"212":0,"213":0,"214":0,"215":0,"216":0,"217":0,"218":0,"219":1,"220":0,"221":0,"222":0,"223":0,"224":0,"225":0,"226":0,"227":1,"228":0,"229":0,"230":0,"231":0,"232":0,"233":0,"234":0,"235":0,"236":0,"237":1,"238":0,"239":0,"240":0,"241":0,"242":0,"243":0,"244":0,"245":0,"246":0,"247":0,"248":1,"249":0,"250":0,"251":0,"252":0,"253":0,"254":0,"255":0,"256":0,"257":0,"258":0,"259":0,"260":0,"261":0,"262":0,"263":0,"264":0,"265":0,"266":0,"267":0,"268":1,"269":0,"270":0,"271":0,"272":0,"273":0,"274":0,"275":0,"276":0,"277":0,"278":0,"279":0,"280":0,"281":0,"282":0,"283":0,"284":0,"285":0,"286":0,"287":0,"288":0,"289":0,"290":0,"291":0,"292":0,"293":0,"294":0,"295":0,"296":0,"297":0,"298":0,"299":1,"300":0,"301":0,"302":0,"303":0,"304":0,"305":0,"306":0,"307":0,"308":0,"309":0,"310":0,"311":0,"312":0,"313":0,"314":0,"315":0,"316":0,"317":0,"318":0,"319":0,"320":0,"321":0,"322":0,"323":1,"324":0,"325":0,"326":0,"327":0,"328":0,"329":0,"330":0,"331":0,"332":0,"333":0,"334":0,"335":1,"336":0,"337":0,"338":0,"339":0,"340":0,"341":0,"342":0,"343":0,"344":0,"345":0,"346":0,"347":0,"348":1,"349":0,"350":0,"351":0,"352":0,"353":0,"354":0,"355":0,"356":0,"357":0,"358":0,"359":0,"360":0,"361":0,"362":0,"363":0,"364":0,"365":0,"366":0,"367":1,"368":0,"369":0,"370":0,"371":0,"372":0,"373":0,"374":0,"375":0,"376":0,"377":0,"378":1,"379":0,"380":0,"381":0,"382":0,"383":0,"384":0,"385":0,"386":1},"b":{"1":[0,0],"2":[0,0],"3":[0,0],"4":[0,0],"5":[0,0],"6":[0,0],"7":[0,0],"8":[0,0],"9":[0,0],"10":[0,0],"11":[0,0],"12":[0,0,0],"13":[0,0,0,0],"14":[0,0],"15":[0,0],"16":[0,0],"17":[0,0],"18":[0,0],"19":[0,0],"20":[0,0],"21":[0,0],"22":[0,0],"23":[0,0],"24":[0,0],"25":[0,0],"26":[0,0],"27":[0,0],"28":[0,0],"29":[0,0],"30":[0,0],"31":[0,0],"32":[0,0],"33":[0,0],"34":[0,0],"35":[0,0],"36":[0,0],"37":[0,0],"38":[0,0],"39":[0,0],"40":[0,0],"41":[0,0],"42":[0,0],"43":[0,0],"44":[0,0],"45":[0,0,0],"46":[0,0],"47":[0,0],"48":[0,0],"49":[0,0],"50":[0,0],"51":[0,0],"52":[0,0],"53":[0,0],"54":[0,0],"55":[0,0],"56":[0,0],"57":[0,0],"58":[0,0],"59":[0,0,0,0],"60":[0,0],"61":[0,0,0],"62":[0,0],"63":[0,0],"64":[0,0],"65":[0,0],"66":[0,0],"67":[0,0],"68":[0,0],"69":[0,0],"70":[0,0],"71":[0,0],"72":[0,0],"73":[0,0],"74":[0,0],"75":[0,0],"76":[0,0],"77":[0,0],"78":[0,0],"79":[0,0],"80":[0,0],"81":[0,0],"82":[0,0],"83":[0,0],"84":[0,0],"85":[0,0],"86":[0,0],"87":[0,0],"88":[0,0],"89":[0,0],"90":[0,0],"91":[0,0],"92":[0,0],"93":[0,0],"94":[0,0],"95":[0,0],"96":[0,0],"97":[0,0],"98":[0,0]},"f":{"1":0},"fnMap":{"1":{"name":"(anonymous_1)","line":510,"loc":{"start":{"line":510,"column":7},"end":{"line":510,"column":30}}}},"statementMap":{"1":{"start":{"line":1,"column":0},"end":{"line":1,"column":39}},"2":{"start":{"line":2,"column":0},"end":{"line":2,"column":28}},"3":{"start":{"line":3,"column":0},"end":{"line":3,"column":22}},"4":{"start":{"line":4,"column":0},"end":{"line":4,"column":26}},"5":{"start":{"line":5,"column":0},"end":{"line":5,"column":24}},"6":{"start":{"line":6,"column":0},"end":{"line":6,"column":32}},"7":{"start":{"line":7,"column":0},"end":{"line":7,"column":30}},"8":{"start":{"line":8,"column":0},"end":{"line":8,"column":31}},"9":{"start":{"line":9,"column":0},"end":{"line":9,"column":44}},"10":{"start":{"line":12,"column":0},"end":{"line":14,"column":1}},"11":{"start":{"line":13,"column":2},"end":{"line":13,"column":22}},"12":{"start":{"line":17,"column":0},"end":{"line":24,"column":1}},"13":{"start":{"line":18,"column":2},"end":{"line":23,"column":4}},"14":{"start":{"line":19,"column":4},"end":{"line":22,"column":6}},"15":{"start":{"line":20,"column":6},"end":{"line":20,"column":101}},"16":{"start":{"line":20,"column":42},"end":{"line":20,"column":61}},"17":{"start":{"line":20,"column":68},"end":{"line":20,"column":101}},"18":{"start":{"line":20,"column":79},"end":{"line":20,"column":100}},"19":{"start":{"line":21,"column":6},"end":{"line":21,"column":38}},"20":{"start":{"line":27,"column":0},"end":{"line":31,"column":1}},"21":{"start":{"line":28,"column":2},"end":{"line":30,"column":24}},"22":{"start":{"line":29,"column":4},"end":{"line":29,"column":48}},"23":{"start":{"line":30,"column":11},"end":{"line":30,"column":23}},"24":{"start":{"line":34,"column":0},"end":{"line":41,"column":1}},"25":{"start":{"line":35,"column":2},"end":{"line":40,"column":4}},"26":{"start":{"line":36,"column":4},"end":{"line":39,"column":6}},"27":{"start":{"line":37,"column":6},"end":{"line":37,"column":37}},"28":{"start":{"line":37,"column":17},"end":{"line":37,"column":36}},"29":{"start":{"line":38,"column":6},"end":{"line":38,"column":28}},"30":{"start":{"line":44,"column":0},"end":{"line":67,"column":1}},"31":{"start":{"line":45,"column":2},"end":{"line":66,"column":4}},"32":{"start":{"line":46,"column":4},"end":{"line":46,"column":66}},"33":{"start":{"line":47,"column":4},"end":{"line":47,"column":82}},"34":{"start":{"line":47,"column":39},"end":{"line":47,"column":81}},"35":{"start":{"line":48,"column":4},"end":{"line":65,"column":6}},"36":{"start":{"line":49,"column":6},"end":{"line":49,"column":62}},"37":{"start":{"line":49,"column":42},"end":{"line":49,"column":61}},"38":{"start":{"line":50,"column":6},"end":{"line":64,"column":7}},"39":{"start":{"line":52,"column":8},"end":{"line":52,"column":93}},"40":{"start":{"line":52,"column":37},"end":{"line":52,"column":92}},"41":{"start":{"line":62,"column":10},"end":{"line":62,"column":75}},"42":{"start":{"line":70,"column":0},"end":{"line":77,"column":1}},"43":{"start":{"line":71,"column":2},"end":{"line":71,"column":41}},"44":{"start":{"line":71,"column":29},"end":{"line":71,"column":40}},"45":{"start":{"line":72,"column":2},"end":{"line":72,"column":11}},"46":{"start":{"line":73,"column":2},"end":{"line":73,"column":24}},"47":{"start":{"line":74,"column":2},"end":{"line":74,"column":70}},"48":{"start":{"line":74,"column":65},"end":{"line":74,"column":69}},"49":{"start":{"line":75,"column":2},"end":{"line":75,"column":88}},"50":{"start":{"line":75,"column":83},"end":{"line":75,"column":87}},"51":{"start":{"line":76,"column":2},"end":{"line":76,"column":32}},"52":{"start":{"line":80,"column":0},"end":{"line":95,"column":1}},"53":{"start":{"line":81,"column":2},"end":{"line":93,"column":3}},"54":{"start":{"line":82,"column":4},"end":{"line":82,"column":13}},"55":{"start":{"line":83,"column":4},"end":{"line":85,"column":5}},"56":{"start":{"line":84,"column":6},"end":{"line":84,"column":9}},"57":{"start":{"line":86,"column":4},"end":{"line":86,"column":26}},"58":{"start":{"line":87,"column":4},"end":{"line":89,"column":5}},"59":{"start":{"line":88,"column":6},"end":{"line":88,"column":9}},"60":{"start":{"line":90,"column":4},"end":{"line":92,"column":5}},"61":{"start":{"line":91,"column":6},"end":{"line":91,"column":36}},"62":{"start":{"line":94,"column":2},"end":{"line":94,"column":12}},"63":{"start":{"line":98,"column":0},"end":{"line":117,"column":1}},"64":{"start":{"line":99,"column":2},"end":{"line":115,"column":3}},"65":{"start":{"line":100,"column":4},"end":{"line":102,"column":5}},"66":{"start":{"line":101,"column":6},"end":{"line":101,"column":22}},"67":{"start":{"line":103,"column":4},"end":{"line":103,"column":15}},"68":{"start":{"line":104,"column":4},"end":{"line":113,"column":5}},"69":{"start":{"line":105,"column":6},"end":{"line":112,"column":7}},"70":{"start":{"line":106,"column":8},"end":{"line":106,"column":13}},"71":{"start":{"line":107,"column":8},"end":{"line":109,"column":9}},"72":{"start":{"line":108,"column":10},"end":{"line":108,"column":25}},"73":{"start":{"line":110,"column":13},"end":{"line":112,"column":7}},"74":{"start":{"line":111,"column":8},"end":{"line":111,"column":23}},"75":{"start":{"line":114,"column":4},"end":{"line":114,"column":19}},"76":{"start":{"line":116,"column":2},"end":{"line":116,"column":18}},"77":{"start":{"line":120,"column":0},"end":{"line":136,"column":1}},"78":{"start":{"line":121,"column":2},"end":{"line":135,"column":3}},"79":{"start":{"line":122,"column":4},"end":{"line":132,"column":6}},"80":{"start":{"line":123,"column":6},"end":{"line":131,"column":7}},"81":{"start":{"line":124,"column":8},"end":{"line":128,"column":10}},"82":{"start":{"line":125,"column":10},"end":{"line":127,"column":11}},"83":{"start":{"line":125,"column":21},"end":{"line":125,"column":33}},"84":{"start":{"line":126,"column":12},"end":{"line":126,"column":27}},"85":{"start":{"line":130,"column":8},"end":{"line":130,"column":23}},"86":{"start":{"line":134,"column":4},"end":{"line":134,"column":15}},"87":{"start":{"line":139,"column":0},"end":{"line":155,"column":1}},"88":{"start":{"line":140,"column":2},"end":{"line":154,"column":4}},"89":{"start":{"line":141,"column":4},"end":{"line":153,"column":6}},"90":{"start":{"line":148,"column":6},"end":{"line":151,"column":7}},"91":{"start":{"line":149,"column":8},"end":{"line":149,"column":68}},"92":{"start":{"line":150,"column":8},"end":{"line":150,"column":22}},"93":{"start":{"line":152,"column":6},"end":{"line":152,"column":18}},"94":{"start":{"line":158,"column":0},"end":{"line":165,"column":1}},"95":{"start":{"line":159,"column":2},"end":{"line":164,"column":4}},"96":{"start":{"line":160,"column":4},"end":{"line":163,"column":6}},"97":{"start":{"line":161,"column":6},"end":{"line":161,"column":62}},"98":{"start":{"line":161,"column":42},"end":{"line":161,"column":61}},"99":{"start":{"line":162,"column":6},"end":{"line":162,"column":48}},"100":{"start":{"line":168,"column":0},"end":{"line":170,"column":1}},"101":{"start":{"line":169,"column":2},"end":{"line":169,"column":37}},"102":{"start":{"line":173,"column":0},"end":{"line":188,"column":1}},"103":{"start":{"line":174,"column":2},"end":{"line":187,"column":30}},"104":{"start":{"line":175,"column":4},"end":{"line":182,"column":5}},"105":{"start":{"line":176,"column":6},"end":{"line":176,"column":41}},"106":{"start":{"line":177,"column":6},"end":{"line":181,"column":7}},"107":{"start":{"line":178,"column":8},"end":{"line":178,"column":59}},"108":{"start":{"line":180,"column":8},"end":{"line":180,"column":34}},"109":{"start":{"line":183,"column":4},"end":{"line":183,"column":22}},"110":{"start":{"line":184,"column":4},"end":{"line":186,"column":5}},"111":{"start":{"line":185,"column":6},"end":{"line":185,"column":23}},"112":{"start":{"line":187,"column":11},"end":{"line":187,"column":29}},"113":{"start":{"line":191,"column":0},"end":{"line":197,"column":1}},"114":{"start":{"line":192,"column":2},"end":{"line":196,"column":4}},"115":{"start":{"line":193,"column":4},"end":{"line":195,"column":6}},"116":{"start":{"line":194,"column":6},"end":{"line":194,"column":26}},"117":{"start":{"line":200,"column":0},"end":{"line":216,"column":1}},"118":{"start":{"line":201,"column":2},"end":{"line":215,"column":3}},"119":{"start":{"line":202,"column":4},"end":{"line":209,"column":5}},"120":{"start":{"line":203,"column":6},"end":{"line":203,"column":41}},"121":{"start":{"line":204,"column":6},"end":{"line":208,"column":7}},"122":{"start":{"line":205,"column":8},"end":{"line":205,"column":66}},"123":{"start":{"line":207,"column":8},"end":{"line":207,"column":34}},"124":{"start":{"line":210,"column":4},"end":{"line":214,"column":5}},"125":{"start":{"line":211,"column":6},"end":{"line":211,"column":23}},"126":{"start":{"line":213,"column":6},"end":{"line":213,"column":24}},"127":{"start":{"line":219,"column":0},"end":{"line":225,"column":1}},"128":{"start":{"line":220,"column":2},"end":{"line":224,"column":3}},"129":{"start":{"line":221,"column":4},"end":{"line":221,"column":73}},"130":{"start":{"line":223,"column":4},"end":{"line":223,"column":16}},"131":{"start":{"line":228,"column":0},"end":{"line":264,"column":1}},"132":{"start":{"line":229,"column":2},"end":{"line":229,"column":40}},"133":{"start":{"line":229,"column":26},"end":{"line":229,"column":39}},"134":{"start":{"line":230,"column":2},"end":{"line":230,"column":29}},"135":{"start":{"line":231,"column":2},"end":{"line":231,"column":29}},"136":{"start":{"line":232,"column":2},"end":{"line":249,"column":3}},"137":{"start":{"line":233,"column":4},"end":{"line":240,"column":5}},"138":{"start":{"line":234,"column":6},"end":{"line":239,"column":7}},"139":{"start":{"line":235,"column":8},"end":{"line":235,"column":25}},"140":{"start":{"line":236,"column":8},"end":{"line":236,"column":11}},"141":{"start":{"line":237,"column":13},"end":{"line":239,"column":7}},"142":{"start":{"line":238,"column":8},"end":{"line":238,"column":29}},"143":{"start":{"line":241,"column":4},"end":{"line":248,"column":5}},"144":{"start":{"line":242,"column":6},"end":{"line":247,"column":7}},"145":{"start":{"line":243,"column":8},"end":{"line":243,"column":25}},"146":{"start":{"line":244,"column":8},"end":{"line":244,"column":11}},"147":{"start":{"line":245,"column":13},"end":{"line":247,"column":7}},"148":{"start":{"line":246,"column":8},"end":{"line":246,"column":29}},"149":{"start":{"line":250,"column":2},"end":{"line":250,"column":11}},"150":{"start":{"line":251,"column":2},"end":{"line":251,"column":75}},"151":{"start":{"line":251,"column":70},"end":{"line":251,"column":74}},"152":{"start":{"line":252,"column":2},"end":{"line":252,"column":11}},"153":{"start":{"line":253,"column":2},"end":{"line":253,"column":14}},"154":{"start":{"line":254,"column":2},"end":{"line":257,"column":3}},"155":{"start":{"line":255,"column":4},"end":{"line":255,"column":21}},"156":{"start":{"line":256,"column":4},"end":{"line":256,"column":7}},"157":{"start":{"line":258,"column":2},"end":{"line":261,"column":3}},"158":{"start":{"line":259,"column":4},"end":{"line":259,"column":29}},"159":{"start":{"line":260,"column":4},"end":{"line":260,"column":7}},"160":{"start":{"line":262,"column":2},"end":{"line":262,"column":54}},"161":{"start":{"line":262,"column":30},"end":{"line":262,"column":53}},"162":{"start":{"line":263,"column":2},"end":{"line":263,"column":12}},"163":{"start":{"line":267,"column":0},"end":{"line":280,"column":1}},"164":{"start":{"line":268,"column":2},"end":{"line":268,"column":31}},"165":{"start":{"line":269,"column":2},"end":{"line":276,"column":3}},"166":{"start":{"line":270,"column":4},"end":{"line":275,"column":5}},"167":{"start":{"line":271,"column":6},"end":{"line":271,"column":22}},"168":{"start":{"line":272,"column":6},"end":{"line":272,"column":9}},"169":{"start":{"line":273,"column":11},"end":{"line":275,"column":5}},"170":{"start":{"line":274,"column":6},"end":{"line":274,"column":26}},"171":{"start":{"line":277,"column":2},"end":{"line":277,"column":25}},"172":{"start":{"line":278,"column":2},"end":{"line":278,"column":54}},"173":{"start":{"line":278,"column":30},"end":{"line":278,"column":53}},"174":{"start":{"line":279,"column":2},"end":{"line":279,"column":12}},"175":{"start":{"line":283,"column":0},"end":{"line":285,"column":1}},"176":{"start":{"line":284,"column":2},"end":{"line":284,"column":46}},"177":{"start":{"line":288,"column":0},"end":{"line":298,"column":1}},"178":{"start":{"line":289,"column":2},"end":{"line":297,"column":3}},"179":{"start":{"line":290,"column":4},"end":{"line":290,"column":39}},"180":{"start":{"line":291,"column":4},"end":{"line":293,"column":5}},"181":{"start":{"line":292,"column":6},"end":{"line":292,"column":43}},"182":{"start":{"line":294,"column":4},"end":{"line":294,"column":14}},"183":{"start":{"line":296,"column":4},"end":{"line":296,"column":15}},"184":{"start":{"line":301,"column":0},"end":{"line":312,"column":1}},"185":{"start":{"line":302,"column":2},"end":{"line":302,"column":33}},"186":{"start":{"line":303,"column":2},"end":{"line":303,"column":14}},"187":{"start":{"line":304,"column":2},"end":{"line":310,"column":3}},"188":{"start":{"line":307,"column":4},"end":{"line":309,"column":5}},"189":{"start":{"line":308,"column":6},"end":{"line":308,"column":54}},"190":{"start":{"line":311,"column":2},"end":{"line":311,"column":41}},"191":{"start":{"line":315,"column":0},"end":{"line":350,"column":1}},"192":{"start":{"line":316,"column":2},"end":{"line":349,"column":4}},"193":{"start":{"line":317,"column":4},"end":{"line":317,"column":22}},"194":{"start":{"line":318,"column":4},"end":{"line":318,"column":27}},"195":{"start":{"line":319,"column":4},"end":{"line":348,"column":6}},"196":{"start":{"line":320,"column":6},"end":{"line":347,"column":7}},"197":{"start":{"line":320,"column":17},"end":{"line":320,"column":36}},"198":{"start":{"line":321,"column":8},"end":{"line":321,"column":75}},"199":{"start":{"line":322,"column":8},"end":{"line":322,"column":106}},"200":{"start":{"line":322,"column":21},"end":{"line":322,"column":105}},"201":{"start":{"line":323,"column":8},"end":{"line":323,"column":32}},"202":{"start":{"line":324,"column":8},"end":{"line":324,"column":36}},"203":{"start":{"line":325,"column":8},"end":{"line":325,"column":55}},"204":{"start":{"line":326,"column":8},"end":{"line":336,"column":9}},"205":{"start":{"line":327,"column":10},"end":{"line":329,"column":11}},"206":{"start":{"line":328,"column":12},"end":{"line":328,"column":79}},"207":{"start":{"line":330,"column":10},"end":{"line":333,"column":11}},"208":{"start":{"line":334,"column":10},"end":{"line":334,"column":61}},"209":{"start":{"line":335,"column":10},"end":{"line":335,"column":33}},"210":{"start":{"line":337,"column":8},"end":{"line":340,"column":9}},"211":{"start":{"line":338,"column":10},"end":{"line":338,"column":128}},"212":{"start":{"line":338,"column":44},"end":{"line":338,"column":127}},"213":{"start":{"line":339,"column":10},"end":{"line":339,"column":54}},"214":{"start":{"line":341,"column":8},"end":{"line":341,"column":20}},"215":{"start":{"line":342,"column":8},"end":{"line":344,"column":9}},"216":{"start":{"line":343,"column":10},"end":{"line":343,"column":38}},"217":{"start":{"line":345,"column":8},"end":{"line":345,"column":26}},"218":{"start":{"line":346,"column":8},"end":{"line":346,"column":27}},"219":{"start":{"line":353,"column":0},"end":{"line":364,"column":1}},"220":{"start":{"line":354,"column":2},"end":{"line":363,"column":4}},"221":{"start":{"line":355,"column":4},"end":{"line":362,"column":18}},"222":{"start":{"line":357,"column":6},"end":{"line":357,"column":111}},"223":{"start":{"line":358,"column":6},"end":{"line":360,"column":8}},"224":{"start":{"line":359,"column":8},"end":{"line":359,"column":69}},"225":{"start":{"line":359,"column":19},"end":{"line":359,"column":38}},"226":{"start":{"line":359,"column":47},"end":{"line":359,"column":68}},"227":{"start":{"line":367,"column":0},"end":{"line":377,"column":1}},"228":{"start":{"line":368,"column":2},"end":{"line":368,"column":38}},"229":{"start":{"line":369,"column":2},"end":{"line":375,"column":3}},"230":{"start":{"line":370,"column":4},"end":{"line":373,"column":5}},"231":{"start":{"line":371,"column":6},"end":{"line":371,"column":41}},"232":{"start":{"line":372,"column":6},"end":{"line":372,"column":119}},"233":{"start":{"line":372,"column":102},"end":{"line":372,"column":118}},"234":{"start":{"line":374,"column":4},"end":{"line":374,"column":129}},"235":{"start":{"line":374,"column":66},"end":{"line":374,"column":128}},"236":{"start":{"line":376,"column":2},"end":{"line":376,"column":13}},"237":{"start":{"line":380,"column":0},"end":{"line":396,"column":1}},"238":{"start":{"line":381,"column":2},"end":{"line":381,"column":24}},"239":{"start":{"line":382,"column":2},"end":{"line":382,"column":10}},"240":{"start":{"line":383,"column":2},"end":{"line":383,"column":20}},"241":{"start":{"line":384,"column":2},"end":{"line":384,"column":16}},"242":{"start":{"line":385,"column":2},"end":{"line":394,"column":3}},"243":{"start":{"line":386,"column":4},"end":{"line":392,"column":5}},"244":{"start":{"line":387,"column":6},"end":{"line":391,"column":7}},"245":{"start":{"line":388,"column":8},"end":{"line":388,"column":38}},"246":{"start":{"line":393,"column":4},"end":{"line":393,"column":22}},"247":{"start":{"line":395,"column":2},"end":{"line":395,"column":22}},"248":{"start":{"line":399,"column":0},"end":{"line":419,"column":1}},"249":{"start":{"line":400,"column":2},"end":{"line":400,"column":41}},"250":{"start":{"line":400,"column":29},"end":{"line":400,"column":40}},"251":{"start":{"line":401,"column":2},"end":{"line":401,"column":20}},"252":{"start":{"line":402,"column":2},"end":{"line":402,"column":10}},"253":{"start":{"line":403,"column":2},"end":{"line":408,"column":3}},"254":{"start":{"line":404,"column":4},"end":{"line":404,"column":32}},"255":{"start":{"line":405,"column":4},"end":{"line":405,"column":29}},"256":{"start":{"line":405,"column":17},"end":{"line":405,"column":28}},"257":{"start":{"line":406,"column":4},"end":{"line":406,"column":57}},"258":{"start":{"line":407,"column":4},"end":{"line":407,"column":22}},"259":{"start":{"line":409,"column":2},"end":{"line":409,"column":7}},"260":{"start":{"line":410,"column":2},"end":{"line":417,"column":3}},"261":{"start":{"line":411,"column":4},"end":{"line":415,"column":5}},"262":{"start":{"line":412,"column":6},"end":{"line":412,"column":11}},"263":{"start":{"line":413,"column":6},"end":{"line":413,"column":61}},"264":{"start":{"line":413,"column":56},"end":{"line":413,"column":60}},"265":{"start":{"line":414,"column":6},"end":{"line":414,"column":60}},"266":{"start":{"line":416,"column":4},"end":{"line":416,"column":7}},"267":{"start":{"line":418,"column":2},"end":{"line":418,"column":31}},"268":{"start":{"line":422,"column":0},"end":{"line":465,"column":1}},"269":{"start":{"line":423,"column":2},"end":{"line":464,"column":4}},"270":{"start":{"line":424,"column":4},"end":{"line":463,"column":6}},"271":{"start":{"line":425,"column":6},"end":{"line":425,"column":77}},"272":{"start":{"line":425,"column":17},"end":{"line":425,"column":76}},"273":{"start":{"line":426,"column":6},"end":{"line":426,"column":24}},"274":{"start":{"line":427,"column":6},"end":{"line":427,"column":11}},"275":{"start":{"line":428,"column":6},"end":{"line":428,"column":55}},"276":{"start":{"line":429,"column":6},"end":{"line":436,"column":7}},"277":{"start":{"line":430,"column":8},"end":{"line":430,"column":41}},"278":{"start":{"line":431,"column":8},"end":{"line":435,"column":9}},"279":{"start":{"line":433,"column":10},"end":{"line":433,"column":21}},"280":{"start":{"line":434,"column":10},"end":{"line":434,"column":15}},"281":{"start":{"line":437,"column":6},"end":{"line":439,"column":7}},"282":{"start":{"line":438,"column":8},"end":{"line":438,"column":17}},"283":{"start":{"line":440,"column":6},"end":{"line":440,"column":41}},"284":{"start":{"line":441,"column":6},"end":{"line":441,"column":74}},"285":{"start":{"line":442,"column":6},"end":{"line":459,"column":7}},"286":{"start":{"line":443,"column":8},"end":{"line":443,"column":28}},"287":{"start":{"line":444,"column":8},"end":{"line":451,"column":9}},"288":{"start":{"line":445,"column":10},"end":{"line":450,"column":11}},"289":{"start":{"line":446,"column":12},"end":{"line":446,"column":53}},"290":{"start":{"line":447,"column":12},"end":{"line":447,"column":127}},"291":{"start":{"line":448,"column":12},"end":{"line":448,"column":29}},"292":{"start":{"line":449,"column":12},"end":{"line":449,"column":17}},"293":{"start":{"line":452,"column":8},"end":{"line":458,"column":9}},"294":{"start":{"line":453,"column":10},"end":{"line":457,"column":11}},"295":{"start":{"line":454,"column":12},"end":{"line":454,"column":90}},"296":{"start":{"line":456,"column":12},"end":{"line":456,"column":152}},"297":{"start":{"line":460,"column":6},"end":{"line":462,"column":20}},"298":{"start":{"line":461,"column":20},"end":{"line":461,"column":84}},"299":{"start":{"line":468,"column":0},"end":{"line":502,"column":1}},"300":{"start":{"line":469,"column":2},"end":{"line":501,"column":4}},"301":{"start":{"line":470,"column":4},"end":{"line":470,"column":21}},"302":{"start":{"line":471,"column":4},"end":{"line":479,"column":5}},"303":{"start":{"line":472,"column":6},"end":{"line":478,"column":81}},"304":{"start":{"line":473,"column":8},"end":{"line":477,"column":9}},"305":{"start":{"line":474,"column":10},"end":{"line":474,"column":53}},"306":{"start":{"line":476,"column":10},"end":{"line":476,"column":63}},"307":{"start":{"line":478,"column":15},"end":{"line":478,"column":80}},"308":{"start":{"line":480,"column":4},"end":{"line":500,"column":18}},"309":{"start":{"line":482,"column":6},"end":{"line":482,"column":68}},"310":{"start":{"line":482,"column":24},"end":{"line":482,"column":67}},"311":{"start":{"line":483,"column":6},"end":{"line":483,"column":28}},"312":{"start":{"line":484,"column":6},"end":{"line":486,"column":7}},"313":{"start":{"line":485,"column":8},"end":{"line":485,"column":78}},"314":{"start":{"line":487,"column":6},"end":{"line":497,"column":7}},"315":{"start":{"line":488,"column":8},"end":{"line":488,"column":120}},"316":{"start":{"line":489,"column":8},"end":{"line":491,"column":9}},"317":{"start":{"line":490,"column":10},"end":{"line":490,"column":166}},"318":{"start":{"line":492,"column":8},"end":{"line":492,"column":60}},"319":{"start":{"line":493,"column":8},"end":{"line":495,"column":9}},"320":{"start":{"line":494,"column":10},"end":{"line":494,"column":86}},"321":{"start":{"line":496,"column":8},"end":{"line":496,"column":31}},"322":{"start":{"line":498,"column":6},"end":{"line":498,"column":25}},"323":{"start":{"line":505,"column":0},"end":{"line":521,"column":1}},"324":{"start":{"line":506,"column":2},"end":{"line":520,"column":4}},"325":{"start":{"line":507,"column":4},"end":{"line":519,"column":6}},"326":{"start":{"line":511,"column":6},"end":{"line":511,"column":37}},"327":{"start":{"line":511,"column":17},"end":{"line":511,"column":36}},"328":{"start":{"line":512,"column":6},"end":{"line":518,"column":8}},"329":{"start":{"line":513,"column":8},"end":{"line":513,"column":39}},"330":{"start":{"line":513,"column":19},"end":{"line":513,"column":38}},"331":{"start":{"line":514,"column":8},"end":{"line":517,"column":10}},"332":{"start":{"line":515,"column":10},"end":{"line":515,"column":41}},"333":{"start":{"line":515,"column":21},"end":{"line":515,"column":40}},"334":{"start":{"line":516,"column":10},"end":{"line":516,"column":30}},"335":{"start":{"line":524,"column":0},"end":{"line":537,"column":1}},"336":{"start":{"line":525,"column":2},"end":{"line":536,"column":4}},"337":{"start":{"line":526,"column":4},"end":{"line":526,"column":49}},"338":{"start":{"line":526,"column":32},"end":{"line":526,"column":48}},"339":{"start":{"line":527,"column":4},"end":{"line":529,"column":5}},"340":{"start":{"line":528,"column":6},"end":{"line":528,"column":73}},"341":{"start":{"line":530,"column":4},"end":{"line":530,"column":50}},"342":{"start":{"line":530,"column":33},"end":{"line":530,"column":49}},"343":{"start":{"line":531,"column":4},"end":{"line":533,"column":5}},"344":{"start":{"line":532,"column":6},"end":{"line":532,"column":73}},"345":{"start":{"line":534,"column":4},"end":{"line":534,"column":74}},"346":{"start":{"line":534,"column":57},"end":{"line":534,"column":73}},"347":{"start":{"line":535,"column":4},"end":{"line":535,"column":24}},"348":{"start":{"line":540,"column":0},"end":{"line":564,"column":1}},"349":{"start":{"line":541,"column":2},"end":{"line":563,"column":4}},"350":{"start":{"line":542,"column":4},"end":{"line":542,"column":30}},"351":{"start":{"line":543,"column":4},"end":{"line":543,"column":78}},"352":{"start":{"line":543,"column":50},"end":{"line":543,"column":77}},"353":{"start":{"line":544,"column":4},"end":{"line":544,"column":82}},"354":{"start":{"line":544,"column":52},"end":{"line":544,"column":81}},"355":{"start":{"line":545,"column":4},"end":{"line":545,"column":67}},"356":{"start":{"line":545,"column":34},"end":{"line":545,"column":66}},"357":{"start":{"line":546,"column":4},"end":{"line":546,"column":70}},"358":{"start":{"line":546,"column":35},"end":{"line":546,"column":69}},"359":{"start":{"line":547,"column":4},"end":{"line":547,"column":34}},"360":{"start":{"line":548,"column":4},"end":{"line":554,"column":5}},"361":{"start":{"line":549,"column":6},"end":{"line":549,"column":22}},"362":{"start":{"line":550,"column":6},"end":{"line":550,"column":23}},"363":{"start":{"line":552,"column":6},"end":{"line":552,"column":41}},"364":{"start":{"line":553,"column":6},"end":{"line":553,"column":40}},"365":{"start":{"line":555,"column":4},"end":{"line":562,"column":18}},"366":{"start":{"line":560,"column":6},"end":{"line":560,"column":28}},"367":{"start":{"line":567,"column":0},"end":{"line":583,"column":1}},"368":{"start":{"line":568,"column":2},"end":{"line":582,"column":4}},"369":{"start":{"line":569,"column":4},"end":{"line":581,"column":5}},"370":{"start":{"line":570,"column":6},"end":{"line":573,"column":8}},"371":{"start":{"line":571,"column":8},"end":{"line":571,"column":39}},"372":{"start":{"line":571,"column":19},"end":{"line":571,"column":38}},"373":{"start":{"line":572,"column":8},"end":{"line":572,"column":27}},"374":{"start":{"line":575,"column":6},"end":{"line":580,"column":8}},"375":{"start":{"line":576,"column":8},"end":{"line":576,"column":64}},"376":{"start":{"line":576,"column":44},"end":{"line":576,"column":63}},"377":{"start":{"line":577,"column":8},"end":{"line":579,"column":22}},"378":{"start":{"line":586,"column":0},"end":{"line":599,"column":1}},"379":{"start":{"line":587,"column":2},"end":{"line":598,"column":4}},"380":{"start":{"line":588,"column":4},"end":{"line":597,"column":5}},"381":{"start":{"line":589,"column":6},"end":{"line":591,"column":20}},"382":{"start":{"line":593,"column":6},"end":{"line":596,"column":8}},"383":{"start":{"line":594,"column":8},"end":{"line":594,"column":39}},"384":{"start":{"line":594,"column":19},"end":{"line":594,"column":38}},"385":{"start":{"line":595,"column":8},"end":{"line":595,"column":27}},"386":{"start":{"line":601,"column":0},"end":{"line":630,"column":1}}},"branchMap":{"1":{"line":20,"type":"if","locations":[{"start":{"line":20,"column":6},"end":{"line":20,"column":6}},{"start":{"line":20,"column":6},"end":{"line":20,"column":6}}]},"2":{"line":20,"type":"binary-expr","locations":[{"start":{"line":20,"column":10},"end":{"line":20,"column":13}},{"start":{"line":20,"column":17},"end":{"line":20,"column":38}}]},"3":{"line":20,"type":"if","locations":[{"start":{"line":20,"column":68},"end":{"line":20,"column":68}},{"start":{"line":20,"column":68},"end":{"line":20,"column":68}}]},"4":{"line":28,"type":"if","locations":[{"start":{"line":28,"column":2},"end":{"line":28,"column":2}},{"start":{"line":28,"column":2},"end":{"line":28,"column":2}}]},"5":{"line":37,"type":"if","locations":[{"start":{"line":37,"column":6},"end":{"line":37,"column":6}},{"start":{"line":37,"column":6},"end":{"line":37,"column":6}}]},"6":{"line":47,"type":"if","locations":[{"start":{"line":47,"column":4},"end":{"line":47,"column":4}},{"start":{"line":47,"column":4},"end":{"line":47,"column":4}}]},"7":{"line":49,"type":"if","locations":[{"start":{"line":49,"column":6},"end":{"line":49,"column":6}},{"start":{"line":49,"column":6},"end":{"line":49,"column":6}}]},"8":{"line":49,"type":"binary-expr","locations":[{"start":{"line":49,"column":10},"end":{"line":49,"column":13}},{"start":{"line":49,"column":17},"end":{"line":49,"column":38}}]},"9":{"line":52,"type":"if","locations":[{"start":{"line":52,"column":8},"end":{"line":52,"column":8}},{"start":{"line":52,"column":8},"end":{"line":52,"column":8}}]},"10":{"line":71,"type":"if","locations":[{"start":{"line":71,"column":2},"end":{"line":71,"column":2}},{"start":{"line":71,"column":2},"end":{"line":71,"column":2}}]},"11":{"line":71,"type":"binary-expr","locations":[{"start":{"line":71,"column":6},"end":{"line":71,"column":10}},{"start":{"line":71,"column":14},"end":{"line":71,"column":25}}]},"12":{"line":74,"type":"binary-expr","locations":[{"start":{"line":74,"column":9},"end":{"line":74,"column":23}},{"start":{"line":74,"column":27},"end":{"line":74,"column":42}},{"start":{"line":74,"column":46},"end":{"line":74,"column":61}}]},"13":{"line":75,"type":"binary-expr","locations":[{"start":{"line":75,"column":9},"end":{"line":75,"column":23}},{"start":{"line":75,"column":27},"end":{"line":75,"column":42}},{"start":{"line":75,"column":46},"end":{"line":75,"column":61}},{"start":{"line":75,"column":65},"end":{"line":75,"column":79}}]},"14":{"line":81,"type":"if","locations":[{"start":{"line":81,"column":2},"end":{"line":81,"column":2}},{"start":{"line":81,"column":2},"end":{"line":81,"column":2}}]},"15":{"line":90,"type":"if","locations":[{"start":{"line":90,"column":4},"end":{"line":90,"column":4}},{"start":{"line":90,"column":4},"end":{"line":90,"column":4}}]},"16":{"line":99,"type":"if","locations":[{"start":{"line":99,"column":2},"end":{"line":99,"column":2}},{"start":{"line":99,"column":2},"end":{"line":99,"column":2}}]},"17":{"line":100,"type":"if","locations":[{"start":{"line":100,"column":4},"end":{"line":100,"column":4}},{"start":{"line":100,"column":4},"end":{"line":100,"column":4}}]},"18":{"line":100,"type":"binary-expr","locations":[{"start":{"line":100,"column":8},"end":{"line":100,"column":22}},{"start":{"line":100,"column":26},"end":{"line":100,"column":41}}]},"19":{"line":105,"type":"if","locations":[{"start":{"line":105,"column":6},"end":{"line":105,"column":6}},{"start":{"line":105,"column":6},"end":{"line":105,"column":6}}]},"20":{"line":107,"type":"if","locations":[{"start":{"line":107,"column":8},"end":{"line":107,"column":8}},{"start":{"line":107,"column":8},"end":{"line":107,"column":8}}]},"21":{"line":110,"type":"if","locations":[{"start":{"line":110,"column":13},"end":{"line":110,"column":13}},{"start":{"line":110,"column":13},"end":{"line":110,"column":13}}]},"22":{"line":110,"type":"binary-expr","locations":[{"start":{"line":110,"column":17},"end":{"line":110,"column":29}},{"start":{"line":110,"column":33},"end":{"line":110,"column":45}}]},"23":{"line":123,"type":"if","locations":[{"start":{"line":123,"column":6},"end":{"line":123,"column":6}},{"start":{"line":123,"column":6},"end":{"line":123,"column":6}}]},"24":{"line":125,"type":"if","locations":[{"start":{"line":125,"column":10},"end":{"line":125,"column":10}},{"start":{"line":125,"column":10},"end":{"line":125,"column":10}}]},"25":{"line":148,"type":"if","locations":[{"start":{"line":148,"column":6},"end":{"line":148,"column":6}},{"start":{"line":148,"column":6},"end":{"line":148,"column":6}}]},"26":{"line":161,"type":"if","locations":[{"start":{"line":161,"column":6},"end":{"line":161,"column":6}},{"start":{"line":161,"column":6},"end":{"line":161,"column":6}}]},"27":{"line":161,"type":"binary-expr","locations":[{"start":{"line":161,"column":10},"end":{"line":161,"column":13}},{"start":{"line":161,"column":17},"end":{"line":161,"column":38}}]},"28":{"line":162,"type":"binary-expr","locations":[{"start":{"line":162,"column":21},"end":{"line":162,"column":32}},{"start":{"line":162,"column":36},"end":{"line":162,"column":47}}]},"29":{"line":174,"type":"if","locations":[{"start":{"line":174,"column":2},"end":{"line":174,"column":2}},{"start":{"line":174,"column":2},"end":{"line":174,"column":2}}]},"30":{"line":177,"type":"if","locations":[{"start":{"line":177,"column":6},"end":{"line":177,"column":6}},{"start":{"line":177,"column":6},"end":{"line":177,"column":6}}]},"31":{"line":184,"type":"if","locations":[{"start":{"line":184,"column":4},"end":{"line":184,"column":4}},{"start":{"line":184,"column":4},"end":{"line":184,"column":4}}]},"32":{"line":201,"type":"if","locations":[{"start":{"line":201,"column":2},"end":{"line":201,"column":2}},{"start":{"line":201,"column":2},"end":{"line":201,"column":2}}]},"33":{"line":204,"type":"if","locations":[{"start":{"line":204,"column":6},"end":{"line":204,"column":6}},{"start":{"line":204,"column":6},"end":{"line":204,"column":6}}]},"34":{"line":210,"type":"if","locations":[{"start":{"line":210,"column":4},"end":{"line":210,"column":4}},{"start":{"line":210,"column":4},"end":{"line":210,"column":4}}]},"35":{"line":221,"type":"binary-expr","locations":[{"start":{"line":221,"column":11},"end":{"line":221,"column":34}},{"start":{"line":221,"column":38},"end":{"line":221,"column":73}}]},"36":{"line":229,"type":"if","locations":[{"start":{"line":229,"column":2},"end":{"line":229,"column":2}},{"start":{"line":229,"column":2},"end":{"line":229,"column":2}}]},"37":{"line":229,"type":"binary-expr","locations":[{"start":{"line":229,"column":6},"end":{"line":229,"column":12}},{"start":{"line":229,"column":16},"end":{"line":229,"column":22}}]},"38":{"line":232,"type":"binary-expr","locations":[{"start":{"line":232,"column":18},"end":{"line":232,"column":33}},{"start":{"line":232,"column":37},"end":{"line":232,"column":52}}]},"39":{"line":233,"type":"if","locations":[{"start":{"line":233,"column":4},"end":{"line":233,"column":4}},{"start":{"line":233,"column":4},"end":{"line":233,"column":4}}]},"40":{"line":234,"type":"if","locations":[{"start":{"line":234,"column":6},"end":{"line":234,"column":6}},{"start":{"line":234,"column":6},"end":{"line":234,"column":6}}]},"41":{"line":237,"type":"if","locations":[{"start":{"line":237,"column":13},"end":{"line":237,"column":13}},{"start":{"line":237,"column":13},"end":{"line":237,"column":13}}]},"42":{"line":241,"type":"if","locations":[{"start":{"line":241,"column":4},"end":{"line":241,"column":4}},{"start":{"line":241,"column":4},"end":{"line":241,"column":4}}]},"43":{"line":242,"type":"if","locations":[{"start":{"line":242,"column":6},"end":{"line":242,"column":6}},{"start":{"line":242,"column":6},"end":{"line":242,"column":6}}]},"44":{"line":245,"type":"if","locations":[{"start":{"line":245,"column":13},"end":{"line":245,"column":13}},{"start":{"line":245,"column":13},"end":{"line":245,"column":13}}]},"45":{"line":251,"type":"binary-expr","locations":[{"start":{"line":251,"column":9},"end":{"line":251,"column":24}},{"start":{"line":251,"column":28},"end":{"line":251,"column":43}},{"start":{"line":251,"column":47},"end":{"line":251,"column":66}}]},"46":{"line":254,"type":"binary-expr","locations":[{"start":{"line":254,"column":9},"end":{"line":254,"column":24}},{"start":{"line":254,"column":28},"end":{"line":254,"column":42}}]},"47":{"line":270,"type":"if","locations":[{"start":{"line":270,"column":4},"end":{"line":270,"column":4}},{"start":{"line":270,"column":4},"end":{"line":270,"column":4}}]},"48":{"line":273,"type":"if","locations":[{"start":{"line":273,"column":11},"end":{"line":273,"column":11}},{"start":{"line":273,"column":11},"end":{"line":273,"column":11}}]},"49":{"line":289,"type":"if","locations":[{"start":{"line":289,"column":2},"end":{"line":289,"column":2}},{"start":{"line":289,"column":2},"end":{"line":289,"column":2}}]},"50":{"line":304,"type":"if","locations":[{"start":{"line":304,"column":2},"end":{"line":304,"column":2}},{"start":{"line":304,"column":2},"end":{"line":304,"column":2}}]},"51":{"line":320,"type":"if","locations":[{"start":{"line":320,"column":6},"end":{"line":320,"column":6}},{"start":{"line":320,"column":6},"end":{"line":320,"column":6}}]},"52":{"line":322,"type":"if","locations":[{"start":{"line":322,"column":8},"end":{"line":322,"column":8}},{"start":{"line":322,"column":8},"end":{"line":322,"column":8}}]},"53":{"line":327,"type":"if","locations":[{"start":{"line":327,"column":10},"end":{"line":327,"column":10}},{"start":{"line":327,"column":10},"end":{"line":327,"column":10}}]},"54":{"line":327,"type":"binary-expr","locations":[{"start":{"line":327,"column":14},"end":{"line":327,"column":49}},{"start":{"line":327,"column":53},"end":{"line":327,"column":117}}]},"55":{"line":338,"type":"if","locations":[{"start":{"line":338,"column":10},"end":{"line":338,"column":10}},{"start":{"line":338,"column":10},"end":{"line":338,"column":10}}]},"56":{"line":359,"type":"if","locations":[{"start":{"line":359,"column":8},"end":{"line":359,"column":8}},{"start":{"line":359,"column":8},"end":{"line":359,"column":8}}]},"57":{"line":369,"type":"if","locations":[{"start":{"line":369,"column":2},"end":{"line":369,"column":2}},{"start":{"line":369,"column":2},"end":{"line":369,"column":2}}]},"58":{"line":372,"type":"if","locations":[{"start":{"line":372,"column":6},"end":{"line":372,"column":6}},{"start":{"line":372,"column":6},"end":{"line":372,"column":6}}]},"59":{"line":372,"type":"binary-expr","locations":[{"start":{"line":372,"column":10},"end":{"line":372,"column":38}},{"start":{"line":372,"column":42},"end":{"line":372,"column":60}},{"start":{"line":372,"column":64},"end":{"line":372,"column":79}},{"start":{"line":372,"column":83},"end":{"line":372,"column":98}}]},"60":{"line":374,"type":"if","locations":[{"start":{"line":374,"column":4},"end":{"line":374,"column":4}},{"start":{"line":374,"column":4},"end":{"line":374,"column":4}}]},"61":{"line":374,"type":"binary-expr","locations":[{"start":{"line":374,"column":8},"end":{"line":374,"column":30}},{"start":{"line":374,"column":34},"end":{"line":374,"column":54}},{"start":{"line":374,"column":58},"end":{"line":374,"column":62}}]},"62":{"line":386,"type":"if","locations":[{"start":{"line":386,"column":4},"end":{"line":386,"column":4}},{"start":{"line":386,"column":4},"end":{"line":386,"column":4}}]},"63":{"line":387,"type":"if","locations":[{"start":{"line":387,"column":6},"end":{"line":387,"column":6}},{"start":{"line":387,"column":6},"end":{"line":387,"column":6}}]},"64":{"line":400,"type":"if","locations":[{"start":{"line":400,"column":2},"end":{"line":400,"column":2}},{"start":{"line":400,"column":2},"end":{"line":400,"column":2}}]},"65":{"line":400,"type":"binary-expr","locations":[{"start":{"line":400,"column":6},"end":{"line":400,"column":10}},{"start":{"line":400,"column":14},"end":{"line":400,"column":25}}]},"66":{"line":405,"type":"if","locations":[{"start":{"line":405,"column":4},"end":{"line":405,"column":4}},{"start":{"line":405,"column":4},"end":{"line":405,"column":4}}]},"67":{"line":411,"type":"if","locations":[{"start":{"line":411,"column":4},"end":{"line":411,"column":4}},{"start":{"line":411,"column":4},"end":{"line":411,"column":4}}]},"68":{"line":425,"type":"if","locations":[{"start":{"line":425,"column":6},"end":{"line":425,"column":6}},{"start":{"line":425,"column":6},"end":{"line":425,"column":6}}]},"69":{"line":431,"type":"if","locations":[{"start":{"line":431,"column":8},"end":{"line":431,"column":8}},{"start":{"line":431,"column":8},"end":{"line":431,"column":8}}]},"70":{"line":437,"type":"if","locations":[{"start":{"line":437,"column":6},"end":{"line":437,"column":6}},{"start":{"line":437,"column":6},"end":{"line":437,"column":6}}]},"71":{"line":445,"type":"if","locations":[{"start":{"line":445,"column":10},"end":{"line":445,"column":10}},{"start":{"line":445,"column":10},"end":{"line":445,"column":10}}]},"72":{"line":452,"type":"if","locations":[{"start":{"line":452,"column":8},"end":{"line":452,"column":8}},{"start":{"line":452,"column":8},"end":{"line":452,"column":8}}]},"73":{"line":453,"type":"if","locations":[{"start":{"line":453,"column":10},"end":{"line":453,"column":10}},{"start":{"line":453,"column":10},"end":{"line":453,"column":10}}]},"74":{"line":472,"type":"if","locations":[{"start":{"line":472,"column":6},"end":{"line":472,"column":6}},{"start":{"line":472,"column":6},"end":{"line":472,"column":6}}]},"75":{"line":472,"type":"binary-expr","locations":[{"start":{"line":472,"column":10},"end":{"line":472,"column":31}},{"start":{"line":472,"column":35},"end":{"line":472,"column":57}}]},"76":{"line":473,"type":"if","locations":[{"start":{"line":473,"column":8},"end":{"line":473,"column":8}},{"start":{"line":473,"column":8},"end":{"line":473,"column":8}}]},"77":{"line":482,"type":"if","locations":[{"start":{"line":482,"column":6},"end":{"line":482,"column":6}},{"start":{"line":482,"column":6},"end":{"line":482,"column":6}}]},"78":{"line":487,"type":"if","locations":[{"start":{"line":487,"column":6},"end":{"line":487,"column":6}},{"start":{"line":487,"column":6},"end":{"line":487,"column":6}}]},"79":{"line":488,"type":"cond-expr","locations":[{"start":{"line":488,"column":89},"end":{"line":488,"column":95}},{"start":{"line":488,"column":98},"end":{"line":488,"column":106}}]},"80":{"line":492,"type":"cond-expr","locations":[{"start":{"line":492,"column":50},"end":{"line":492,"column":52}},{"start":{"line":492,"column":55},"end":{"line":492,"column":58}}]},"81":{"line":511,"type":"if","locations":[{"start":{"line":511,"column":6},"end":{"line":511,"column":6}},{"start":{"line":511,"column":6},"end":{"line":511,"column":6}}]},"82":{"line":513,"type":"if","locations":[{"start":{"line":513,"column":8},"end":{"line":513,"column":8}},{"start":{"line":513,"column":8},"end":{"line":513,"column":8}}]},"83":{"line":515,"type":"if","locations":[{"start":{"line":515,"column":10},"end":{"line":515,"column":10}},{"start":{"line":515,"column":10},"end":{"line":515,"column":10}}]},"84":{"line":526,"type":"if","locations":[{"start":{"line":526,"column":4},"end":{"line":526,"column":4}},{"start":{"line":526,"column":4},"end":{"line":526,"column":4}}]},"85":{"line":530,"type":"if","locations":[{"start":{"line":530,"column":4},"end":{"line":530,"column":4}},{"start":{"line":530,"column":4},"end":{"line":530,"column":4}}]},"86":{"line":534,"type":"if","locations":[{"start":{"line":534,"column":4},"end":{"line":534,"column":4}},{"start":{"line":534,"column":4},"end":{"line":534,"column":4}}]},"87":{"line":534,"type":"binary-expr","locations":[{"start":{"line":534,"column":8},"end":{"line":534,"column":28}},{"start":{"line":534,"column":32},"end":{"line":534,"column":53}}]},"88":{"line":543,"type":"binary-expr","locations":[{"start":{"line":543,"column":11},"end":{"line":543,"column":23}},{"start":{"line":543,"column":27},"end":{"line":543,"column":46}}]},"89":{"line":544,"type":"binary-expr","locations":[{"start":{"line":544,"column":11},"end":{"line":544,"column":24}},{"start":{"line":544,"column":28},"end":{"line":544,"column":48}}]},"90":{"line":545,"type":"if","locations":[{"start":{"line":545,"column":4},"end":{"line":545,"column":4}},{"start":{"line":545,"column":4},"end":{"line":545,"column":4}}]},"91":{"line":546,"type":"if","locations":[{"start":{"line":546,"column":4},"end":{"line":546,"column":4}},{"start":{"line":546,"column":4},"end":{"line":546,"column":4}}]},"92":{"line":548,"type":"if","locations":[{"start":{"line":548,"column":4},"end":{"line":548,"column":4}},{"start":{"line":548,"column":4},"end":{"line":548,"column":4}}]},"93":{"line":569,"type":"if","locations":[{"start":{"line":569,"column":4},"end":{"line":569,"column":4}},{"start":{"line":569,"column":4},"end":{"line":569,"column":4}}]},"94":{"line":571,"type":"if","locations":[{"start":{"line":571,"column":8},"end":{"line":571,"column":8}},{"start":{"line":571,"column":8},"end":{"line":571,"column":8}}]},"95":{"line":576,"type":"if","locations":[{"start":{"line":576,"column":8},"end":{"line":576,"column":8}},{"start":{"line":576,"column":8},"end":{"line":576,"column":8}}]},"96":{"line":576,"type":"binary-expr","locations":[{"start":{"line":576,"column":12},"end":{"line":576,"column":15}},{"start":{"line":576,"column":19},"end":{"line":576,"column":40}}]},"97":{"line":588,"type":"if","locations":[{"start":{"line":588,"column":4},"end":{"line":588,"column":4}},{"start":{"line":588,"column":4},"end":{"line":588,"column":4}}]},"98":{"line":594,"type":"if","locations":[{"start":{"line":594,"column":8},"end":{"line":594,"column":8}},{"start":{"line":594,"column":8},"end":{"line":594,"column":8}}]}}},"/Users/stu-adrien/Documents/start-to-xxx/spm_dev/cli/lib/models.js":{"path":"/Users/stu-adrien/Documents/start-to-xxx/spm_dev/cli/lib/models.js","s":{"1":0,"2":0,"3":0,"4":0,"5":0,"6":0,"7":0,"8":0,"9":0,"10":0,"11":0,"12":0,"13":0,"14":0,"15":0,"16":0,"17":0,"18":0,"19":0,"20":0,"21":0,"22":0,"23":0,"24":0,"25":0,"26":0,"27":0,"28":0,"29":0,"30":0,"31":0,"32":0,"33":0,"34":0,"35":0,"36":0,"37":0,"38":0,"39":0,"40":0,"41":0,"42":0,"43":0,"44":0,"45":0,"46":0,"47":0,"48":0,"49":0,"50":0,"51":0,"52":0,"53":0,"54":0,"55":0,"56":0,"57":0,"58":0,"59":0,"60":0,"61":0,"62":0,"63":0,"64":0,"65":0,"66":0,"67":0,"68":0,"69":0,"70":0,"71":0,"72":0,"73":0,"74":0,"75":0,"76":0,"77":0,"78":0,"79":0,"80":0,"81":0,"82":0,"83":0,"84":0,"85":0,"86":0,"87":0,"88":0,"89":0,"90":0,"91":0,"92":0,"93":0,"94":0,"95":0,"96":0,"97":0,"98":0,"99":0,"100":0,"101":0,"102":0,"103":0,"104":0,"105":0,"106":0,"107":0,"108":0,"109":0,"110":0,"111":0,"112":0,"113":0,"114":0,"115":0,"116":0,"117":0,"118":0,"119":0,"120":1},"b":{"1":[0,0],"2":[0,0],"3":[0,0,0,0,0],"4":[0,0],"5":[0,0],"6":[0,0],"7":[0,0],"8":[0,0],"9":[0,0],"10":[0,0],"11":[0,0],"12":[0,0],"13":[0,0],"14":[0,0],"15":[0,0],"16":[0,0],"17":[0,0],"18":[0,0],"19":[0,0],"20":[0,0]},"f":{"1":0,"2":0,"3":0,"4":0,"5":0,"6":0,"7":0},"fnMap":{"1":{"name":"(anonymous_1)","line":17,"loc":{"start":{"line":17,"column":14},"end":{"line":17,"column":41}}},"2":{"name":"(anonymous_2)","line":56,"loc":{"start":{"line":56,"column":14},"end":{"line":56,"column":31}}},"3":{"name":"(anonymous_3)","line":92,"loc":{"start":{"line":92,"column":23},"end":{"line":92,"column":31}}},"4":{"name":"(anonymous_4)","line":105,"loc":{"start":{"line":105,"column":14},"end":{"line":105,"column":34}}},"5":{"name":"(anonymous_5)","line":119,"loc":{"start":{"line":119,"column":14},"end":{"line":137,"column":14}}},"6":{"name":"(anonymous_6)","line":161,"loc":{"start":{"line":161,"column":14},"end":{"line":161,"column":46}}},"7":{"name":"(anonymous_7)","line":183,"loc":{"start":{"line":183,"column":14},"end":{"line":183,"column":41}}}},"statementMap":{"1":{"start":{"line":18,"column":4},"end":{"line":18,"column":39}},"2":{"start":{"line":19,"column":4},"end":{"line":19,"column":20}},"3":{"start":{"line":20,"column":4},"end":{"line":20,"column":23}},"4":{"start":{"line":21,"column":4},"end":{"line":21,"column":21}},"5":{"start":{"line":22,"column":4},"end":{"line":22,"column":20}},"6":{"start":{"line":23,"column":4},"end":{"line":25,"column":5}},"7":{"start":{"line":26,"column":4},"end":{"line":26,"column":22}},"8":{"start":{"line":27,"column":4},"end":{"line":27,"column":23}},"9":{"start":{"line":28,"column":4},"end":{"line":28,"column":24}},"10":{"start":{"line":29,"column":4},"end":{"line":29,"column":27}},"11":{"start":{"line":30,"column":4},"end":{"line":30,"column":26}},"12":{"start":{"line":31,"column":4},"end":{"line":44,"column":5}},"13":{"start":{"line":32,"column":6},"end":{"line":43,"column":7}},"14":{"start":{"line":37,"column":8},"end":{"line":37,"column":22}},"15":{"start":{"line":38,"column":8},"end":{"line":40,"column":9}},"16":{"start":{"line":39,"column":10},"end":{"line":39,"column":51}},"17":{"start":{"line":39,"column":29},"end":{"line":39,"column":50}},"18":{"start":{"line":42,"column":8},"end":{"line":42,"column":31}},"19":{"start":{"line":46,"column":4},"end":{"line":46,"column":24}},"20":{"start":{"line":47,"column":4},"end":{"line":47,"column":22}},"21":{"start":{"line":48,"column":4},"end":{"line":48,"column":23}},"22":{"start":{"line":49,"column":4},"end":{"line":49,"column":20}},"23":{"start":{"line":50,"column":4},"end":{"line":50,"column":31}},"24":{"start":{"line":57,"column":4},"end":{"line":57,"column":52}},"25":{"start":{"line":58,"column":4},"end":{"line":58,"column":46}},"26":{"start":{"line":59,"column":4},"end":{"line":59,"column":44}},"27":{"start":{"line":60,"column":4},"end":{"line":60,"column":42}},"28":{"start":{"line":61,"column":4},"end":{"line":61,"column":44}},"29":{"start":{"line":62,"column":4},"end":{"line":62,"column":46}},"30":{"start":{"line":63,"column":4},"end":{"line":63,"column":44}},"31":{"start":{"line":64,"column":4},"end":{"line":64,"column":22}},"32":{"start":{"line":65,"column":4},"end":{"line":65,"column":55}},"33":{"start":{"line":66,"column":4},"end":{"line":66,"column":27}},"34":{"start":{"line":67,"column":4},"end":{"line":67,"column":27}},"35":{"start":{"line":68,"column":4},"end":{"line":68,"column":27}},"36":{"start":{"line":69,"column":4},"end":{"line":69,"column":28}},"37":{"start":{"line":70,"column":4},"end":{"line":70,"column":26}},"38":{"start":{"line":71,"column":4},"end":{"line":76,"column":5}},"39":{"start":{"line":77,"column":4},"end":{"line":77,"column":26}},"40":{"start":{"line":78,"column":4},"end":{"line":78,"column":25}},"41":{"start":{"line":79,"column":4},"end":{"line":79,"column":26}},"42":{"start":{"line":80,"column":4},"end":{"line":80,"column":30}},"43":{"start":{"line":81,"column":4},"end":{"line":81,"column":29}},"44":{"start":{"line":82,"column":4},"end":{"line":82,"column":30}},"45":{"start":{"line":83,"column":4},"end":{"line":83,"column":27}},"46":{"start":{"line":84,"column":4},"end":{"line":84,"column":22}},"47":{"start":{"line":85,"column":4},"end":{"line":85,"column":23}},"48":{"start":{"line":86,"column":4},"end":{"line":86,"column":20}},"49":{"start":{"line":87,"column":4},"end":{"line":87,"column":39}},"50":{"start":{"line":88,"column":4},"end":{"line":88,"column":75}},"51":{"start":{"line":93,"column":4},"end":{"line":99,"column":5}},"52":{"start":{"line":94,"column":6},"end":{"line":98,"column":7}},"53":{"start":{"line":95,"column":8},"end":{"line":95,"column":83}},"54":{"start":{"line":97,"column":8},"end":{"line":97,"column":55}},"55":{"start":{"line":106,"column":4},"end":{"line":106,"column":127}},"56":{"start":{"line":107,"column":4},"end":{"line":107,"column":125}},"57":{"start":{"line":108,"column":4},"end":{"line":108,"column":32}},"58":{"start":{"line":109,"column":4},"end":{"line":109,"column":24}},"59":{"start":{"line":110,"column":4},"end":{"line":110,"column":22}},"60":{"start":{"line":111,"column":4},"end":{"line":111,"column":23}},"61":{"start":{"line":112,"column":4},"end":{"line":112,"column":20}},"62":{"start":{"line":113,"column":4},"end":{"line":113,"column":31}},"63":{"start":{"line":138,"column":4},"end":{"line":138,"column":20}},"64":{"start":{"line":139,"column":4},"end":{"line":139,"column":26}},"65":{"start":{"line":140,"column":4},"end":{"line":140,"column":20}},"66":{"start":{"line":141,"column":4},"end":{"line":141,"column":22}},"67":{"start":{"line":142,"column":4},"end":{"line":142,"column":20}},"68":{"start":{"line":143,"column":4},"end":{"line":143,"column":26}},"69":{"start":{"line":144,"column":4},"end":{"line":144,"column":34}},"70":{"start":{"line":145,"column":4},"end":{"line":145,"column":22}},"71":{"start":{"line":146,"column":4},"end":{"line":146,"column":36}},"72":{"start":{"line":147,"column":4},"end":{"line":147,"column":26}},"73":{"start":{"line":148,"column":4},"end":{"line":148,"column":32}},"74":{"start":{"line":149,"column":4},"end":{"line":149,"column":24}},"75":{"start":{"line":150,"column":4},"end":{"line":150,"column":28}},"76":{"start":{"line":151,"column":4},"end":{"line":151,"column":26}},"77":{"start":{"line":152,"column":4},"end":{"line":152,"column":26}},"78":{"start":{"line":153,"column":4},"end":{"line":153,"column":18}},"79":{"start":{"line":154,"column":4},"end":{"line":154,"column":40}},"80":{"start":{"line":155,"column":4},"end":{"line":155,"column":28}},"81":{"start":{"line":162,"column":4},"end":{"line":162,"column":20}},"82":{"start":{"line":163,"column":4},"end":{"line":163,"column":28}},"83":{"start":{"line":164,"column":4},"end":{"line":164,"column":27}},"84":{"start":{"line":165,"column":4},"end":{"line":165,"column":55}},"85":{"start":{"line":166,"column":4},"end":{"line":166,"column":20}},"86":{"start":{"line":167,"column":4},"end":{"line":167,"column":21}},"87":{"start":{"line":168,"column":4},"end":{"line":168,"column":44}},"88":{"start":{"line":169,"column":4},"end":{"line":169,"column":21}},"89":{"start":{"line":170,"column":4},"end":{"line":170,"column":41}},"90":{"start":{"line":171,"column":4},"end":{"line":171,"column":35}},"91":{"start":{"line":172,"column":4},"end":{"line":172,"column":45}},"92":{"start":{"line":173,"column":4},"end":{"line":173,"column":41}},"93":{"start":{"line":174,"column":4},"end":{"line":174,"column":22}},"94":{"start":{"line":175,"column":4},"end":{"line":175,"column":23}},"95":{"start":{"line":176,"column":4},"end":{"line":176,"column":20}},"96":{"start":{"line":177,"column":4},"end":{"line":177,"column":39}},"97":{"start":{"line":184,"column":4},"end":{"line":184,"column":30}},"98":{"start":{"line":185,"column":4},"end":{"line":185,"column":46}},"99":{"start":{"line":186,"column":4},"end":{"line":186,"column":85}},"100":{"start":{"line":187,"column":4},"end":{"line":187,"column":44}},"101":{"start":{"line":188,"column":4},"end":{"line":188,"column":82}},"102":{"start":{"line":189,"column":4},"end":{"line":189,"column":42}},"103":{"start":{"line":190,"column":4},"end":{"line":190,"column":20}},"104":{"start":{"line":191,"column":4},"end":{"line":191,"column":27}},"105":{"start":{"line":192,"column":4},"end":{"line":192,"column":44}},"106":{"start":{"line":193,"column":4},"end":{"line":206,"column":5}},"107":{"start":{"line":194,"column":6},"end":{"line":194,"column":25}},"108":{"start":{"line":195,"column":11},"end":{"line":206,"column":5}},"109":{"start":{"line":196,"column":6},"end":{"line":196,"column":
[...]
":244,"column":8},"end":{"line":244,"column":8}}]},"55":{"line":248,"type":"if","locations":[{"start":{"line":248,"column":15},"end":{"line":248,"column":15}},{"start":{"line":248,"column":15},"end":{"line":248,"column":15}}]},"56":{"line":252,"type":"cond-expr","locations":[{"start":{"line":252,"column":163},"end":{"line":252,"column":177}},{"start":{"line":252,"column":180},"end":{"line":252,"column":189}}]},"57":{"line":252,"type":"binary-expr","locations":[{"start":{"line":252,"column":116},"end":{"line":252,"column":132}},{"start":{"line":252,"column":136},"end":{"line":252,"column":160}}]},"58":{"line":256,"type":"cond-expr","locations":[{"start":{"line":256,"column":36},"end":{"line":256,"column":40}},{"start":{"line":256,"column":43},"end":{"line":256,"column":105}}]},"59":{"line":283,"type":"if","locations":[{"start":{"line":283,"column":6},"end":{"line":283,"column":6}},{"start":{"line":283,"column":6},"end":{"line":283,"column":6}}]},"60":{"line":287,"type":"if","locations":[{"start":{"line":287,"column":8},"end":{"line":287,"column":8}},{"start":{"line":287,"column":8},"end":{"line":287,"column":8}}]},"61":{"line":287,"type":"binary-expr","locations":[{"start":{"line":287,"column":12},"end":{"line":287,"column":34}},{"start":{"line":287,"column":38},"end":{"line":287,"column":59}}]},"62":{"line":289,"type":"if","locations":[{"start":{"line":289,"column":10},"end":{"line":289,"column":10}},{"start":{"line":289,"column":10},"end":{"line":289,"column":10}}]},"63":{"line":289,"type":"binary-expr","locations":[{"start":{"line":289,"column":14},"end":{"line":289,"column":32}},{"start":{"line":290,"column":12},"end":{"line":290,"column":62}},{"start":{"line":291,"column":12},"end":{"line":291,"column":92}}]},"64":{"line":292,"type":"cond-expr","locations":[{"start":{"line":292,"column":38},"end":{"line":292,"column":45}},{"start":{"line":292,"column":48},"end":{"line":292,"column":57}}]},"65":{"line":295,"type":"if","locations":[{"start":{"line":295,"column":8},"end":{"line":295,"column":8}},{"start":{"line":295,"column":8},"end":{"line":295,"column":8}}]},"66":{"line":295,"type":"binary-expr","locations":[{"start":{"line":295,"column":12},"end":{"line":295,"column":60}},{"start":{"line":296,"column":10},"end":{"line":296,"column":70}},{"start":{"line":297,"column":10},"end":{"line":297,"column":33}}]},"67":{"line":304,"type":"if","locations":[{"start":{"line":304,"column":8},"end":{"line":304,"column":8}},{"start":{"line":304,"column":8},"end":{"line":304,"column":8}}]},"68":{"line":304,"type":"binary-expr","locations":[{"start":{"line":304,"column":12},"end":{"line":304,"column":16}},{"start":{"line":304,"column":20},"end":{"line":304,"column":43}}]},"69":{"line":320,"type":"if","locations":[{"start":{"line":320,"column":4},"end":{"line":320,"column":4}},{"start":{"line":320,"column":4},"end":{"line":320,"column":4}}]},"70":{"line":320,"type":"binary-expr","locations":[{"start":{"line":320,"column":8},"end":{"line":320,"column":31}},{"start":{"line":320,"column":35},"end":{"line":320,"column":56}}]},"71":{"line":321,"type":"cond-expr","locations":[{"start":{"line":321,"column":55},"end":{"line":321,"column":74}},{"start":{"line":321,"column":77},"end":{"line":321,"column":96}}]},"72":{"line":321,"type":"cond-expr","locations":[{"start":{"line":321,"column":132},"end":{"line":321,"column":142}},{"start":{"line":321,"column":145},"end":{"line":321,"column":147}}]},"73":{"line":324,"type":"if","locations":[{"start":{"line":324,"column":11},"end":{"line":324,"column":11}},{"start":{"line":324,"column":11},"end":{"line":324,"column":11}}]},"74":{"line":324,"type":"binary-expr","locations":[{"start":{"line":324,"column":15},"end":{"line":324,"column":33}},{"start":{"line":324,"column":37},"end":{"line":324,"column":66}},{"start":{"line":324,"column":70},"end":{"line":324,"column":99}}]},"75":{"line":328,"type":"cond-expr","locations":[{"start":{"line":328,"column":88},"end":{"line":328,"column":93}},{"start":{"line":328,"column":96},"end":{"line":328,"column":101}}]},"76":{"line":334,"type":"if","locations":[{"start":{"line":334,"column":2},"end":{"line":334,"column":2}},{"start":{"line":334,"column":2},"end":{"line":334,"column":2}}]},"77":{"line":346,"type":"cond-expr","locations":[{"start":{"line":346,"column":30},"end":{"line":346,"column":34}},{"start":{"line":346,"column":37},"end":{"line":346,"column":99}}]},"78":{"line":349,"type":"if","locations":[{"start":{"line":349,"column":4},"end":{"line":349,"column":4}},{"start":{"line":349,"column":4},"end":{"line":349,"column":4}}]},"79":{"line":350,"type":"if","locations":[{"start":{"line":350,"column":4},"end":{"line":350,"column":4}},{"start":{"line":350,"column":4},"end":{"line":350,"column":4}}]},"80":{"line":367,"type":"if","locations":[{"start":{"line":367,"column":2},"end":{"line":367,"column":2}},{"start":{"line":367,"column":2},"end":{"line":367,"column":2}}]},"81":{"line":369,"type":"if","locations":[{"start":{"line":369,"column":4},"end":{"line":369,"column":4}},{"start":{"line":369,"column":4},"end":{"line":369,"column":4}}]},"82":{"line":369,"type":"binary-expr","locations":[{"start":{"line":369,"column":8},"end":{"line":369,"column":22}},{"start":{"line":369,"column":26},"end":{"line":369,"column":44}}]},"83":{"line":374,"type":"if","locations":[{"start":{"line":374,"column":11},"end":{"line":374,"column":11}},{"start":{"line":374,"column":11},"end":{"line":374,"column":11}}]},"84":{"line":378,"type":"if","locations":[{"start":{"line":378,"column":8},"end":{"line":378,"column":8}},{"start":{"line":378,"column":8},"end":{"line":378,"column":8}}]},"85":{"line":380,"type":"if","locations":[{"start":{"line":380,"column":15},"end":{"line":380,"column":15}},{"start":{"line":380,"column":15},"end":{"line":380,"column":15}}]},"86":{"line":402,"type":"if","locations":[{"start":{"line":402,"column":2},"end":{"line":402,"column":2}},{"start":{"line":402,"column":2},"end":{"line":402,"column":2}}]},"87":{"line":406,"type":"if","locations":[{"start":{"line":406,"column":6},"end":{"line":406,"column":6}},{"start":{"line":406,"column":6},"end":{"line":406,"column":6}}]},"88":{"line":415,"type":"if","locations":[{"start":{"line":415,"column":2},"end":{"line":415,"column":2}},{"start":{"line":415,"column":2},"end":{"line":415,"column":2}}]},"89":{"line":429,"type":"if","locations":[{"start":{"line":429,"column":6},"end":{"line":429,"column":6}},{"start":{"line":429,"column":6},"end":{"line":429,"column":6}}]},"90":{"line":429,"type":"binary-expr","locations":[{"start":{"line":429,"column":10},"end":{"line":429,"column":14}},{"start":{"line":429,"column":18},"end":{"line":429,"column":35}}]},"91":{"line":431,"type":"if","locations":[{"start":{"line":431,"column":13},"end":{"line":431,"column":13}},{"start":{"line":431,"column":13},"end":{"line":431,"column":13}}]},"92":{"line":439,"type":"if","locations":[{"start":{"line":439,"column":8},"end":{"line":439,"column":8}},{"start":{"line":439,"column":8},"end":{"line":439,"column":8}}]},"93":{"line":441,"type":"if","locations":[{"start":{"line":441,"column":15},"end":{"line":441,"column":15}},{"start":{"line":441,"column":15},"end":{"line":441,"column":15}}]},"94":{"line":445,"type":"cond-expr","locations":[{"start":{"line":445,"column":99},"end":{"line":445,"column":105}},{"start":{"line":445,"column":108},"end":{"line":445,"column":110}}]},"95":{"line":446,"type":"if","locations":[{"start":{"line":446,"column":8},"end":{"line":446,"column":8}},{"start":{"line":446,"column":8},"end":{"line":446,"column":8}}]},"96":{"line":446,"type":"binary-expr","locations":[{"start":{"line":446,"column":12},"end":{"line":446,"column":16}},{"start":{"line":446,"column":20},"end":{"line":446,"column":37}}]},"97":{"line":448,"type":"if","locations":[{"start":{"line":448,"column":15},"end":{"line":448,"column":15}},{"start":{"line":448,"column":15},"end":{"line":448,"column":15}}]},"98":{"line":454,"type":"if","locations":[{"start":{"line":454,"column":10},"end":{"line":454,"column":10}},{"start":{"line":454,"column":10},"end":{"line":454,"column":10}}]},"99":{"line":455,"type":"if","locations":[{"start":{"line":455,"column":12},"end":{"line":455,"column":12}},{"start":{"line":455,"column":12},"end":{"line":455,"column":12}}]},"100":{"line":460,"type":"if","locations":[{"start":{"line":460,"column":10},"end":{"line":460,"column":10}},{"start":{"line":460,"column":10},"end":{"line":460,"column":10}}]},"101":{"line":461,"type":"if","locations":[{"start":{"line":461,"column":12},"end":{"line":461,"column":12}},{"start":{"line":461,"column":12},"end":{"line":461,"column":12}}]},"102":{"line":473,"type":"if","locations":[{"start":{"line":473,"column":2},"end":{"line":473,"column":2}},{"start":{"line":473,"column":2},"end":{"line":473,"column":2}}]},"103":{"line":475,"type":"if","locations":[{"start":{"line":475,"column":4},"end":{"line":475,"column":4}},{"start":{"line":475,"column":4},"end":{"line":475,"column":4}}]},"104":{"line":478,"type":"if","locations":[{"start":{"line":478,"column":4},"end":{"line":478,"column":4}},{"start":{"line":478,"column":4},"end":{"line":478,"column":4}}]},"105":{"line":499,"type":"if","locations":[{"start":{"line":499,"column":10},"end":{"line":499,"column":10}},{"start":{"line":499,"column":10},"end":{"line":499,"column":10}}]},"106":{"line":500,"type":"if","locations":[{"start":{"line":500,"column":10},"end":{"line":500,"column":10}},{"start":{"line":500,"column":10},"end":{"line":500,"column":10}}]},"107":{"line":503,"type":"if","locations":[{"start":{"line":503,"column":10},"end":{"line":503,"column":10}},{"start":{"line":503,"column":10},"end":{"line":503,"column":10}}]},"108":{"line":504,"type":"if","locations":[{"start":{"line":504,"column":10},"end":{"line":504,"column":10}},{"start":{"line":504,"column":10},"end":{"line":504,"column":10}}]},"109":{"line":504,"type":"binary-expr","locations":[{"start":{"line":504,"column":14},"end":{"line":504,"column":82}},{"start":{"line":504,"column":86},"end":{"line":504,"column":97}}]},"110":{"line":506,"type":"if","locations":[{"start":{"line":506,"column":12},"end":{"line":506,"column":12}},{"start":{"line":506,"column":12},"end":{"line":506,"column":12}}]}}},"/Users/stu-adrien/Documents/start-to-xxx/spm_dev/cli/lib/user.js":{"path":"/Users/stu-adrien/Documents/start-to-xxx/spm_dev/cli/lib/user.js","s":{"1":1,"2":1,"3":1,"4":0,"5":0,"6":0,"7":0,"8":0,"9":1,"10":0,"11":0,"12":0,"13":0,"14":0,"15":0,"16":0,"17":0,"18":0,"19":0,"20":0,"21":0,"22":0},"b":{"1":[0,0],"2":[0,0],"3":[0,0,0,0,0]},"f":{"1":0},"fnMap":{"1":{"name":"(anonymous_1)","line":59,"loc":{"start":{"line":59,"column":18},"end":{"line":59,"column":30}}}},"statementMap":{"1":{"start":{"line":1,"column":0},"end":{"line":1,"column":40}},"2":{"start":{"line":2,"column":0},"end":{"line":2,"column":39}},"3":{"start":{"line":5,"column":0},"end":{"line":21,"column":1}},"4":{"start":{"line":6,"column":2},"end":{"line":20,"column":4}},"5":{"start":{"line":7,"column":4},"end":{"line":19,"column":5}},"6":{"start":{"line":8,"column":6},"end":{"line":16,"column":20}},"7":{"start":{"line":15,"column":21},"end":{"line":15,"column":48}},"8":{"start":{"line":18,"column":6},"end":{"line":18,"column":29}},"9":{"start":{"line":24,"column":0},"end":{"line":61,"column":1}},"10":{"start":{"line":25,"column":2},"end":{"line":60,"column":4}},"11":{"start":{"line":26,"column":4},"end":{"line":59,"column":33}},"12":{"start":{"line":31,"column":6},"end":{"line":57,"column":8}},"13":{"start":{"line":33,"column":8},"end":{"line":56,"column":9}},"14":{"start":{"line":35,"column":12},"end":{"line":37,"column":26}},"15":{"start":{"line":38,"column":12},"end":{"line":38,"column":17}},"16":{"start":{"line":40,"column":12},"end":{"line":42,"column":26}},"17":{"start":{"line":43,"column":12},"end":{"line":43,"column":17}},"18":{"start":{"line":45,"column":12},"end":{"line":47,"column":26}},"19":{"start":{"line":48,"column":12},"end":{"line":48,"column":17}},"20":{"start":{"line":50,"column":12},"end":{"line":52,"column":26}},"21":{"start":{"line":53,"column":12},"end":{"line":53,"column":17}},"22":{"start":{"line":55,"column":12},"end":{"line":55,"column":28}}},"branchMap":{"1":{"line":7,"type":"if","locations":[{"start":{"line":7,"column":4},"end":{"line":7,"column":4}},{"start":{"line":7,"column":4},"end":{"line":7,"column":4}}]},"2":{"line":7,"type":"binary-expr","locations":[{"start":{"line":7,"column":8},"end":{"line":7,"column":16}},{"start":{"line":7,"column":20},"end":{"line":7,"column":78}}]},"3":{"line":33,"type":"switch","locations":[{"start":{"line":34,"column":10},"end":{"line":38,"column":17}},{"start":{"line":39,"column":10},"end":{"line":43,"column":17}},{"start":{"line":44,"column":10},"end":{"line":48,"column":17}},{"start":{"line":49,"column":10},"end":{"line":53,"column":17}},{"start":{"line":54,"column":10},"end":{"line":55,"column":28}}]}}},"/Users/stu-adrien/Documents/start-to-xxx/spm_dev/cli/lib/version.js":{"path":"/Users/stu-adrien/Documents/start-to-xxx/spm_dev/cli/lib/version.js","s":{"1":1,"2":1,"3":1,"4":1,"5":1,"6":1,"7":1,"8":0,"9":0,"10":0,"11":0,"12":0,"13":0,"14":0,"15":0,"16":0,"17":0,"18":0,"19":0,"20":1,"21":0,"22":0,"23":0,"24":0,"25":0,"26":0,"27":0,"28":0,"29":0,"30":0,"31":0,"32":0,"33":0,"34":0,"35":1,"36":0,"37":0,"38":0,"39":0,"40":0,"41":0,"42":0,"43":0,"44":0,"45":0,"46":0,"47":0,"48":0,"49":0,"50":0,"51":0,"52":0,"53":0,"54":0,"55":1,"56":0,"57":0,"58":0,"59":0,"60":0,"61":0},"b":{"1":[0,0],"2":[0,0],"3":[0,0],"4":[0,0],"5":[0,0],"6":[0,0],"7":[0,0],"8":[0,0],"9":[0,0,0,0],"10":[0,0],"11":[0,0,0,0]},"f":{"1":0},"fnMap":{"1":{"name":"(anonymous_1)","line":109,"loc":{"start":{"line":109,"column":20},"end":{"line":109,"column":32}}}},"statementMap":{"1":{"start":{"line":1,"column":0},"end":{"line":1,"column":22}},"2":{"start":{"line":2,"column":0},"end":{"line":2,"column":28}},"3":{"start":{"line":3,"column":0},"end":{"line":3,"column":39}},"4":{"start":{"line":4,"column":0},"end":{"line":4,"column":32}},"5":{"start":{"line":5,"column":0},"end":{"line":5,"column":30}},"6":{"start":{"line":6,"column":0},"end":{"line":6,"column":30}},"7":{"start":{"line":9,"column":0},"end":{"line":25,"column":1}},"8":{"start":{"line":10,"column":2},"end":{"line":10,"column":32}},"9":{"start":{"line":10,"column":23},"end":{"line":10,"column":31}},"10":{"start":{"line":11,"column":2},"end":{"line":24,"column":4}},"11":{"start":{"line":12,"column":4},"end":{"line":12,"column":50}},"12":{"start":{"line":13,"column":4},"end":{"line":15,"column":5}},"13":{"start":{"line":14,"column":6},"end":{"line":14,"column":56}},"14":{"start":{"line":16,"column":4},"end":{"line":22,"column":5}},"15":{"start":{"line":17,"column":6},"end":{"line":20,"column":7}},"16":{"start":{"line":18,"column":8},"end":{"line":18,"column":68}},"17":{"start":{"line":19,"column":8},"end":{"line":19,"column":31}},"18":{"start":{"line":21,"column":6},"end":{"line":21,"column":89}},"19":{"start":{"line":23,"column":4},"end":{"line":23,"column":52}},"20":{"start":{"line":28,"column":0},"end":{"line":55,"column":1}},"21":{"start":{"line":29,"column":2},"end":{"line":29,"column":32}},"22":{"start":{"line":29,"column":23},"end":{"line":29,"column":31}},"23":{"start":{"line":30,"column":2},"end":{"line":54,"column":4}},"24":{"start":{"line":31,"column":4},"end":{"line":53,"column":6}},"25":{"start":{"line":32,"column":6},"end":{"line":32,"column":37}},"26":{"start":{"line":32,"column":17},"end":{"line":32,"column":36}},"27":{"start":{"line":33,"column":6},"end":{"line":33,"column":41}},"28":{"start":{"line":34,"column":6},"end":{"line":52,"column":7}},"29":{"start":{"line":35,"column":8},"end":{"line":48,"column":22}},"30":{"start":{"line":41,"column":12},"end":{"line":41,"column":134}},"31":{"start":{"line":45,"column":10},"end":{"line":45,"column":42}},"32":{"start":{"line":46,"column":10},"end":{"line":46,"column":33}},"33":{"start":{"line":50,"column":8},"end":{"line":50,"column":50}},"34":{"start":{"line":51,"column":8},"end":{"line":51,"column":31}},"35":{"start":{"line":58,"column":0},"end":{"line":86,"column":1}},"36":{"start":{"line":59,"column":2},"end":{"line":59,"column":32}},"37":{"start":{"line":59,"column":23},"end":{"line":59,"column":31}},"38":{"start":{"line":60,"column":2},"end":{"line":85,"column":4}},"39":{"start":{"line":61,"column":4},"end":{"line":61,"column":16}},"40":{"start":{"line":62,"column":4},"end":{"line":74,"column":5}},"41":{"start":{"line":64,"column":8},"end":{"line":64,"column":20}},"42":{"start":{"line":65,"column":8},"end":{"line":65,"column":13}},"43":{"start":{"line":67,"column":8},"end":{"line":67,"column":20}},"44":{"start":{"line":68,"column":8},"end":{"line":68,"column":13}},"45":{"start":{"line":70,"column":8},"end":{"line":70,"column":20}},"46":{"start":{"line":71,"column":8},"end":{"line":71,"column":13}},"47":{"start":{"line":73,"column":8},"end":{"line":73,"column":13}},"48":{"start":{"line":75,"column":4},"end":{"line":75,"column":53}},"49":{"start":{"line":76,"column":4},"end":{"line":76,"column":54}},"50":{"start":{"line":77,"column":4},"end":{"line":77,"column":55}},"51":{"start":{"line":78,"column":4},"end":{"line":78,"column":49}},"52":{"start":{"line":79,"column":4},"end":{"line":84,"column":18}},"53":{"start":{"line":81,"column":6},"end":{"line":81,"column":131}},"54":{"start":{"line":82,"column":6},"end":{"line":82,"column":29}},"55":{"start":{"line":89,"column":0},"end":{"line":111,"column":1}},"56":{"start":{"line":90,"column":2},"end":{"line":110,"column":4}},"57":{"start":{"line":91,"column":4},"end":{"line":109,"column":131}},"58":{"start":{"line":98,"column":6},"end":{"line":103,"column":7}},"59":{"start":{"line":102,"column":8},"end":{"line":102,"column":111}},"60":{"start":{"line":104,"column":6},"end":{"line":108,"column":20}},"61":{"start":{"line":109,"column":34},"end":{"line":109,"column":129}}},"branchMap":{"1":{"line":10,"type":"if","locations":[{"start":{"line":10,"column":2},"end":{"line":10,"column":2}},{"start":{"line":10,"column":2},"end":{"line":10,"column":2}}]},"2":{"line":13,"type":"if","locations":[{"start":{"line":13,"column":4},"end":{"line":13,"column":4}},{"start":{"line":13,"column":4},"end":{"line":13,"column":4}}]},"3":{"line":17,"type":"if","locations":[{"start":{"line":17,"column":6},"end":{"line":17,"column":6}},{"start":{"line":17,"column":6},"end":{"line":17,"column":6}}]},"4":{"line":29,"type":"if","locations":[{"start":{"line":29,"column":2},"end":{"line":29,"column":2}},{"start":{"line":29,"column":2},"end":{"line":29,"column":2}}]},"5":{"line":32,"type":"if","locations":[{"start":{"line":32,"column":6},"end":{"line":32,"column":6}},{"start":{"line":32,"column":6},"end":{"line":32,"column":6}}]},"6":{"line":34,"type":"if","locations":[{"start":{"line":34,"column":6},"end":{"line":34,"column":6}},{"start":{"line":34,"column":6},"end":{"line":34,"column":6}}]},"7":{"line":41,"type":"cond-expr","locations":[{"start":{"line":41,"column":65},"end":{"line":41,"column":69}},{"start":{"line":41,"column":72},"end":{"line":41,"column":133}}]},"8":{"line":59,"type":"if","locations":[{"start":{"line":59,"column":2},"end":{"line":59,"column":2}},{"start":{"line":59,"column":2},"end":{"line":59,"column":2}}]},"9":{"line":62,"type":"switch","locations":[{"start":{"line":63,"column":6},"end":{"line":65,"column":13}},{"start":{"line":66,"column":6},"end":{"line":68,"column":13}},{"start":{"line":69,"column":6},"end":{"line":71,"column":13}},{"start":{"line":72,"column":6},"end":{"line":73,"column":13}}]},"10":{"line":98,"type":"if","locations":[{"start":{"line":98,"column":6},"end":{"line":98,"column":6}},{"start":{"line":98,"column":6},"end":{"line":98,"column":6}}]},"11":{"line":98,"type":"binary-expr","locations":[{"start":{"line":98,"column":10},"end":{"line":98,"column":21}},{"start":{"line":99,"column":9},"end":{"line":99,"column":45}},{"start":{"line":100,"column":8},"end":{"line":100,"column":44}},{"start":{"line":101,"column":8},"end":{"line":101,"column":44}}]}}}}