TN:
SF:/Users/stu-adrien/Documents/start-to-xxx/spm_dev/cli/test/inquirer-input-wrapper.js
FN:23,(anonymous_1)
FN:29,(anonymous_2)
FNF:2
FNH:0
FNDA:0,(anonymous_1)
FNDA:0,(anonymous_2)
DA:3,1
DA:4,1
DA:5,1
DA:6,1
DA:8,1
DA:10,1
DA:24,0
DA:29,1
DA:30,0
DA:31,0
DA:32,0
DA:35,1
DA:36,1
DA:40,1
DA:41,0
DA:42,0
DA:43,0
DA:45,0
DA:46,0
DA:48,0
DA:49,0
DA:51,0
DA:52,0
DA:54,0
DA:55,0
DA:59,0
DA:62,1
DA:63,0
DA:64,0
DA:65,0
DA:66,0
DA:69,0
DA:72,1
DA:73,0
DA:74,0
DA:77,1
LF:36
LH:13
BRDA:41,1,0,0
BRDA:41,1,1,0
BRDA:41,2,0,0
BRDA:41,2,1,0
BRDA:43,3,0,0
BRDA:43,3,1,0
BRDA:43,3,2,0
BRDA:43,3,3,0
BRF:8
BRH:0
end_of_record
TN:
SF:/Users/stu-adrien/Documents/start-to-xxx/spm_dev/cli/test/test-spawn.js
FNF:0
FNH:0
DA:1,1
DA:3,1
DA:5,1
DA:7,1
DA:9,0
DA:10,0
DA:14,1
DA:15,0
DA:18,1
DA:20,0
DA:21,0
LF:11
LH:6
BRDA:9,1,0,0
BRDA:9,1,1,0
BRF:2
BRH:0
end_of_record
TN:
SF:/Users/stu-adrien/Documents/start-to-xxx/spm_dev/cli/test/test.js
FN:58,(anonymous_1)
FNF:1
FNH:1
FNDA:1,(anonymous_1)
DA:1,1
DA:2,1
DA:3,1
DA:4,1
DA:5,1
DA:6,1
DA:7,1
DA:10,1
DA:11,1
DA:14,1
DA:21,1
DA:22,0
DA:23,0
DA:24,0
DA:25,0
DA:29,1
DA:30,0
DA:31,0
DA:32,0
DA:33,0
DA:34,0
DA:36,0
DA:37,0
DA:38,0
DA:41,0
DA:44,1
DA:47,1
DA:49,1
DA:50,0
DA:53,1
DA:54,0
DA:58,1
DA:59,1
DA:60,0
DA:61,0
DA:63,0
DA:64,0
DA:67,0
DA:68,0
DA:70,0
DA:72,1
DA:73,0
DA:74,0
DA:76,0
DA:77,0
DA:78,0
DA:81,0
DA:82,0
DA:84,0
DA:86,1
DA:87,0
DA:88,0
DA:90,0
DA:91,0
DA:94,0
DA:95,0
DA:97,0
DA:99,1
DA:100,0
DA:101,0
DA:103,0
DA:104,0
DA:105,0
DA:108,0
DA:109,0
DA:111,0
LF:66
LH:21
BRDA:38,1,0,0
BRDA:38,1,1,0
BRF:2
BRH:0
end_of_record
TN:
SF:/Users/stu-adrien/Documents/start-to-xxx/spm_dev/cli/lib/const.js
FNF:0
FNH:0
DA:1,1
DA:2,1
DA:4,1
LF:3
LH:3
BRDA:1,1,0,1
BRDA:1,1,1,0
BRDA:2,2,0,0
BRDA:2,2,1,1
BRF:4
BRH:2
end_of_record
TN:
SF:/Users/stu-adrien/Documents/start-to-xxx/spm_dev/cli/lib/index.js
FNF:0
FNH:0
DA:1,1
LF:1
LH:1
BRF:0
BRH:0
end_of_record
TN:
SF:/Users/stu-adrien/Documents/start-to-xxx/spm_dev/cli/lib/init.js
FNF:0
FNH:0
DA:1,1
DA:2,1
DA:3,1
DA:4,1
DA:5,1
DA:6,1
DA:7,1
DA:8,1
DA:9,1
DA:10,1
DA:13,1
DA:14,0
DA:15,0
DA:16,0
DA:17,0
DA:22,0
DA:29,0
DA:38,0
DA:63,0
DA:75,0
DA:115,0
DA:117,0
DA:118,0
DA:119,0
DA:120,0
DA:122,0
DA:127,1
DA:128,0
DA:129,0
DA:130,0
DA:131,0
DA:132,0
DA:135,0
DA:136,0
DA:142,1
DA:143,0
DA:144,0
DA:145,0
DA:146,0
DA:147,0
DA:148,0
DA:149,0
DA:150,0
DA:153,0
DA:154,0
DA:160,1
DA:161,0
DA:162,0
DA:163,0
DA:164,0
DA:165,0
DA:168,0
DA:169,0
DA:175,1
DA:176,0
DA:177,0
DA:178,0
DA:187,1
DA:188,0
DA:189,0
DA:195,0
DA:196,0
DA:199,0
DA:200,0
DA:201,0
DA:202,0
DA:203,0
DA:204,0
DA:205,0
DA:208,0
DA:209,0
DA:210,0
LF:72
LH:16
BRDA:14,1,0,0
BRDA:14,1,1,0
BRDA:29,2,0,0
BRDA:29,2,1,0
BRDA:29,3,0,0
BRDA:29,3,1,0
BRDA:38,4,0,0
BRDA:38,4,1,0
BRDA:85,5,0,0
BRDA:85,5,1,0
BRDA:128,6,0,0
BRDA:128,6,1,0
BRDA:130,7,0,0
BRDA:130,7,1,0
BRDA:143,8,0,0
BRDA:143,8,1,0
BRDA:145,9,0,0
BRDA:145,9,1,0
BRDA:146,10,0,0
BRDA:146,10,1,0
BRDA:147,11,0,0
BRDA:147,11,1,0
BRDA:148,12,0,0
BRDA:148,12,1,0
BRDA:161,13,0,0
BRDA:161,13,1,0
BRDA:163,14,0,0
BRDA:163,14,1,0
BRDA:163,15,0,0
BRDA:163,15,1,0
BRDA:168,16,0,0
BRDA:168,16,1,0
BRDA:176,17,0,0
BRDA:176,17,1,0
BRF:34
BRH:0
end_of_record
TN:
SF:/Users/stu-adrien/Documents/start-to-xxx/spm_dev/cli/lib/common.js
FN:510,(anonymous_1)
FNF:1
FNH:0
FNDA:0,(anonymous_1)
DA:1,1
DA:2,1
DA:3,1
DA:4,1
DA:5,1
DA:6,1
DA:7,1
DA:8,1
DA:9,1
DA:12,1
DA:13,0
DA:17,1
DA:18,0
DA:19,0
DA:20,0
DA:21,0
DA:27,1
DA:28,0
DA:29,0
DA:30,0
DA:34,1
DA:35,0
DA:36,0
DA:37,0
DA:38,0
DA:44,1
DA:45,0
DA:46,0
DA:47,0
DA:48,0
DA:49,0
DA:50,0
DA:52,0
DA:62,0
DA:70,1
DA:71,0
DA:72,0
DA:73,0
DA:74,0
DA:75,0
DA:76,0
DA:80,1
DA:81,0
DA:82,0
DA:83,0
DA:84,0
DA:86,0
DA:87,0
DA:88,0
DA:90,0
DA:91,0
DA:94,0
DA:98,1
DA:99,0
DA:100,0
DA:101,0
DA:103,0
DA:104,0
DA:105,0
DA:106,0
DA:107,0
DA:108,0
DA:110,0
DA:111,0
DA:114,0
DA:116,0
DA:120,1
DA:121,0
DA:122,0
DA:123,0
DA:124,0
DA:125,0
DA:126,0
DA:130,0
DA:134,0
DA:139,1
DA:140,0
DA:141,0
DA:148,0
DA:149,0
DA:150,0
DA:152,0
DA:158,1
DA:159,0
DA:160,0
DA:161,0
DA:162,0
DA:168,1
DA:169,0
DA:173,1
DA:174,0
DA:175,0
DA:176,0
DA:177,0
DA:178,0
DA:180,0
DA:183,0
DA:184,0
DA:185,0
DA:187,0
DA:191,1
DA:192,0
DA:193,0
DA:194,0
DA:200,1
DA:201,0
DA:202,0
DA:203,0
DA:204,0
DA:205,0
DA:207,0
DA:210,0
DA:211,0
DA:213,0
DA:219,1
DA:220,0
DA:221,0
DA:223,0
DA:228,1
DA:229,0
DA:230,0
DA:231,0
DA:232,0
DA:233,0
DA:234,0
DA:235,0
DA:236,0
DA:237,0
DA:238,0
DA:241,0
DA:242,0
DA:243,0
DA:244,0
DA:245,0
DA:246,0
DA:250,0
DA:251,0
DA:252,0
DA:253,0
DA:254,0
DA:255,0
DA:256,0
DA:258,0
DA:259,0
DA:260,0
DA:262,0
DA:263,0
DA:267,1
DA:268,0
DA:269,0
DA:270,0
DA:271,0
DA:272,0
DA:273,0
DA:274,0
DA:277,0
DA:278,0
DA:279,0
DA:283,1
DA:284,0
DA:288,1
DA:289,0
DA:290,0
DA:291,0
DA:292,0
DA:294,0
DA:296,0
DA:301,1
DA:302,0
DA:303,0
DA:304,0
DA:307,0
DA:308,0
DA:311,0
DA:315,1
DA:316,0
DA:317,0
DA:318,0
DA:319,0
DA:320,0
DA:321,0
DA:322,0
DA:323,0
DA:324,0
DA:325,0
DA:326,0
DA:327,0
DA:328,0
DA:330,0
DA:334,0
DA:335,0
DA:337,0
DA:338,0
DA:339,0
DA:341,0
DA:342,0
DA:343,0
DA:345,0
DA:346,0
DA:353,1
DA:354,0
DA:355,0
DA:357,0
DA:358,0
DA:359,0
DA:367,1
DA:368,0
DA:369,0
DA:370,0
DA:371,0
DA:372,0
DA:374,0
DA:376,0
DA:380,1
DA:381,0
DA:382,0
DA:383,0
DA:384,0
DA:385,0
DA:386,0
DA:387,0
DA:388,0
DA:393,0
DA:395,0
DA:399,1
DA:400,0
DA:401,0
DA:402,0
DA:403,0
DA:404,0
DA:405,0
DA:406,0
DA:407,0
DA:409,0
DA:410,0
DA:411,0
DA:412,0
DA:413,0
DA:414,0
DA:416,0
DA:418,0
DA:422,1
DA:423,0
DA:424,0
DA:425,0
DA:426,0
DA:427,0
DA:428,0
DA:429,0
DA:430,0
DA:431,0
DA:433,0
DA:434,0
DA:437,0
DA:438,0
DA:440,0
DA:441,0
DA:442,0
DA:443,0
DA:444,0
DA:445,0
DA:446,0
DA:447,0
DA:448,0
DA:449,0
DA:452,0
DA:453,0
DA:454,0
DA:456,0
DA:460,0
DA:461,0
DA:468,1
DA:469,0
DA:470,0
DA:471,0
DA:472,0
DA:473,0
DA:474,0
DA:476,0
DA:478,0
DA:480,0
DA:482,0
DA:483,0
DA:484,0
DA:485,0
DA:487,0
DA:488,0
DA:489,0
DA:490,0
DA:492,0
DA:493,0
DA:494,0
DA:496,0
DA:498,0
DA:505,1
DA:506,0
DA:507,0
DA:511,0
DA:512,0
DA:513,0
DA:514,0
DA:515,0
DA:516,0
DA:524,1
DA:525,0
DA:526,0
DA:527,0
DA:528,0
DA:530,0
DA:531,0
DA:532,0
DA:534,0
DA:535,0
DA:540,1
DA:541,0
DA:542,0
DA:543,0
DA:544,0
DA:545,0
DA:546,0
DA:547,0
DA:548,0
DA:549,0
DA:550,0
DA:552,0
DA:553,0
DA:555,0
DA:560,0
DA:567,1
DA:568,0
DA:569,0
DA:570,0
DA:571,0
DA:572,0
DA:575,0
DA:576,0
DA:577,0
DA:586,1
DA:587,0
DA:588,0
DA:589,0
DA:593,0
DA:594,0
DA:595,0
DA:601,1
LF:345
LH:43
BRDA:20,1,0,0
BRDA:20,1,1,0
BRDA:20,2,0,0
BRDA:20,2,1,0
BRDA:20,3,0,0
BRDA:20,3,1,0
BRDA:28,4,0,0
BRDA:28,4,1,0
BRDA:37,5,0,0
BRDA:37,5,1,0
BRDA:47,6,0,0
BRDA:47,6,1,0
BRDA:49,7,0,0
BRDA:49,7,1,0
BRDA:49,8,0,0
BRDA:49,8,1,0
BRDA:52,9,0,0
BRDA:52,9,1,0
BRDA:71,10,0,0
BRDA:71,10,1,0
BRDA:71,11,0,0
BRDA:71,11,1,0
BRDA:74,12,0,0
BRDA:74,12,1,0
BRDA:74,12,2,0
BRDA:75,13,0,0
BRDA:75,13,1,0
BRDA:75,13,2,0
BRDA:75,13,3,0
BRDA:81,14,0,0
BRDA:81,14,1,0
BRDA:90,15,0,0
BRDA:90,15,1,0
BRDA:99,16,0,0
BRDA:99,16,1,0
BRDA:100,17,0,0
BRDA:100,17,1,0
BRDA:100,18,0,0
BRDA:100,18,1,0
BRDA:105,19,0,0
BRDA:105,19,1,0
BRDA:107,20,0,0
BRDA:107,20,1,0
BRDA:110,21,0,0
BRDA:110,21,1,0
BRDA:110,22,0,0
BRDA:110,22,1,0
BRDA:123,23,0,0
BRDA:123,23,1,0
BRDA:125,24,0,0
BRDA:125,24,1,0
BRDA:148,25,0,0
BRDA:148,25,1,0
BRDA:161,26,0,0
BRDA:161,26,1,0
BRDA:161,27,0,0
BRDA:161,27,1,0
BRDA:162,28,0,0
BRDA:162,28,1,0
BRDA:174,29,0,0
BRDA:174,29,1,0
BRDA:177,30,0,0
BRDA:177,30,1,0
BRDA:184,31,0,0
BRDA:184,31,1,0
BRDA:201,32,0,0
BRDA:201,32,1,0
BRDA:204,33,0,0
BRDA:204,33,1,0
BRDA:210,34,0,0
BRDA:210,34,1,0
BRDA:221,35,0,0
BRDA:221,35,1,0
BRDA:229,36,0,0
BRDA:229,36,1,0
BRDA:229,37,0,0
BRDA:229,37,1,0
BRDA:232,38,0,0
BRDA:232,38,1,0
BRDA:233,39,0,0
BRDA:233,39,1,0
BRDA:234,40,0,0
BRDA:234,40,1,0
BRDA:237,41,0,0
BRDA:237,41,1,0
BRDA:241,42,0,0
BRDA:241,42,1,0
BRDA:242,43,0,0
BRDA:242,43,1,0
BRDA:245,44,0,0
BRDA:245,44,1,0
BRDA:251,45,0,0
BRDA:251,45,1,0
BRDA:251,45,2,0
BRDA:254,46,0,0
BRDA:254,46,1,0
BRDA:270,47,0,0
BRDA:270,47,1,0
BRDA:273,48,0,0
BRDA:273,48,1,0
BRDA:289,49,0,0
BRDA:289,49,1,0
BRDA:304,50,0,0
BRDA:304,50,1,0
BRDA:320,51,0,0
BRDA:320,51,1,0
BRDA:322,52,0,0
BRDA:322,52,1,0
BRDA:327,53,0,0
BRDA:327,53,1,0
BRDA:327,54,0,0
BRDA:327,54,1,0
BRDA:338,55,0,0
BRDA:338,55,1,0
BRDA:359,56,0,0
BRDA:359,56,1,0
BRDA:369,57,0,0
BRDA:369,57,1,0
BRDA:372,58,0,0
BRDA:372,58,1,0
BRDA:372,59,0,0
BRDA:372,59,1,0
BRDA:372,59,2,0
BRDA:372,59,3,0
BRDA:374,60,0,0
BRDA:374,60,1,0
BRDA:374,61,0,0
BRDA:374,61,1,0
BRDA:374,61,2,0
BRDA:386,62,0,0
BRDA:386,62,1,0
BRDA:387,63,0,0
BRDA:387,63,1,0
BRDA:400,64,0,0
BRDA:400,64,1,0
BRDA:400,65,0,0
BRDA:400,65,1,0
BRDA:405,66,0,0
BRDA:405,66,1,0
BRDA:411,67,0,0
BRDA:411,67,1,0
BRDA:425,68,0,0
BRDA:425,68,1,0
BRDA:431,69,0,0
BRDA:431,69,1,0
BRDA:437,70,0,0
BRDA:437,70,1,0
BRDA:445,71,0,0
BRDA:445,71,1,0
BRDA:452,72,0,0
BRDA:452,72,1,0
BRDA:453,73,0,0
BRDA:453,73,1,0
BRDA:472,74,0,0
BRDA:472,74,1,0
BRDA:472,75,0,0
BRDA:472,75,1,0
BRDA:473,76,0,0
BRDA:473,76,1,0
BRDA:482,77,0,0
BRDA:482,77,1,0
BRDA:487,78,0,0
BRDA:487,78,1,0
BRDA:488,79,0,0
BRDA:488,79,1,0
BRDA:492,80,0,0
BRDA:492,80,1,0
BRDA:511,81,0,0
BRDA:511,81,1,0
BRDA:513,82,0,0
BRDA:513,82,1,0
BRDA:515,83,0,0
BRDA:515,83,1,0
BRDA:526,84,0,0
BRDA:526,84,1,0
BRDA:530,85,0,0
BRDA:530,85,1,0
BRDA:534,86,0,0
BRDA:534,86,1,0
BRDA:534,87,0,0
BRDA:534,87,1,0
BRDA:543,88,0,0
BRDA:543,88,1,0
BRDA:544,89,0,0
BRDA:544,89,1,0
BRDA:545,90,0,0
BRDA:545,90,1,0
BRDA:546,91,0,0
BRDA:546,91,1,0
BRDA:548,92,0,0
BRDA:548,92,1,0
BRDA:569,93,0,0
BRDA:569,93,1,0
BRDA:571,94,0,0
BRDA:571,94,1,0
BRDA:576,95,0,0
BRDA:576,95,1,0
BRDA:576,96,0,0
BRDA:576,96,1,0
BRDA:588,97,0,0
BRDA:588,97,1,0
BRDA:594,98,0,0
BRDA:594,98,1,0
BRF:203
BRH:0
end_of_record
TN:
SF:/Users/stu-adrien/Documents/start-to-xxx/spm_dev/cli/lib/models.js
FN:17,(anonymous_1)
FN:56,(anonymous_2)
FN:92,(anonymous_3)
FN:105,(anonymous_4)
FN:119,(anonymous_5)
FN:161,(anonymous_6)
FN:183,(anonymous_7)
FNF:7
FNH:0
FNDA:0,(anonymous_1)
FNDA:0,(anonymous_2)
FNDA:0,(anonymous_3)
FNDA:0,(anonymous_4)
FNDA:0,(anonymous_5)
FNDA:0,(anonymous_6)
FNDA:0,(anonymous_7)
DA:18,0
DA:19,0
DA:20,0
DA:21,0
DA:22,0
DA:23,0
DA:26,0
DA:27,0
DA:28,0
DA:29,0
DA:30,0
DA:31,0
DA:32,0
DA:37,0
DA:38,0
DA:39,0
DA:42,0
DA:46,0
DA:47,0
DA:48,0
DA:49,0
DA:50,0
DA:57,0
DA:58,0
DA:59,0
DA:60,0
DA:61,0
DA:62,0
DA:63,0
DA:64,0
DA:65,0
DA:66,0
DA:67,0
DA:68,0
DA:69,0
DA:70,0
DA:71,0
DA:77,0
DA:78,0
DA:79,0
DA:80,0
DA:81,0
DA:82,0
DA:83,0
DA:84,0
DA:85,0
DA:86,0
DA:87,0
DA:88,0
DA:93,0
DA:94,0
DA:95,0
DA:97,0
DA:106,0
DA:107,0
DA:108,0
DA:109,0
DA:110,0
DA:111,0
DA:112,0
DA:113,0
DA:138,0
DA:139,0
DA:140,0
DA:141,0
DA:142,0
DA:143,0
DA:144,0
DA:145,0
DA:146,0
DA:147,0
DA:148,0
DA:149,0
DA:150,0
DA:151,0
DA:152,0
DA:153,0
DA:154,0
DA:155,0
DA:162,0
DA:163,0
DA:164,0
DA:165,0
DA:166,0
DA:167,0
DA:168,0
DA:169,0
DA:170,0
DA:171,0
DA:172,0
DA:173,0
DA:174,0
DA:175,0
DA:176,0
DA:177,0
DA:184,0
DA:185,0
DA:186,0
DA:187,0
DA:188,0
DA:189,0
DA:190,0
DA:191,0
DA:192,0
DA:193,0
DA:194,0
DA:195,0
DA:196,0
DA:198,0
DA:199,0
DA:200,0
DA:201,0
DA:203,0
DA:207,0
DA:208,0
DA:209,0
DA:210,0
DA:211,0
DA:215,1
LF:119
LH:1
BRDA:18,1,0,0
BRDA:18,1,1,0
BRDA:32,2,0,0
BRDA:32,2,1,0
BRDA:32,3,0,0
BRDA:32,3,1,0
BRDA:32,3,2,0
BRDA:32,3,3,0
BRDA:32,3,4,0
BRDA:39,4,0,0
BRDA:39,4,1,0
BRDA:65,5,0,0
BRDA:65,5,1,0
BRDA:94,6,0,0
BRDA:94,6,1,0
BRDA:106,7,0,0
BRDA:106,7,1,0
BRDA:106,8,0,0
BRDA:106,8,1,0
BRDA:107,9,0,0
BRDA:107,9,1,0
BRDA:107,10,0,0
BRDA:107,10,1,0
BRDA:165,11,0,0
BRDA:165,11,1,0
BRDA:171,12,0,0
BRDA:171,12,1,0
BRDA:186,13,0,0
BRDA:186,13,1,0
BRDA:186,14,0,0
BRDA:186,14,1,0
BRDA:188,15,0,0
BRDA:188,15,1,0
BRDA:188,16,0,0
BRDA:188,16,1,0
BRDA:193,17,0,0
BRDA:193,17,1,0
BRDA:195,18,0,0
BRDA:195,18,1,0
BRDA:200,19,0,0
BRDA:200,19,1,0
BRDA:200,20,0,0
BRDA:200,20,1,0
BRF:43
BRH:0
end_of_record
TN:
SF:/Users/stu-adrien/Documents/start-to-xxx/spm_dev/cli/lib/debug.js
FNF:0
FNH:0
DA:1,1
DA:2,1
DA:5,1
DA:6,0
DA:7,0
DA:8,0
DA:9,0
DA:10,0
DA:11,0
DA:13,0
DA:16,1
LF:11
LH:4
BRF:0
BRH:0
end_of_record
TN:
SF:/Users/stu-adrien/Documents/start-to-xxx/spm_dev/cli/lib/publish.js
FN:370,(anonymous_1)
FN:481,(anonymous_2)
FN:483,(anonymous_3)
FN:745,(anonymous_4)
FN:804,(anonymous_5)
FNF:5
FNH:0
FNDA:0,(anonymous_1)
FNDA:0,(anonymous_2)
FNDA:0,(anonymous_3)
FNDA:0,(anonymous_4)
FNDA:0,(anonymous_5)
DA:1,1
DA:2,1
DA:3,1
DA:4,1
DA:5,1
DA:6,1
DA:7,1
DA:8,1
DA:9,1
DA:10,1
DA:11,1
DA:12,1
DA:13,1
DA:16,1
DA:17,0
DA:18,0
DA:19,0
DA:20,0
DA:21,0
DA:22,0
DA:23,0
DA:24,0
DA:25,0
DA:26,0
DA:28,0
DA:30,0
DA:35,1
DA:36,0
DA:37,0
DA:38,0
DA:39,0
DA:40,0
DA:41,0
DA:42,0
DA:44,0
DA:50,0
DA:54,0
DA:55,0
DA:56,0
DA:63,1
DA:64,0
DA:65,0
DA:66,0
DA:67,0
DA:72,0
DA:76,0
DA:77,0
DA:78,0
DA:82,0
DA:88,1
DA:89,0
DA:90,0
DA:91,0
DA:93,0
DA:97,1
DA:98,0
DA:99,0
DA:100,0
DA:101,0
DA:115,0
DA:119,0
DA:120,0
DA:121,0
DA:125,0
DA:131,1
DA:132,0
DA:133,0
DA:134,0
DA:136,0
DA:138,0
DA:139,0
DA:141,0
DA:142,0
DA:144,0
DA:145,0
DA:147,0
DA:148,0
DA:150,0
DA:153,0
DA:155,0
DA:156,0
DA:158,0
DA:159,0
DA:161,0
DA:162,0
DA:164,0
DA:166,0
DA:167,0
DA:169,0
DA:170,0
DA:171,0
DA:172,0
DA:173,0
DA:174,0
DA:175,0
DA:176,0
DA:177,0
DA:178,0
DA:179,0
DA:180,0
DA:181,0
DA:182,0
DA:185,0
DA:186,0
DA:187,0
DA:188,0
DA:189,0
DA:190,0
DA:191,0
DA:192,0
DA:193,0
DA:194,0
DA:195,0
DA:196,0
DA:197,0
DA:198,0
DA:199,0
DA:201,0
DA:203,0
DA:209,1
DA:210,0
DA:211,0
DA:212,0
DA:213,0
DA:217,0
DA:223,1
DA:224,0
DA:225,0
DA:226,0
DA:234,1
DA:235,0
DA:236,0
DA:237,0
DA:238,0
DA:239,0
DA:240,0
DA:241,0
DA:243,0
DA:244,0
DA:250,1
DA:251,0
DA:252,0
DA:253,0
DA:256,0
DA:259,0
DA:262,0
DA:264,0
DA:266,0
DA:271,1
DA:272,0
DA:273,0
DA:274,0
DA:275,0
DA:282,1
DA:283,0
DA:284,0
DA:285,0
DA:287,0
DA:288,0
DA:295,1
DA:296,0
DA:297,0
DA:298,0
DA:299,0
DA:300,0
DA:301,0
DA:302,0
DA:307,0
DA:311,1
DA:312,0
DA:313,0
DA:314,0
DA:315,0
DA:316,0
DA:319,0
DA:323,1
DA:324,0
DA:325,0
DA:326,0
DA:330,0
DA:331,0
DA:336,1
DA:337,0
DA:338,0
DA:339,0
DA:340,0
DA:341,0
DA:342,0
DA:343,0
DA:344,0
DA:345,0
DA:346,0
DA:348,0
DA:351,0
DA:355,1
DA:356,0
DA:357,0
DA:358,0
DA:359,0
DA:360,0
DA:363,0
DA:367,1
DA:368,0
DA:369,0
DA:370,0
DA:371,0
DA:372,0
DA:373,0
DA:374,0
DA:375,0
DA:376,0
DA:377,0
DA:378,0
DA:379,0
DA:380,0
DA:382,0
DA:383,0
DA:384,0
DA:386,0
DA:388,0
DA:389,0
DA:390,0
DA:391,0
DA:392,0
DA:394,0
DA:396,0
DA:398,0
DA:404,1
DA:405,0
DA:406,0
DA:409,0
DA:411,0
DA:414,0
DA:416,0
DA:417,0
DA:420,0
DA:424,1
DA:425,0
DA:426,0
DA:427,0
DA:428,0
DA:429,0
DA:430,0
DA:431,0
DA:433,0
DA:435,0
DA:436,0
DA:437,0
DA:439,0
DA:441,0
DA:442,0
DA:443,0
DA:444,0
DA:445,0
DA:446,0
DA:447,0
DA:448,0
DA:452,0
DA:453,0
DA:454,0
DA:456,0
DA:457,0
DA:470,1
DA:471,0
DA:472,0
DA:473,0
DA:474,0
DA:475,0
DA:476,0
DA:477,0
DA:478,0
DA:482,0
DA:483,0
DA:484,0
DA:485,0
DA:487,0
DA:488,0
DA:492,0
DA:494,0
DA:499,0
DA:505,1
DA:506,0
DA:507,0
DA:508,0
DA:509,0
DA:517,0
DA:519,0
DA:520,0
DA:521,0
DA:522,0
DA:523,0
DA:524,0
DA:525,0
DA:528,0
DA:529,0
DA:533,0
DA:539,1
DA:540,0
DA:541,0
DA:542,0
DA:543,0
DA:544,0
DA:545,0
DA:546,0
DA:547,0
DA:548,0
DA:549,0
DA:552,0
DA:553,0
DA:554,0
DA:557,0
DA:558,0
DA:565,1
DA:566,0
DA:567,0
DA:568,0
DA:569,0
DA:570,0
DA:571,0
DA:572,0
DA:573,0
DA:575,0
DA:577,0
DA:578,0
DA:579,0
DA:580,0
DA:582,0
DA:583,0
DA:585,0
DA:586,0
DA:587,0
DA:592,0
DA:599,1
DA:600,0
DA:601,0
DA:602,0
DA:603,0
DA:609,1
DA:610,0
DA:611,0
DA:612,0
DA:622,1
DA:623,0
DA:624,0
DA:625,0
DA:626,0
DA:627,0
DA:628,0
DA:629,0
DA:630,0
DA:631,0
DA:632,0
DA:633,0
DA:634,0
DA:635,0
DA:636,0
DA:637,0
DA:638,0
DA:641,0
DA:643,0
DA:644,0
DA:645,0
DA:646,0
DA:647,0
DA:648,0
DA:655,0
DA:658,0
DA:665,1
DA:666,0
DA:667,0
DA:668,0
DA:669,0
DA:670,0
DA:671,0
DA:678,1
DA:679,0
DA:680,0
DA:681,0
DA:682,0
DA:683,0
DA:685,0
DA:693,1
DA:694,0
DA:695,0
DA:696,0
DA:697,0
DA:699,0
DA:701,0
DA:709,1
DA:710,0
DA:711,0
DA:712,0
DA:732,0
DA:733,0
DA:734,0
DA:735,0
DA:737,0
DA:738,0
DA:739,0
DA:746,0
DA:748,0
DA:749,0
DA:750,0
DA:751,0
DA:753,0
DA:754,0
DA:755,0
DA:757,0
DA:758,0
DA:767,1
DA:768,0
DA:769,0
DA:770,0
DA:783,1
DA:784,0
DA:785,0
DA:793,0
DA:794,0
LF:418
LH:46
BRDA:17,1,0,0
BRDA:17,1,1,0
BRDA:21,2,0,0
BRDA:21,2,1,0
BRDA:36,3,0,0
BRDA:36,3,1,0
BRDA:38,4,0,0
BRDA:38,4,1,0
BRDA:41,5,0,0
BRDA:41,5,1,0
BRDA:41,6,0,0
BRDA:41,6,1,0
BRDA:47,7,0,0
BRDA:47,7,1,0
BRDA:50,8,0,0
BRDA:50,8,1,0
BRDA:54,9,0,0
BRDA:54,9,1,0
BRDA:65,10,0,0
BRDA:65,10,1,0
BRDA:69,11,0,0
BRDA:69,11,1,0
BRDA:72,12,0,0
BRDA:72,12,1,0
BRDA:72,13,0,0
BRDA:72,13,1,0
BRDA:76,14,0,0
BRDA:76,14,1,0
BRDA:91,15,0,0
BRDA:91,15,1,0
BRDA:100,16,0,0
BRDA:100,16,1,0
BRDA:100,17,0,0
BRDA:100,17,1,0
BRDA:100,17,2,0
BRDA:100,17,3,0
BRDA:115,18,0,0
BRDA:115,18,1,0
BRDA:115,19,0,0
BRDA:115,19,1,0
BRDA:119,20,0,0
BRDA:119,20,1,0
BRDA:132,21,0,0
BRDA:132,21,1,0
BRDA:134,22,0,0
BRDA:134,22,1,0
BRDA:136,23,0,0
BRDA:136,23,1,0
BRDA:136,23,2,0
BRDA:136,23,3,0
BRDA:136,23,4,0
BRDA:153,24,0,0
BRDA:153,24,1,0
BRDA:153,24,2,0
BRDA:153,24,3,0
BRDA:166,25,0,0
BRDA:166,25,1,0
BRDA:185,26,0,0
BRDA:185,26,1,0
BRDA:210,27,0,0
BRDA:210,27,1,0
BRDA:212,28,0,0
BRDA:212,28,1,0
BRDA:224,29,0,0
BRDA:224,29,1,0
BRDA:235,30,0,0
BRDA:235,30,1,0
BRDA:238,31,0,0
BRDA:238,31,1,0
BRDA:238,32,0,0
BRDA:238,32,1,0
BRDA:240,33,0,0
BRDA:240,33,1,0
BRDA:251,34,0,0
BRDA:251,34,1,0
BRDA:253,35,0,0
BRDA:253,35,1,0
BRDA:253,35,2,0
BRDA:253,35,3,0
BRDA:272,36,0,0
BRDA:272,36,1,0
BRDA:283,37,0,0
BRDA:283,37,1,0
BRDA:296,38,0,0
BRDA:296,38,1,0
BRDA:299,39,0,0
BRDA:299,39,1,0
BRDA:301,40,0,0
BRDA:301,40,1,0
BRDA:312,41,0,0
BRDA:312,41,1,0
BRDA:315,42,0,0
BRDA:315,42,1,0
BRDA:324,43,0,0
BRDA:324,43,1,0
BRDA:338,44,0,0
BRDA:338,44,1,0
BRDA:341,45,0,0
BRDA:341,45,1,0
BRDA:346,46,0,0
BRDA:346,46,1,0
BRDA:346,47,0,0
BRDA:346,47,1,0
BRDA:346,47,2,0
BRDA:359,48,0,0
BRDA:359,48,1,0
BRDA:359,49,0,0
BRDA:359,49,1,0
BRDA:368,50,0,0
BRDA:368,50,1,0
BRDA:371,51,0,0
BRDA:371,51,1,0
BRDA:377,52,0,0
BRDA:377,52,1,0
BRDA:380,53,0,0
BRDA:380,53,1,0
BRDA:380,53,2,0
BRDA:382,54,0,0
BRDA:382,54,1,0
BRDA:383,55,0,0
BRDA:383,55,1,0
BRDA:390,56,0,0
BRDA:390,56,1,0
BRDA:390,57,0,0
BRDA:390,57,1,0
BRDA:391,58,0,0
BRDA:391,58,1,0
BRDA:391,59,0,0
BRDA:391,59,1,0
BRDA:405,60,0,0
BRDA:405,60,1,0
BRDA:406,61,0,0
BRDA:406,61,1,0
BRDA:406,62,0,0
BRDA:406,62,1,0
BRDA:406,62,2,0
BRDA:411,63,0,0
BRDA:411,63,1,0
BRDA:411,64,0,0
BRDA:411,64,1,0
BRDA:411,64,2,0
BRDA:416,65,0,0
BRDA:416,65,1,0
BRDA:416,66,0,0
BRDA:416,66,1,0
BRDA:425,67,0,0
BRDA:425,67,1,0
BRDA:426,68,0,0
BRDA:426,68,1,0
BRDA:429,69,0,0
BRDA:429,69,1,0
BRDA:431,70,0,0
BRDA:431,70,1,0
BRDA:436,71,0,0
BRDA:436,71,1,0
BRDA:445,72,0,0
BRDA:445,72,1,0
BRDA:447,73,0,0
BRDA:447,73,1,0
BRDA:447,74,0,0
BRDA:447,74,1,0
BRDA:471,75,0,0
BRDA:471,75,1,0
BRDA:473,76,0,0
BRDA:473,76,1,0
BRDA:475,77,0,0
BRDA:475,77,1,0
BRDA:475,78,0,0
BRDA:475,78,1,0
BRDA:477,79,0,0
BRDA:477,79,1,0
BRDA:482,80,0,0
BRDA:482,80,1,0
BRDA:484,81,0,0
BRDA:484,81,1,0
BRDA:506,82,0,0
BRDA:506,82,1,0
BRDA:508,83,0,0
BRDA:508,83,1,0
BRDA:523,84,0,0
BRDA:523,84,1,0
BRDA:540,85,0,0
BRDA:540,85,1,0
BRDA:547,86,0,0
BRDA:547,86,1,0
BRDA:552,87,0,0
BRDA:552,87,1,0
BRDA:566,88,0,0
BRDA:566,88,1,0
BRDA:578,89,0,0
BRDA:578,89,1,0
BRDA:600,90,0,0
BRDA:600,90,1,0
BRDA:610,91,0,0
BRDA:610,91,1,0
BRDA:623,92,0,0
BRDA:623,92,1,0
BRDA:626,93,0,0
BRDA:626,93,1,0
BRDA:626,94,0,0
BRDA:626,94,1,0
BRDA:628,95,0,0
BRDA:628,95,1,0
BRDA:629,96,0,0
BRDA:629,96,1,0
BRDA:632,97,0,0
BRDA:632,97,1,0
BRDA:632,98,0,0
BRDA:632,98,1,0
BRDA:633,99,0,0
BRDA:633,99,1,0
BRDA:634,100,0,0
BRDA:634,100,1,0
BRDA:637,101,0,0
BRDA:637,101,1,0
BRDA:644,102,0,0
BRDA:644,102,1,0
BRDA:647,103,0,0
BRDA:647,103,1,0
BRDA:666,104,0,0
BRDA:666,104,1,0
BRDA:669,105,0,0
BRDA:669,105,1,0
BRDA:669,106,0,0
BRDA:669,106,1,0
BRDA:679,107,0,0
BRDA:679,107,1,0
BRDA:682,108,0,0
BRDA:682,108,1,0
BRDA:682,109,0,0
BRDA:682,109,1,0
BRDA:694,110,0,0
BRDA:694,110,1,0
BRDA:710,111,0,0
BRDA:710,111,1,0
BRDA:734,112,0,0
BRDA:734,112,1,0
BRDA:748,113,0,0
BRDA:748,113,1,0
BRDA:750,114,0,0
BRDA:750,114,1,0
BRDA:754,115,0,0
BRDA:754,115,1,0
BRDA:754,116,0,0
BRDA:754,116,1,0
BRDA:755,117,0,0
BRDA:755,117,1,0
BRDA:768,118,0,0
BRDA:768,118,1,0
BRF:249
BRH:0
end_of_record
TN:
SF:/Users/stu-adrien/Documents/start-to-xxx/spm_dev/cli/lib/authentify.js
FNF:0
FNH:0
DA:1,1
DA:2,1
DA:3,1
DA:4,1
DA:5,1
DA:6,1
DA:8,1
DA:11,1
DA:12,0
DA:13,0
DA:14,0
DA:15,0
DA:16,0
DA:22,0
DA:29,0
DA:32,0
DA:41,0
DA:45,0
DA:49,0
DA:51,0
DA:52,0
DA:57,0
DA:58,0
DA:59,0
DA:60,0
DA:61,0
DA:63,0
DA:64,0
DA:65,0
DA:66,0
DA:67,0
DA:68,0
DA:70,0
DA:72,0
DA:74,0
DA:75,0
DA:76,0
DA:81,0
DA:82,0
DA:83,0
DA:84,0
DA:85,0
DA:87,0
DA:88,0
DA:89,0
DA:90,0
DA:91,0
DA:92,0
DA:94,0
DA:96,0
DA:98,0
DA:102,0
DA:107,1
DA:108,0
DA:109,0
DA:116,1
DA:117,0
DA:118,0
DA:125,1
DA:126,0
DA:127,0
DA:128,0
DA:129,0
DA:135,0
DA:139,0
DA:140,0
DA:141,0
DA:142,0
DA:143,0
DA:144,0
DA:147,0
DA:153,1
DA:154,0
DA:155,0
DA:156,0
DA:157,0
DA:158,0
DA:160,0
DA:161,0
DA:162,0
DA:167,1
LF:81
LH:13
BRDA:14,1,0,0
BRDA:14,1,1,0
BRDA:14,2,0,0
BRDA:14,2,1,0
BRDA:22,3,0,0
BRDA:22,3,1,0
BRDA:22,4,0,0
BRDA:22,4,1,0
BRDA:32,5,0,0
BRDA:32,5,1,0
BRDA:41,6,0,0
BRDA:41,6,1,0
BRDA:49,7,0,0
BRDA:49,7,1,0
BRDA:49,7,2,0
BRDA:57,8,0,0
BRDA:57,8,1,0
BRDA:60,9,0,0
BRDA:60,9,1,0
BRDA:81,10,0,0
BRDA:81,10,1,0
BRDA:84,11,0,0
BRDA:84,11,1,0
BRDA:128,12,0,0
BRDA:128,12,1,0
BRDA:135,13,0,0
BRDA:135,13,1,0
BRDA:142,14,0,0
BRDA:142,14,1,0
BRDA:156,15,0,0
BRDA:156,15,1,0
BRDA:156,16,0,0
BRDA:156,16,1,0
BRF:33
BRH:0
end_of_record
TN:
SF:/Users/stu-adrien/Documents/start-to-xxx/spm_dev/cli/lib/spinner.js
FN:7,(anonymous_1)
FN:10,(anonymous_2)
FN:15,(anonymous_3)
FNF:3
FNH:0
FNDA:0,(anonymous_1)
FNDA:0,(anonymous_2)
FNDA:0,(anonymous_3)
DA:1,1
DA:2,1
DA:3,1
DA:8,0
DA:10,0
DA:11,0
DA:12,0
DA:15,0
DA:16,0
DA:24,1
LF:10
LH:4
BRF:0
BRH:0
end_of_record
TN:
SF:/Users/stu-adrien/Documents/start-to-xxx/spm_dev/cli/lib/install.js
FN:500,(anonymous_1)
FNF:1
FNH:0
FNDA:0,(anonymous_1)
DA:3,1
DA:4,1
DA:5,1
DA:7,1
DA:8,1
DA:9,1
DA:10,1
DA:11,1
DA:14,1
DA:15,0
DA:16,0
DA:17,0
DA:18,0
DA:19,0
DA:21,0
DA:22,0
DA:23,0
DA:24,0
DA:25,0
DA:27,0
DA:29,0
DA:30,0
DA:31,0
DA:33,0
DA:39,1
DA:40,0
DA:41,0
DA:42,0
DA:43,0
DA:44,0
DA:45,0
DA:46,0
DA:47,0
DA:48,0
DA:49,0
DA:50,0
DA:52,0
DA:53,0
DA:54,0
DA:55,0
DA:56,0
DA:57,0
DA:59,0
DA:62,0
DA:63,0
DA:64,0
DA:71,1
DA:72,0
DA:73,0
DA:74,0
DA:75,0
DA:77,0
DA:78,0
DA:80,0
DA:81,0
DA:82,0
DA:83,0
DA:85,0
DA:86,0
DA:87,0
DA:88,0
DA:89,0
DA:90,0
DA:91,0
DA:93,0
DA:94,0
DA:100,0
DA:101,0
DA:103,0
DA:104,0
DA:111,1
DA:112,0
DA:113,0
DA:114,0
DA:115,0
DA:116,0
DA:118,0
DA:119,0
DA:123,1
DA:124,0
DA:125,0
DA:126,0
DA:127,0
DA:128,0
DA:129,0
DA:130,0
DA:131,0
DA:132,0
DA:133,0
DA:134,0
DA:136,0
DA:137,0
DA:138,0
DA:141,0
DA:142,0
DA:143,0
DA:145,0
DA:146,0
DA:150,1
DA:151,0
DA:152,0
DA:153,0
DA:154,0
DA:155,0
DA:156,0
DA:157,0
DA:158,0
DA:159,0
DA:160,0
DA:162,0
DA:163,0
DA:164,0
DA:165,0
DA:166,0
DA:167,0
DA:168,0
DA:169,0
DA:170,0
DA:173,0
DA:174,0
DA:181,1
DA:182,0
DA:183,0
DA:185,0
DA:186,0
DA:187,0
DA:188,0
DA:189,0
DA:190,0
DA:191,0
DA:192,0
DA:193,0
DA:197,0
DA:199,0
DA:200,0
DA:201,0
DA:203,0
DA:205,0
DA:206,0
DA:208,0
DA:210,0
DA:211,0
DA:212,0
DA:216,1
DA:217,0
DA:218,0
DA:219,0
DA:220,0
DA:221,0
DA:222,0
DA:223,0
DA:224,0
DA:226,0
DA:228,0
DA:233,1
DA:234,0
DA:235,0
DA:236,0
DA:238,0
DA:239,0
DA:240,0
DA:241,0
DA:242,0
DA:243,0
DA:245,0
DA:247,0
DA:249,0
DA:250,0
DA:255,1
DA:256,0
DA:257,0
DA:258,0
DA:259,0
DA:260,0
DA:262,0
DA:263,0
DA:264,0
DA:265,0
DA:266,0
DA:267,0
DA:268,0
DA:269,0
DA:270,0
DA:271,0
DA:272,0
DA:274,0
DA:276,0
DA:277,0
DA:279,0
DA:280,0
DA:281,0
DA:282,0
DA:283,0
DA:284,0
DA:288,0
DA:294,1
DA:295,0
DA:296,0
DA:297,0
DA:299,0
DA:302,0
DA:303,0
DA:304,0
DA:305,0
DA:307,0
DA:309,0
DA:310,0
DA:311,0
DA:312,0
DA:322,0
DA:323,0
DA:324,0
DA:325,0
DA:326,0
DA:327,0
DA:329,0
DA:330,0
DA:332,0
DA:335,0
DA:336,0
DA:343,0
DA:344,0
DA:345,0
DA:346,0
DA:347,0
DA:355,0
DA:356,0
DA:357,0
DA:358,0
DA:359,0
DA:360,0
DA:362,0
DA:367,0
DA:368,0
DA:369,0
DA:371,0
DA:372,0
DA:377,0
DA:384,1
DA:385,0
DA:386,0
DA:387,0
DA:388,0
DA:390,0
DA:391,0
DA:392,0
DA:393,0
DA:394,0
DA:395,0
DA:396,0
DA:397,0
DA:398,0
DA:399,0
DA:400,0
DA:401,0
DA:403,0
DA:409,0
DA:410,0
DA:411,0
DA:412,0
DA:422,1
DA:423,0
DA:424,0
DA:425,0
DA:426,0
DA:427,0
DA:428,0
DA:429,0
DA:432,0
DA:433,0
DA:434,0
DA:435,0
DA:441,1
DA:442,0
DA:443,0
DA:444,0
DA:445,0
DA:451,1
DA:452,0
DA:453,0
DA:454,0
DA:455,0
DA:457,0
DA:458,0
DA:459,0
DA:461,0
DA:462,0
DA:465,0
DA:466,0
DA:473,1
DA:474,0
DA:475,0
DA:489,0
DA:490,0
DA:501,0
LF:295
LH:24
BRDA:15,1,0,0
BRDA:15,1,1,0
BRDA:18,2,0,0
BRDA:18,2,1,0
BRDA:22,3,0,0
BRDA:22,3,1,0
BRDA:29,4,0,0
BRDA:29,4,1,0
BRDA:40,5,0,0
BRDA:40,5,1,0
BRDA:43,6,0,0
BRDA:43,6,1,0
BRDA:43,7,0,0
BRDA:43,7,1,0
BRDA:45,8,0,0
BRDA:45,8,1,0
BRDA:45,9,0,0
BRDA:45,9,1,0
BRDA:47,10,0,0
BRDA:47,10,1,0
BRDA:49,11,0,0
BRDA:49,11,1,0
BRDA:52,12,0,0
BRDA:52,12,1,0
BRDA:52,13,0,0
BRDA:52,13,1,0
BRDA:55,14,0,0
BRDA:55,14,1,0
BRDA:63,15,0,0
BRDA:63,15,1,0
BRDA:72,16,0,0
BRDA:72,16,1,0
BRDA:74,17,0,0
BRDA:74,17,1,0
BRDA:77,18,0,0
BRDA:77,18,1,0
BRDA:81,19,0,0
BRDA:81,19,1,0
BRDA:85,20,0,0
BRDA:85,20,1,0
BRDA:86,21,0,0
BRDA:86,21,1,0
BRDA:87,22,0,0
BRDA:87,22,1,0
BRDA:88,23,0,0
BRDA:88,23,1,0
BRDA:88,24,0,0
BRDA:88,24,1,0
BRDA:100,25,0,0
BRDA:100,25,1,0
BRDA:112,26,0,0
BRDA:112,26,1,0
BRDA:114,27,0,0
BRDA:114,27,1,0
BRDA:118,28,0,0
BRDA:118,28,1,0
BRDA:124,29,0,0
BRDA:124,29,1,0
BRDA:127,30,0,0
BRDA:127,30,1,0
BRDA:129,31,0,0
BRDA:129,31,1,0
BRDA:130,32,0,0
BRDA:130,32,1,0
BRDA:133,33,0,0
BRDA:133,33,1,0
BRDA:134,34,0,0
BRDA:134,34,1,0
BRDA:145,35,0,0
BRDA:145,35,1,0
BRDA:151,36,0,0
BRDA:151,36,1,0
BRDA:154,37,0,0
BRDA:154,37,1,0
BRDA:154,38,0,0
BRDA:154,38,1,0
BRDA:157,39,0,0
BRDA:157,39,1,0
BRDA:158,40,0,0
BRDA:158,40,1,0
BRDA:159,41,0,0
BRDA:159,41,1,0
BRDA:165,42,0,0
BRDA:165,42,1,0
BRDA:166,43,0,0
BRDA:166,43,1,0
BRDA:182,44,0,0
BRDA:182,44,1,0
BRDA:183,45,0,0
BRDA:183,45,1,0
BRDA:183,45,2,0
BRDA:186,46,0,0
BRDA:186,46,1,0
BRDA:187,47,0,0
BRDA:187,47,1,0
BRDA:190,48,0,0
BRDA:190,48,1,0
BRDA:192,49,0,0
BRDA:192,49,1,0
BRDA:192,50,0,0
BRDA:192,50,1,0
BRDA:200,51,0,0
BRDA:200,51,1,0
BRDA:200,52,0,0
BRDA:200,52,1,0
BRDA:200,52,2,0
BRDA:200,52,3,0
BRDA:206,53,0,0
BRDA:206,53,1,0
BRDA:206,54,0,0
BRDA:206,54,1,0
BRDA:210,55,0,0
BRDA:210,55,1,0
BRDA:211,56,0,0
BRDA:211,56,1,0
BRDA:217,57,0,0
BRDA:217,57,1,0
BRDA:221,58,0,0
BRDA:221,58,1,0
BRDA:221,59,0,0
BRDA:221,59,1,0
BRDA:223,60,0,0
BRDA:223,60,1,0
BRDA:234,61,0,0
BRDA:234,61,1,0
BRDA:238,62,0,0
BRDA:238,62,1,0
BRDA:240,63,0,0
BRDA:240,63,1,0
BRDA:240,64,0,0
BRDA:240,64,1,0
BRDA:242,65,0,0
BRDA:242,65,1,0
BRDA:249,66,0,0
BRDA:249,66,1,0
BRDA:256,67,0,0
BRDA:256,67,1,0
BRDA:259,68,0,0
BRDA:259,68,1,0
BRDA:262,69,0,0
BRDA:262,69,1,0
BRDA:264,70,0,0
BRDA:264,70,1,0
BRDA:270,71,0,0
BRDA:270,71,1,0
BRDA:271,72,0,0
BRDA:271,72,1,0
BRDA:279,73,0,0
BRDA:279,73,1,0
BRDA:283,74,0,0
BRDA:283,74,1,0
BRDA:295,75,0,0
BRDA:295,75,1,0
BRDA:299,76,0,0
BRDA:299,76,1,0
BRDA:299,77,0,0
BRDA:299,77,1,0
BRDA:299,77,2,0
BRDA:299,77,3,0
BRDA:299,77,4,0
BRDA:299,77,5,0
BRDA:299,77,6,0
BRDA:299,77,7,0
BRDA:299,77,8,0
BRDA:302,78,0,0
BRDA:302,78,1,0
BRDA:303,79,0,0
BRDA:303,79,1,0
BRDA:304,80,0,0
BRDA:304,80,1,0
BRDA:309,81,0,0
BRDA:309,81,1,0
BRDA:322,82,0,0
BRDA:322,82,1,0
BRDA:323,83,0,0
BRDA:323,83,1,0
BRDA:329,84,0,0
BRDA:329,84,1,0
BRDA:343,85,0,0
BRDA:343,85,1,0
BRDA:343,86,0,0
BRDA:343,86,1,0
BRDA:344,87,0,0
BRDA:344,87,1,0
BRDA:355,88,0,0
BRDA:355,88,1,0
BRDA:356,89,0,0
BRDA:356,89,1,0
BRDA:357,90,0,0
BRDA:357,90,1,0
BRDA:358,91,0,0
BRDA:358,91,1,0
BRDA:360,92,0,0
BRDA:360,92,1,0
BRDA:360,93,0,0
BRDA:360,93,1,0
BRDA:360,93,2,0
BRDA:360,93,3,0
BRDA:367,94,0,0
BRDA:367,94,1,0
BRDA:367,95,0,0
BRDA:367,95,1,0
BRDA:385,96,0,0
BRDA:385,96,1,0
BRDA:387,97,0,0
BRDA:387,97,1,0
BRDA:391,98,0,0
BRDA:391,98,1,0
BRDA:391,99,0,0
BRDA:391,99,1,0
BRDA:398,100,0,0
BRDA:398,100,1,0
BRDA:399,101,0,0
BRDA:399,101,1,0
BRDA:400,102,0,0
BRDA:400,102,1,0
BRDA:400,103,0,0
BRDA:400,103,1,0
BRDA:405,104,0,0
BRDA:405,104,1,0
BRDA:410,105,0,0
BRDA:410,105,1,0
BRDA:423,106,0,0
BRDA:423,106,1,0
BRDA:432,107,0,0
BRDA:432,107,1,0
BRDA:442,108,0,0
BRDA:442,108,1,0
BRDA:452,109,0,0
BRDA:452,109,1,0
BRDA:454,110,0,0
BRDA:454,110,1,0
BRDA:458,111,0,0
BRDA:458,111,1,0
BRDA:458,112,0,0
BRDA:458,112,1,0
BRF:236
BRH:0
end_of_record
TN:
SF:/Users/stu-adrien/Documents/start-to-xxx/spm_dev/cli/lib/tree.js
FNF:0
FNH:0
DA:1,1
DA:2,1
DA:5,1
DA:6,0
DA:7,0
DA:8,0
DA:9,0
DA:10,0
DA:11,0
DA:12,0
DA:13,0
DA:14,0
DA:15,0
DA:16,0
DA:17,0
DA:18,0
DA:19,0
DA:20,0
DA:21,0
DA:24,0
DA:26,0
DA:27,0
DA:29,0
DA:31,0
DA:33,0
DA:34,0
DA:39,1
DA:40,0
DA:41,0
DA:42,0
DA:43,0
DA:44,0
DA:45,0
DA:46,0
DA:47,0
DA:48,0
DA:49,0
DA:51,0
DA:52,0
DA:53,0
DA:55,0
DA:56,0
DA:57,0
DA:64,0
DA:65,0
DA:66,0
DA:67,0
DA:68,0
DA:70,0
DA:72,0
DA:75,0
DA:76,0
DA:80,1
DA:81,0
DA:82,0
DA:83,0
DA:84,0
DA:85,0
DA:86,0
DA:88,0
DA:93,0
DA:94,0
DA:95,0
DA:99,1
LF:64
LH:6
BRDA:6,1,0,0
BRDA:6,1,1,0
BRDA:7,2,0,0
BRDA:7,2,1,0
BRDA:13,3,0,0
BRDA:13,3,1,0
BRDA:13,4,0,0
BRDA:13,4,1,0
BRDA:16,5,0,0
BRDA:16,5,1,0
BRDA:20,6,0,0
BRDA:20,6,1,0
BRDA:20,7,0,0
BRDA:20,7,1,0
BRDA:24,8,0,0
BRDA:24,8,1,0
BRDA:24,9,0,0
BRDA:24,9,1,0
BRDA:29,10,0,0
BRDA:29,10,1,0
BRDA:29,11,0,0
BRDA:29,11,1,0
BRDA:44,12,0,0
BRDA:44,12,1,0
BRDA:45,13,0,0
BRDA:45,13,1,0
BRDA:45,14,0,0
BRDA:45,14,1,0
BRDA:46,15,0,0
BRDA:46,15,1,0
BRDA:48,16,0,0
BRDA:48,16,1,0
BRDA:56,17,0,0
BRDA:56,17,1,0
BRDA:64,18,0,0
BRDA:64,18,1,0
BRDA:67,19,0,0
BRDA:67,19,1,0
BRDA:68,20,0,0
BRDA:68,20,1,0
BRDA:75,21,0,0
BRDA:75,21,1,0
BRDA:81,22,0,0
BRDA:81,22,1,0
BRDA:84,23,0,0
BRDA:84,23,1,0
BRDA:84,24,0,0
BRDA:84,24,1,0
BRF:48
BRH:0
end_of_record
TN:
SF:/Users/stu-adrien/Documents/start-to-xxx/spm_dev/cli/lib/ls.js
FN:106,(anonymous_1)
FNF:1
FNH:0
FNDA:0,(anonymous_1)
DA:1,1
DA:2,1
DA:3,1
DA:4,1
DA:5,1
DA:8,1
DA:9,0
DA:10,0
DA:11,0
DA:12,0
DA:13,0
DA:15,0
DA:16,0
DA:17,0
DA:18,0
DA:19,0
DA:21,0
DA:23,0
DA:28,1
DA:29,0
DA:30,0
DA:31,0
DA:33,0
DA:34,0
DA:35,0
DA:36,0
DA:37,0
DA:38,0
DA:45,1
DA:46,0
DA:47,0
DA:48,0
DA:50,0
DA:51,0
DA:52,0
DA:53,0
DA:54,0
DA:55,0
DA:56,0
DA:58,0
DA:59,0
DA:65,0
DA:66,0
DA:76,1
DA:77,0
DA:78,0
DA:79,0
DA:80,0
DA:81,0
DA:82,0
DA:83,0
DA:85,0
DA:86,0
DA:87,0
DA:93,1
DA:94,0
DA:95,0
DA:100,0
DA:106,0
LF:59
LH:10
BRDA:9,1,0,0
BRDA:9,1,1,0
BRDA:12,2,0,0
BRDA:12,2,1,0
BRDA:16,3,0,0
BRDA:16,3,1,0
BRDA:29,4,0,0
BRDA:29,4,1,0
BRDA:47,5,0,0
BRDA:47,5,1,0
BRDA:77,6,0,0
BRDA:77,6,1,0
BRDA:79,7,0,0
BRDA:79,7,1,0
BRF:14
BRH:0
end_of_record
TN:
SF:/Users/stu-adrien/Documents/start-to-xxx/spm_dev/cli/lib/generate.js
FN:429,(anonymous_1)
FNF:1
FNH:0
FNDA:0,(anonymous_1)
DA:2,1
DA:3,1
DA:4,1
DA:5,1
DA:6,1
DA:7,1
DA:8,1
DA:11,1
DA:12,0
DA:13,0
DA:14,0
DA:15,0
DA:16,0
DA:17,0
DA:18,0
DA:19,0
DA:21,0
DA:23,0
DA:24,0
DA:26,0
DA:28,0
DA:29,0
DA:30,0
DA:31,0
DA:33,0
DA:35,0
DA:40,1
DA:41,0
DA:42,0
DA:43,0
DA:44,0
DA:46,0
DA:48,0
DA:49,0
DA:51,0
DA:52,0
DA:53,0
DA:54,0
DA:57,0
DA:64,1
DA:65,0
DA:66,0
DA:67,0
DA:74,0
DA:76,0
DA:83,1
DA:84,0
DA:85,0
DA:86,0
DA:87,0
DA:88,0
DA:89,0
DA:90,0
DA:92,0
DA:93,0
DA:94,0
DA:95,0
DA:96,0
DA:98,0
DA:99,0
DA:102,0
DA:104,0
DA:105,0
DA:110,0
DA:117,1
DA:118,0
DA:119,0
DA:120,0
DA:122,0
DA:123,0
DA:124,0
DA:125,0
DA:126,0
DA:129,0
DA:136,1
DA:137,0
DA:138,0
DA:139,0
DA:140,0
DA:142,0
DA:143,0
DA:144,0
DA:145,0
DA:146,0
DA:150,0
DA:151,0
DA:152,0
DA:153,0
DA:154,0
DA:156,0
DA:158,0
DA:160,0
DA:162,0
DA:163,0
DA:164,0
DA:165,0
DA:167,0
DA:169,0
DA:170,0
DA:171,0
DA:172,0
DA:173,0
DA:174,0
DA:176,0
DA:178,0
DA:179,0
DA:180,0
DA:181,0
DA:183,0
DA:194,1
DA:195,0
DA:196,0
DA:197,0
DA:198,0
DA:200,0
DA:201,0
DA:202,0
DA:203,0
DA:204,0
DA:206,0
DA:207,0
DA:209,0
DA:215,1
DA:216,0
DA:220,1
DA:221,0
DA:222,0
DA:223,0
DA:224,0
DA:225,0
DA:227,0
DA:228,0
DA:229,0
DA:231,0
DA:234,0
DA:235,0
DA:236,0
DA:242,0
DA:243,0
DA:245,0
DA:246,0
DA:248,0
DA:249,0
DA:250,0
DA:251,0
DA:258,0
DA:259,0
DA:261,0
DA:263,0
DA:264,0
DA:266,0
DA:267,0
DA:269,0
DA:277,1
DA:278,0
DA:279,0
DA:280,0
DA:281,0
DA:282,0
DA:288,1
DA:289,0
DA:290,0
DA:291,0
DA:292,0
DA:293,0
DA:294,0
DA:295,0
DA:296,0
DA:297,0
DA:298,0
DA:299,0
DA:300,0
DA:301,0
DA:302,0
DA:303,0
DA:304,0
DA:306,0
DA:309,0
DA:310,0
DA:311,0
DA:312,0
DA:313,0
DA:314,0
DA:315,0
DA:316,0
DA:318,0
DA:319,0
DA:323,0
DA:324,0
DA:327,0
DA:333,1
DA:334,0
DA:335,0
DA:336,0
DA:337,0
DA:338,0
DA:342,0
DA:343,0
DA:344,0
DA:346,0
DA:347,0
DA:350,0
DA:357,1
DA:358,0
DA:359,0
DA:360,0
DA:361,0
DA:363,0
DA:364,0
DA:366,0
DA:367,0
DA:372,0
DA:373,0
DA:375,0
DA:376,0
DA:377,0
DA:378,0
DA:379,0
DA:381,0
DA:384,0
DA:385,0
DA:386,0
DA:387,0
DA:389,0
DA:392,0
DA:393,0
DA:400,1
DA:401,0
DA:402,0
DA:414,0
DA:415,0
DA:430,0
LF:232
LH:21
BRDA:12,1,0,0
BRDA:12,1,1,0
BRDA:14,2,0,0
BRDA:14,2,1,0
BRDA:16,3,0,0
BRDA:16,3,1,0
BRDA:18,4,0,0
BRDA:18,4,1,0
BRDA:23,5,0,0
BRDA:23,5,1,0
BRDA:29,6,0,0
BRDA:29,6,1,0
BRDA:41,7,0,0
BRDA:41,7,1,0
BRDA:43,8,0,0
BRDA:43,8,1,0
BRDA:48,9,0,0
BRDA:48,9,1,0
BRDA:52,10,0,0
BRDA:52,10,1,0
BRDA:66,11,0,0
BRDA:66,11,1,0
BRDA:66,12,0,0
BRDA:66,12,1,0
BRDA:84,13,0,0
BRDA:84,13,1,0
BRDA:87,14,0,0
BRDA:87,14,1,0
BRDA:90,15,0,0
BRDA:90,15,1,0
BRDA:92,16,0,0
BRDA:92,16,1,0
BRDA:93,17,0,0
BRDA:93,17,1,0
BRDA:94,18,0,0
BRDA:94,18,1,0
BRDA:95,19,0,0
BRDA:95,19,1,0
BRDA:118,20,0,0
BRDA:118,20,1,0
BRDA:122,21,0,0
BRDA:122,21,1,0
BRDA:124,22,0,0
BRDA:124,22,1,0
BRDA:124,23,0,0
BRDA:124,23,1,0
BRDA:126,24,0,0
BRDA:126,24,1,0
BRDA:137,25,0,0
BRDA:137,25,1,0
BRDA:139,26,0,0
BRDA:139,26,1,0
BRDA:142,27,0,0
BRDA:142,27,1,0
BRDA:144,28,0,0
BRDA:144,28,1,0
BRDA:158,29,0,0
BRDA:158,29,1,0
BRDA:158,29,2,0
BRDA:165,30,0,0
BRDA:165,30,1,0
BRDA:181,31,0,0
BRDA:181,31,1,0
BRDA:195,32,0,0
BRDA:195,32,1,0
BRDA:197,33,0,0
BRDA:197,33,1,0
BRDA:201,34,0,0
BRDA:201,34,1,0
BRDA:203,35,0,0
BRDA:203,35,1,0
BRDA:203,36,0,0
BRDA:203,36,1,0
BRDA:206,37,0,0
BRDA:206,37,1,0
BRDA:216,38,0,0
BRDA:216,38,1,0
BRDA:221,39,0,0
BRDA:221,39,1,0
BRDA:227,40,0,0
BRDA:227,40,1,0
BRDA:242,41,0,0
BRDA:242,41,1,0
BRDA:249,42,0,0
BRDA:249,42,1,0
BRDA:263,43,0,0
BRDA:263,43,1,0
BRDA:267,44,0,0
BRDA:267,44,1,0
BRDA:278,45,0,0
BRDA:278,45,1,0
BRDA:281,46,0,0
BRDA:281,46,1,0
BRDA:281,47,0,0
BRDA:281,47,1,0
BRDA:289,48,0,0
BRDA:289,48,1,0
BRDA:293,49,0,0
BRDA:293,49,1,0
BRDA:300,50,0,0
BRDA:300,50,1,0
BRDA:301,51,0,0
BRDA:301,51,1,0
BRDA:302,52,0,0
BRDA:302,52,1,0
BRDA:303,53,0,0
BRDA:303,53,1,0
BRDA:309,54,0,0
BRDA:309,54,1,0
BRDA:310,55,0,0
BRDA:310,55,1,0
BRDA:314,56,0,0
BRDA:314,56,1,0
BRDA:315,57,0,0
BRDA:315,57,1,0
BRDA:334,58,0,0
BRDA:334,58,1,0
BRDA:336,59,0,0
BRDA:336,59,1,0
BRDA:343,60,0,0
BRDA:343,60,1,0
BRDA:358,61,0,0
BRDA:358,61,1,0
BRDA:360,62,0,0
BRDA:360,62,1,0
BRDA:360,63,0,0
BRDA:360,63,1,0
BRDA:363,64,0,0
BRDA:363,64,1,0
BRDA:366,65,0,0
BRDA:366,65,1,0
BRDA:372,66,0,0
BRDA:372,66,1,0
BRDA:377,67,0,0
BRDA:377,67,1,0
BRDA:378,68,0,0
BRDA:378,68,1,0
BRDA:385,69,0,0
BRDA:385,69,1,0
BRDA:386,70,0,0
BRDA:386,70,1,0
BRF:141
BRH:0
end_of_record
TN:
SF:/Users/stu-adrien/Documents/start-to-xxx/spm_dev/cli/lib/owner.js
FN:87,(anonymous_1)
FNF:1
FNH:0
FNDA:0,(anonymous_1)
DA:1,1
DA:2,1
DA:3,1
DA:6,1
DA:7,0
DA:8,0
DA:13,0
DA:14,0
DA:15,0
DA:16,0
DA:17,0
DA:18,0
DA:19,0
DA:20,0
DA:21,0
DA:23,0
DA:24,0
DA:25,0
DA:26,0
DA:28,0
DA:29,0
DA:31,0
DA:40,0
DA:42,0
DA:51,0
DA:53,0
DA:57,0
DA:59,0
DA:60,0
DA:62,0
DA:63,0
DA:64,0
DA:65,0
DA:66,0
DA:67,0
DA:69,0
DA:70,0
DA:72,0
DA:73,0
DA:75,0
DA:76,0
DA:77,0
DA:78,0
DA:79,0
DA:81,0
DA:83,0
DA:88,0
LF:47
LH:4
BRDA:14,1,0,0
BRDA:14,1,1,0
BRDA:16,2,0,0
BRDA:16,2,1,0
BRDA:16,3,0,0
BRDA:16,3,1,0
BRDA:18,4,0,0
BRDA:18,4,1,0
BRDA:18,5,0,0
BRDA:18,5,1,0
BRDA:20,6,0,0
BRDA:20,6,1,0
BRDA:20,7,0,0
BRDA:20,7,1,0
BRDA:24,8,0,0
BRDA:24,8,1,0
BRDA:26,9,0,0
BRDA:26,9,1,0
BRDA:29,10,0,0
BRDA:29,10,1,0
BRDA:29,10,2,0
BRDA:29,10,3,0
BRDA:63,11,0,0
BRDA:63,11,1,0
BRDA:65,12,0,0
BRDA:65,12,1,0
BRDA:66,13,0,0
BRDA:66,13,1,0
BRDA:67,14,0,0
BRDA:67,14,1,0
BRDA:67,14,2,0
BRDA:67,14,3,0
BRF:32
BRH:0
end_of_record
TN:
SF:/Users/stu-adrien/Documents/start-to-xxx/spm_dev/cli/lib/search.js
FN:68,(anonymous_1)
FNF:1
FNH:0
FNDA:0,(anonymous_1)
DA:1,1
DA:2,1
DA:3,1
DA:4,1
DA:7,1
DA:8,0
DA:9,0
DA:17,0
DA:18,0
DA:19,0
DA:20,0
DA:24,0
DA:25,0
DA:26,0
DA:27,0
DA:28,0
DA:29,0
DA:30,0
DA:36,0
DA:37,0
DA:38,0
DA:39,0
DA:41,0
DA:42,0
DA:43,0
DA:44,0
DA:45,0
DA:46,0
DA:47,0
DA:48,0
DA:49,0
DA:50,0
DA:52,0
DA:53,0
DA:54,0
DA:56,0
DA:58,0
DA:59,0
DA:60,0
DA:61,0
DA:62,0
DA:63,0
DA:64,0
LF:43
LH:5
BRDA:24,1,0,0
BRDA:24,1,1,0
BRDA:26,2,0,0
BRDA:26,2,1,0
BRDA:27,3,0,0
BRDA:27,3,1,0
BRDA:37,4,0,0
BRDA:37,4,1,0
BRDA:63,5,0,0
BRDA:63,5,1,0
BRF:10
BRH:0
end_of_record
TN:
SF:/Users/stu-adrien/Documents/start-to-xxx/spm_dev/cli/lib/unpublish.js
FN:55,(anonymous_1)
FNF:1
FNH:0
FNDA:0,(anonymous_1)
DA:1,1
DA:2,1
DA:3,1
DA:4,1
DA:5,1
DA:6,1
DA:9,1
DA:10,0
DA:11,0
DA:17,0
DA:18,0
DA:19,0
DA:20,0
DA:21,0
DA:28,0
DA:29,0
DA:30,0
DA:32,0
DA:39,0
DA:40,0
DA:41,0
DA:42,0
DA:43,0
DA:45,0
DA:46,0
DA:51,0
LF:26
LH:7
BRDA:17,1,0,0
BRDA:17,1,1,0
BRDA:18,2,0,0
BRDA:18,2,1,0
BRDA:19,3,0,0
BRDA:19,3,1,0
BRDA:20,4,0,0
BRDA:20,4,1,0
BRDA:20,5,0,0
BRDA:20,5,1,0
BRDA:28,6,0,0
BRDA:28,6,1,0
BRDA:29,7,0,0
BRDA:29,7,1,0
BRDA:37,8,0,0
BRDA:37,8,1,0
BRDA:39,9,0,0
BRDA:39,9,1,0
BRDA:40,10,0,0
BRDA:40,10,1,0
BRDA:42,11,0,0
BRDA:42,11,1,0
BRF:22
BRH:0
end_of_record
TN:
SF:/Users/stu-adrien/Documents/start-to-xxx/spm_dev/cli/lib/use.js
FN:555,(anonymous_1)
FNF:1
FNH:0
FNDA:0,(anonymous_1)
DA:2,1
DA:3,1
DA:4,1
DA:5,1
DA:6,1
DA:7,1
DA:8,1
DA:9,1
DA:10,1
DA:13,1
DA:14,0
DA:15,0
DA:16,0
DA:17,0
DA:18,0
DA:19,0
DA:20,0
DA:24,0
DA:28,1
DA:29,0
DA:30,0
DA:31,0
DA:32,0
DA:33,0
DA:36,0
DA:37,0
DA:42,1
DA:43,0
DA:44,0
DA:45,0
DA:46,0
DA:47,0
DA:48,0
DA:49,0
DA:51,0
DA:53,0
DA:54,0
DA:57,0
DA:58,0
DA:61,0
DA:63,0
DA:64,0
DA:65,0
DA:73,1
DA:74,0
DA:75,0
DA:76,0
DA:83,0
DA:85,0
DA:92,1
DA:93,0
DA:94,0
DA:95,0
DA:96,0
DA:97,0
DA:98,0
DA:99,0
DA:101,0
DA:102,0
DA:103,0
DA:104,0
DA:105,0
DA:106,0
DA:107,0
DA:109,0
DA:112,0
DA:114,0
DA:115,0
DA:124,1
DA:125,0
DA:126,0
DA:127,0
DA:128,0
DA:129,0
DA:130,0
DA:131,0
DA:132,0
DA:134,0
DA:135,0
DA:136,0
DA:137,0
DA:138,0
DA:140,0
DA:141,0
DA:142,0
DA:143,0
DA:144,0
DA:145,0
DA:146,0
DA:147,0
DA:153,0
DA:155,0
DA:156,0
DA:157,0
DA:158,0
DA:159,0
DA:160,0
DA:161,0
DA:162,0
DA:163,0
DA:164,0
DA:166,0
DA:168,0
DA:169,0
DA:170,0
DA:174,0
DA:182,1
DA:183,0
DA:184,0
DA:185,0
DA:186,0
DA:187,0
DA:189,0
DA:191,0
DA:197,1
DA:198,0
DA:199,0
DA:200,0
DA:201,0
DA:202,0
DA:203,0
DA:206,0
DA:208,0
DA:209,0
DA:210,0
DA:211,0
DA:212,0
DA:214,0
DA:215,0
DA:216,0
DA:218,0
DA:219,0
DA:221,0
DA:225,0
DA:226,0
DA:227,0
DA:228,0
DA:229,0
DA:230,0
DA:232,0
DA:233,0
DA:234,0
DA:236,0
DA:237,0
DA:238,0
DA:243,0
DA:244,0
DA:245,0
DA:246,0
DA:247,0
DA:248,0
DA:249,0
DA:256,0
DA:259,0
DA:261,0
DA:262,0
DA:264,0
DA:268,0
DA:271,0
DA:279,1
DA:280,0
DA:281,0
DA:282,0
DA:283,0
DA:284,0
DA:285,0
DA:286,0
DA:287,0
DA:288,0
DA:289,0
DA:291,0
DA:292,0
DA:293,0
DA:295,0
DA:298,0
DA:299,0
DA:302,0
DA:304,0
DA:305,0
DA:306,0
DA:308,0
DA:317,1
DA:318,0
DA:319,0
DA:320,0
DA:321,0
DA:322,0
DA:323,0
DA:324,0
DA:326,0
DA:327,0
DA:328,0
DA:333,1
DA:334,0
DA:335,0
DA:336,0
DA:337,0
DA:338,0
DA:339,0
DA:346,0
DA:349,0
DA:350,0
DA:351,0
DA:352,0
DA:353,0
DA:355,0
DA:357,0
DA:358,0
DA:359,0
DA:366,1
DA:367,0
DA:368,0
DA:369,0
DA:371,0
DA:372,0
DA:373,0
DA:374,0
DA:376,0
DA:377,0
DA:378,0
DA:379,0
DA:380,0
DA:381,0
DA:383,0
DA:386,0
DA:387,0
DA:389,0
DA:391,0
DA:393,0
DA:401,1
DA:402,0
DA:403,0
DA:404,0
DA:406,0
DA:407,0
DA:414,1
DA:415,0
DA:416,0
DA:417,0
DA:418,0
DA:419,0
DA:420,0
DA:421,0
DA:422,0
DA:423,0
DA:424,0
DA:425,0
DA:428,0
DA:429,0
DA:430,0
DA:431,0
DA:432,0
DA:434,0
DA:435,0
DA:436,0
DA:437,0
DA:438,0
DA:439,0
DA:440,0
DA:441,0
DA:442,0
DA:445,0
DA:446,0
DA:447,0
DA:448,0
DA:449,0
DA:451,0
DA:452,0
DA:453,0
DA:454,0
DA:455,0
DA:456,0
DA:459,0
DA:460,0
DA:461,0
DA:462,0
DA:465,0
DA:472,1
DA:473,0
DA:474,0
DA:475,0
DA:476,0
DA:478,0
DA:479,0
DA:480,0
DA:482,0
DA:483,0
DA:484,0
DA:485,0
DA:487,0
DA:489,0
DA:490,0
DA:491,0
DA:493,0
DA:494,0
DA:496,0
DA:498,0
DA:499,0
DA:500,0
DA:501,0
DA:503,0
DA:504,0
DA:505,0
DA:506,0
DA:507,0
DA:509,0
DA:512,0
DA:515,0
DA:528,1
DA:529,0
DA:530,0
DA:542,0
DA:543,0
LF:313
LH:25
BRDA:19,1,0,0
BRDA:19,1,1,0
BRDA:30,2,0,0
BRDA:30,2,1,0
BRDA:30,3,0,0
BRDA:30,3,1,0
BRDA:32,4,0,0
BRDA:32,4,1,0
BRDA:32,5,0,0
BRDA:32,5,1,0
BRDA:33,6,0,0
BRDA:33,6,1,0
BRDA:33,7,0,0
BRDA:33,7,1,0
BRDA:43,8,0,0
BRDA:43,8,1,0
BRDA:45,9,0,0
BRDA:45,9,1,0
BRDA:46,10,0,0
BRDA:46,10,1,0
BRDA:48,11,0,0
BRDA:48,11,1,0
BRDA:53,12,0,0
BRDA:53,12,1,0
BRDA:53,13,0,0
BRDA:53,13,1,0
BRDA:53,13,2,0
BRDA:75,14,0,0
BRDA:75,14,1,0
BRDA:75,15,0,0
BRDA:75,15,1,0
BRDA:93,16,0,0
BRDA:93,16,1,0
BRDA:96,17,0,0
BRDA:96,17,1,0
BRDA:99,18,0,0
BRDA:99,18,1,0
BRDA:101,19,0,0
BRDA:101,19,1,0
BRDA:102,20,0,0
BRDA:102,20,1,0
BRDA:105,21,0,0
BRDA:105,21,1,0
BRDA:106,22,0,0
BRDA:106,22,1,0
BRDA:125,23,0,0
BRDA:125,23,1,0
BRDA:135,24,0,0
BRDA:135,24,1,0
BRDA:137,25,0,0
BRDA:137,25,1,0
BRDA:137,26,0,0
BRDA:137,26,1,0
BRDA:141,27,0,0
BRDA:141,27,1,0
BRDA:141,28,0,0
BRDA:141,28,1,0
BRDA:143,29,0,0
BRDA:143,29,1,0
BRDA:144,30,0,0
BRDA:144,30,1,0
BRDA:145,31,0,0
BRDA:145,31,1,0
BRDA:147,32,0,0
BRDA:147,32,1,0
BRDA:157,33,0,0
BRDA:157,33,1,0
BRDA:158,34,0,0
BRDA:158,34,1,0
BRDA:158,35,0,0
BRDA:158,35,1,0
BRDA:162,36,0,0
BRDA:162,36,1,0
BRDA:162,37,0,0
BRDA:162,37,1,0
BRDA:166,38,0,0
BRDA:166,38,1,0
BRDA:185,39,0,0
BRDA:185,39,1,0
BRDA:189,40,0,0
BRDA:189,40,1,0
BRDA:189,41,0,0
BRDA:189,41,1,0
BRDA:198,42,0,0
BRDA:198,42,1,0
BRDA:202,43,0,0
BRDA:202,43,1,0
BRDA:211,44,0,0
BRDA:211,44,1,0
BRDA:214,45,0,0
BRDA:214,45,1,0
BRDA:214,46,0,0
BRDA:214,46,1,0
BRDA:218,47,0,0
BRDA:218,47,1,0
BRDA:229,48,0,0
BRDA:229,48,1,0
BRDA:229,49,0,0
BRDA:229,49,1,0
BRDA:232,50,0,0
BRDA:232,50,1,0
BRDA:232,51,0,0
BRDA:232,51,1,0
BRDA:243,52,0,0
BRDA:243,52,1,0
BRDA:243,53,0,0
BRDA:243,53,1,0
BRDA:244,54,0,0
BRDA:244,54,1,0
BRDA:248,55,0,0
BRDA:248,55,1,0
BRDA:252,56,0,0
BRDA:252,56,1,0
BRDA:252,57,0,0
BRDA:252,57,1,0
BRDA:256,58,0,0
BRDA:256,58,1,0
BRDA:283,59,0,0
BRDA:283,59,1,0
BRDA:287,60,0,0
BRDA:287,60,1,0
BRDA:287,61,0,0
BRDA:287,61,1,0
BRDA:289,62,0,0
BRDA:289,62,1,0
BRDA:289,63,0,0
BRDA:289,63,1,0
BRDA:289,63,2,0
BRDA:292,64,0,0
BRDA:292,64,1,0
BRDA:295,65,0,0
BRDA:295,65,1,0
BRDA:295,66,0,0
BRDA:295,66,1,0
BRDA:295,66,2,0
BRDA:304,67,0,0
BRDA:304,67,1,0
BRDA:304,68,0,0
BRDA:304,68,1,0
BRDA:320,69,0,0
BRDA:320,69,1,0
BRDA:320,70,0,0
BRDA:320,70,1,0
BRDA:321,71,0,0
BRDA:321,71,1,0
BRDA:321,72,0,0
BRDA:321,72,1,0
BRDA:324,73,0,0
BRDA:324,73,1,0
BRDA:324,74,0,0
BRDA:324,74,1,0
BRDA:324,74,2,0
BRDA:328,75,0,0
BRDA:328,75,1,0
BRDA:334,76,0,0
BRDA:334,76,1,0
BRDA:346,77,0,0
BRDA:346,77,1,0
BRDA:349,78,0,0
BRDA:349,78,1,0
BRDA:350,79,0,0
BRDA:350,79,1,0
BRDA:367,80,0,0
BRDA:367,80,1,0
BRDA:369,81,0,0
BRDA:369,81,1,0
BRDA:369,82,0,0
BRDA:369,82,1,0
BRDA:374,83,0,0
BRDA:374,83,1,0
BRDA:378,84,0,0
BRDA:378,84,1,0
BRDA:380,85,0,0
BRDA:380,85,1,0
BRDA:402,86,0,0
BRDA:402,86,1,0
BRDA:406,87,0,0
BRDA:406,87,1,0
BRDA:415,88,0,0
BRDA:415,88,1,0
BRDA:429,89,0,0
BRDA:429,89,1,0
BRDA:429,90,0,0
BRDA:429,90,1,0
BRDA:431,91,0,0
BRDA:431,91,1,0
BRDA:439,92,0,0
BRDA:439,92,1,0
BRDA:441,93,0,0
BRDA:441,93,1,0
BRDA:445,94,0,0
BRDA:445,94,1,0
BRDA:446,95,0,0
BRDA:446,95,1,0
BRDA:446,96,0,0
BRDA:446,96,1,0
BRDA:448,97,0,0
BRDA:448,97,1,0
BRDA:454,98,0,0
BRDA:454,98,1,0
BRDA:455,99,0,0
BRDA:455,99,1,0
BRDA:460,100,0,0
BRDA:460,100,1,0
BRDA:461,101,0,0
BRDA:461,101,1,0
BRDA:473,102,0,0
BRDA:473,102,1,0
BRDA:475,103,0,0
BRDA:475,103,1,0
BRDA:478,104,0,0
BRDA:478,104,1,0
BRDA:499,105,0,0
BRDA:499,105,1,0
BRDA:500,106,0,0
BRDA:500,106,1,0
BRDA:503,107,0,0
BRDA:503,107,1,0
BRDA:504,108,0,0
BRDA:504,108,1,0
BRDA:504,109,0,0
BRDA:504,109,1,0
BRDA:506,110,0,0
BRDA:506,110,1,0
BRF:224
BRH:0
end_of_record
TN:
SF:/Users/stu-adrien/Documents/start-to-xxx/spm_dev/cli/lib/user.js
FN:59,(anonymous_1)
FNF:1
FNH:0
FNDA:0,(anonymous_1)
DA:1,1
DA:2,1
DA:5,1
DA:6,0
DA:7,0
DA:8,0
DA:15,0
DA:18,0
DA:24,1
DA:25,0
DA:26,0
DA:31,0
DA:33,0
DA:35,0
DA:38,0
DA:40,0
DA:43,0
DA:45,0
DA:48,0
DA:50,0
DA:53,0
DA:55,0
LF:22
LH:4
BRDA:7,1,0,0
BRDA:7,1,1,0
BRDA:7,2,0,0
BRDA:7,2,1,0
BRDA:33,3,0,0
BRDA:33,3,1,0
BRDA:33,3,2,0
BRDA:33,3,3,0
BRDA:33,3,4,0
BRF:9
BRH:0
end_of_record
TN:
SF:/Users/stu-adrien/Documents/start-to-xxx/spm_dev/cli/lib/version.js
FN:109,(anonymous_1)
FNF:1
FNH:0
FNDA:0,(anonymous_1)
DA:1,1
DA:2,1
DA:3,1
DA:4,1
DA:5,1
DA:6,1
DA:9,1
DA:10,0
DA:11,0
DA:12,0
DA:13,0
DA:14,0
DA:16,0
DA:17,0
DA:18,0
DA:19,0
DA:21,0
DA:23,0
DA:28,1
DA:29,0
DA:30,0
DA:31,0
DA:32,0
DA:33,0
DA:34,0
DA:35,0
DA:41,0
DA:45,0
DA:46,0
DA:50,0
DA:51,0
DA:58,1
DA:59,0
DA:60,0
DA:61,0
DA:62,0
DA:64,0
DA:65,0
DA:67,0
DA:68,0
DA:70,0
DA:71,0
DA:73,0
DA:75,0
DA:76,0
DA:77,0
DA:78,0
DA:79,0
DA:81,0
DA:82,0
DA:89,1
DA:90,0
DA:91,0
DA:98,0
DA:102,0
DA:104,0
DA:109,0
LF:57
LH:10
BRDA:10,1,0,0
BRDA:10,1,1,0
BRDA:13,2,0,0
BRDA:13,2,1,0
BRDA:17,3,0,0
BRDA:17,3,1,0
BRDA:29,4,0,0
BRDA:29,4,1,0
BRDA:32,5,0,0
BRDA:32,5,1,0
BRDA:34,6,0,0
BRDA:34,6,1,0
BRDA:41,7,0,0
BRDA:41,7,1,0
BRDA:59,8,0,0
BRDA:59,8,1,0
BRDA:62,9,0,0
BRDA:62,9,1,0
BRDA:62,9,2,0
BRDA:62,9,3,0
BRDA:98,10,0,0
BRDA:98,10,1,0
BRDA:98,11,0,0
BRDA:98,11,1,0
BRDA:98,11,2,0
BRDA:98,11,3,0
BRF:26
BRH:0
end_of_record
